Using pre-set license
Built from '2020.3/staging' branch; Version is '2020.3.10f1 (297d780c91bc) revision 2719096'; Using compiler version '192528614'; Build Type 'Release'
OS: 'Windows 10 Pro; OS build 19042.1052; Version 2009; 64bit' Language: 'ko' Physical Memory: 8150 MB
BatchMode: 1, IsHumanControllingUs: 0, StartBugReporterOnCrash: 0, Is64bit: 1, IsPro: 0

 COMMAND LINE ARGUMENTS:
C:\Program Files\Unity\Hub\Editor\2020.3.10f1\Editor\Unity.exe
-adb2
-batchMode
-noUpm
-name
AssetImportWorker1
-projectPath
C:/Users/admin/source/repos/Tunier/Class_Unity/21.06.16
-logFile
Logs/AssetImportWorker1.log
-srvPort
51884
Successfully changed project path to: C:/Users/admin/source/repos/Tunier/Class_Unity/21.06.16
C:/Users/admin/source/repos/Tunier/Class_Unity/21.06.16
Using Asset Import Pipeline V2.
Refreshing native plugins compatible for Editor in 304.91 ms, found 2 plugins.
Preloading 0 native plugins for Editor in 0.00 ms.
Initialize engine version: 2020.3.10f1 (297d780c91bc)
[Subsystems] Discovering subsystems at path C:/Program Files/Unity/Hub/Editor/2020.3.10f1/Editor/Data/Resources/UnitySubsystems
[Subsystems] Discovering subsystems at path C:/Users/admin/source/repos/Tunier/Class_Unity/21.06.16/Assets
GfxDevice: creating device client; threaded=0
Direct3D:
    Version:  Direct3D 11.0 [level 11.1]
    Renderer: NVIDIA GeForce GTX 1050 Ti (ID=0x1c82)
    Vendor:   
    VRAM:     4018 MB
    Driver:   27.21.14.6589
Initialize mono
Mono path[0] = 'C:/Program Files/Unity/Hub/Editor/2020.3.10f1/Editor/Data/Managed'
Mono path[1] = 'C:/Program Files/Unity/Hub/Editor/2020.3.10f1/Editor/Data/MonoBleedingEdge/lib/mono/unityjit'
Mono config path = 'C:/Program Files/Unity/Hub/Editor/2020.3.10f1/Editor/Data/MonoBleedingEdge/etc'
Using monoOptions --debugger-agent=transport=dt_socket,embedding=1,server=y,suspend=n,address=127.0.0.1:56056
Begin MonoManager ReloadAssembly
Registering precompiled unity dll's ...
Register platform support module: C:/Program Files/Unity/Hub/Editor/2020.3.10f1/Editor/Data/PlaybackEngines/WindowsStandaloneSupport/UnityEditor.WindowsStandalone.Extensions.dll
Registered in 0.001892 seconds.
Native extension for WindowsStandalone target not found
Refreshing native plugins compatible for Editor in 33.80 ms, found 2 plugins.
Preloading 0 native plugins for Editor in 0.00 ms.
Mono: successfully reloaded assembly
- Completed reload, in  5.550 seconds
Platform modules already initialized, skipping
Registering precompiled user dll's ...
Registered in 0.004780 seconds.
Begin MonoManager ReloadAssembly
Native extension for WindowsStandalone target not found
Refreshing native plugins compatible for Editor in 0.37 ms, found 2 plugins.
Preloading 0 native plugins for Editor in 0.00 ms.
Mono: successfully reloaded assembly
- Completed reload, in  1.077 seconds
Platform modules already initialized, skipping
========================================================================
Worker process is ready to serve import requests
Launched and connected shader compiler UnityShaderCompiler.exe after 0.06 seconds
Refreshing native plugins compatible for Editor in 0.38 ms, found 2 plugins.
Preloading 0 native plugins for Editor in 0.00 ms.
Unloading 1456 Unused Serialized files (Serialized files now loaded: 0)
System memory in use before: 71.6 MB.
System memory in use after: 71.7 MB.

Unloading 19 unused Assets to reduce memory usage. Loaded Objects now: 1894.
Total: 1.763600 ms (FindLiveObjects: 0.150800 ms CreateObjectMapping: 0.041600 ms MarkObjects: 1.466900 ms  DeleteObjects: 0.103500 ms)

========================================================================
Received Import Request.
  path: Assets/02. Scripts/StageScene/Player/PlayerSkillCtrl.cs
  artifactKey: Guid(f02b87d0a6513e443a51420379f15304) Importer(815301076,1909f56bfc062723c751e8b465ee728b)
Start importing Assets/02. Scripts/StageScene/Player/PlayerSkillCtrl.cs using Guid(f02b87d0a6513e443a51420379f15304) Importer(815301076,1909f56bfc062723c751e8b465ee728b)  -> (artifact id: 'c37a96438e3b69a3a528b2b0de956e8c') in 0.038268 seconds
  Import took 0.040933 seconds .

========================================================================
Received Import Request.
  Time since last request: 23.789298 seconds.
  path: Assets/03. prefabs/UI/FloatingText.prefab
  artifactKey: Guid(eaef8f030f723a442ae57e46c5e95027) Importer(815301076,1909f56bfc062723c751e8b465ee728b)
Start importing Assets/03. prefabs/UI/FloatingText.prefab using Guid(eaef8f030f723a442ae57e46c5e95027) Importer(815301076,1909f56bfc062723c751e8b465ee728b)  -> (artifact id: '04d1c5ae4c67ff31aab3a2f602d25efd') in 0.049567 seconds
  Import took 0.052341 seconds .

========================================================================
Received Import Request.
  Time since last request: 0.012998 seconds.
  path: Assets/03. prefabs/UI/FloatingText.prefab
  artifactKey: Guid(eaef8f030f723a442ae57e46c5e95027) Importer(815301076,1909f56bfc062723c751e8b465ee728b)
Start importing Assets/03. prefabs/UI/FloatingText.prefab using Guid(eaef8f030f723a442ae57e46c5e95027) Importer(815301076,1909f56bfc062723c751e8b465ee728b)  -> (artifact id: '04d1c5ae4c67ff31aab3a2f602d25efd') in 0.010674 seconds
  Import took 0.013495 seconds .

========================================================================
Received Prepare
Registering precompiled user dll's ...
Registered in 0.004351 seconds.
Begin MonoManager ReloadAssembly
Native extension for WindowsStandalone target not found
Refreshing native plugins compatible for Editor in 0.41 ms, found 2 plugins.
Preloading 0 native plugins for Editor in 0.00 ms.
Mono: successfully reloaded assembly
- Completed reload, in  1.018 seconds
Platform modules already initialized, skipping
Refreshing native plugins compatible for Editor in 0.44 ms, found 2 plugins.
Preloading 0 native plugins for Editor in 0.00 ms.
Unloading 1451 Unused Serialized files (Serialized files now loaded: 0)
System memory in use before: 71.6 MB.
System memory in use after: 71.7 MB.

Unloading 14 unused Assets to reduce memory usage. Loaded Objects now: 1896.
Total: 2.870600 ms (FindLiveObjects: 0.344100 ms CreateObjectMapping: 0.093600 ms MarkObjects: 2.323200 ms  DeleteObjects: 0.108300 ms)

========================================================================
Received Prepare
Registering precompiled user dll's ...
Registered in 0.003718 seconds.
Begin MonoManager ReloadAssembly
Native extension for WindowsStandalone target not found
Refreshing native plugins compatible for Editor in 0.35 ms, found 2 plugins.
Preloading 0 native plugins for Editor in 0.00 ms.
Mono: successfully reloaded assembly
- Completed reload, in  1.002 seconds
Platform modules already initialized, skipping
Refreshing native plugins compatible for Editor in 0.40 ms, found 2 plugins.
Preloading 0 native plugins for Editor in 0.00 ms.
Unloading 1451 Unused Serialized files (Serialized files now loaded: 0)
System memory in use before: 71.6 MB.
System memory in use after: 71.7 MB.

Unloading 14 unused Assets to reduce memory usage. Loaded Objects now: 1898.
Total: 1.691900 ms (FindLiveObjects: 0.142600 ms CreateObjectMapping: 0.049200 ms MarkObjects: 1.447300 ms  DeleteObjects: 0.052000 ms)

========================================================================
Received Prepare
Registering precompiled user dll's ...
Registered in 0.004797 seconds.
Begin MonoManager ReloadAssembly
Native extension for WindowsStandalone target not found
Refreshing native plugins compatible for Editor in 0.38 ms, found 2 plugins.
Preloading 0 native plugins for Editor in 0.00 ms.
Mono: successfully reloaded assembly
- Completed reload, in  1.216 seconds
Platform modules already initialized, skipping
Refreshing native plugins compatible for Editor in 0.38 ms, found 2 plugins.
Preloading 0 native plugins for Editor in 0.00 ms.
Unloading 1451 Unused Serialized files (Serialized files now loaded: 0)
System memory in use before: 71.6 MB.
System memory in use after: 71.7 MB.

Unloading 14 unused Assets to reduce memory usage. Loaded Objects now: 1900.
Total: 2.039700 ms (FindLiveObjects: 0.151700 ms CreateObjectMapping: 0.054500 ms MarkObjects: 1.779900 ms  DeleteObjects: 0.052100 ms)

========================================================================
Received Prepare
Registering precompiled user dll's ...
Registered in 0.004441 seconds.
Begin MonoManager ReloadAssembly
Native extension for WindowsStandalone target not found
Refreshing native plugins compatible for Editor in 0.36 ms, found 2 plugins.
Preloading 0 native plugins for Editor in 0.00 ms.
Mono: successfully reloaded assembly
- Completed reload, in  0.941 seconds
Platform modules already initialized, skipping
Refreshing native plugins compatible for Editor in 0.40 ms, found 2 plugins.
Preloading 0 native plugins for Editor in 0.00 ms.
Unloading 1451 Unused Serialized files (Serialized files now loaded: 0)
System memory in use before: 71.6 MB.
System memory in use after: 71.7 MB.

Unloading 14 unused Assets to reduce memory usage. Loaded Objects now: 1902.
Total: 1.852100 ms (FindLiveObjects: 0.138400 ms CreateObjectMapping: 0.045600 ms MarkObjects: 1.589900 ms  DeleteObjects: 0.077200 ms)

========================================================================
Received Prepare
Registering precompiled user dll's ...
Registered in 0.003928 seconds.
Begin MonoManager ReloadAssembly
Native extension for WindowsStandalone target not found
Refreshing native plugins compatible for Editor in 0.54 ms, found 2 plugins.
Preloading 0 native plugins for Editor in 0.00 ms.
Mono: successfully reloaded assembly
- Completed reload, in  0.973 seconds
Platform modules already initialized, skipping
Refreshing native plugins compatible for Editor in 0.41 ms, found 2 plugins.
Preloading 0 native plugins for Editor in 0.00 ms.
Unloading 1451 Unused Serialized files (Serialized files now loaded: 0)
System memory in use before: 71.7 MB.
System memory in use after: 71.7 MB.

Unloading 14 unused Assets to reduce memory usage. Loaded Objects now: 1904.
Total: 1.765800 ms (FindLiveObjects: 0.134000 ms CreateObjectMapping: 0.042900 ms MarkObjects: 1.537900 ms  DeleteObjects: 0.050100 ms)

========================================================================
Received Prepare
Registering precompiled user dll's ...
Registered in 0.003785 seconds.
Begin MonoManager ReloadAssembly
Native extension for WindowsStandalone target not found
Refreshing native plugins compatible for Editor in 0.47 ms, found 2 plugins.
Preloading 0 native plugins for Editor in 0.00 ms.
Mono: successfully reloaded assembly
- Completed reload, in  1.153 seconds
Platform modules already initialized, skipping
Refreshing native plugins compatible for Editor in 0.41 ms, found 2 plugins.
Preloading 0 native plugins for Editor in 0.00 ms.
Unloading 1451 Unused Serialized files (Serialized files now loaded: 0)
System memory in use before: 71.7 MB.
System memory in use after: 71.7 MB.

Unloading 14 unused Assets to reduce memory usage. Loaded Objects now: 1906.
Total: 1.764500 ms (FindLiveObjects: 0.139100 ms CreateObjectMapping: 0.046200 ms MarkObjects: 1.500100 ms  DeleteObjects: 0.078200 ms)

========================================================================
Received Prepare
Registering precompiled user dll's ...
Registered in 0.004591 seconds.
Begin MonoManager ReloadAssembly
Native extension for WindowsStandalone target not found
Refreshing native plugins compatible for Editor in 0.35 ms, found 2 plugins.
Preloading 0 native plugins for Editor in 0.00 ms.
Mono: successfully reloaded assembly
- Completed reload, in  1.018 seconds
Platform modules already initialized, skipping
Refreshing native plugins compatible for Editor in 0.39 ms, found 2 plugins.
Preloading 0 native plugins for Editor in 0.00 ms.
Unloading 1451 Unused Serialized files (Serialized files now loaded: 0)
System memory in use before: 71.7 MB.
System memory in use after: 71.7 MB.

Unloading 14 unused Assets to reduce memory usage. Loaded Objects now: 1908.
Total: 1.913600 ms (FindLiveObjects: 0.136700 ms CreateObjectMapping: 0.046000 ms MarkObjects: 1.630800 ms  DeleteObjects: 0.099000 ms)

========================================================================
Received Prepare
Registering precompiled user dll's ...
Registered in 0.121381 seconds.
Begin MonoManager ReloadAssembly
Native extension for WindowsStandalone target not found
Refreshing native plugins compatible for Editor in 0.34 ms, found 2 plugins.
Preloading 0 native plugins for Editor in 0.00 ms.
Mono: successfully reloaded assembly
- Completed reload, in  0.970 seconds
Platform modules already initialized, skipping
Refreshing native plugins compatible for Editor in 0.40 ms, found 2 plugins.
Preloading 0 native plugins for Editor in 0.00 ms.
Unloading 1451 Unused Serialized files (Serialized files now loaded: 0)
System memory in use before: 71.7 MB.
System memory in use after: 71.7 MB.

Unloading 14 unused Assets to reduce memory usage. Loaded Objects now: 1910.
Total: 1.838400 ms (FindLiveObjects: 0.161700 ms CreateObjectMapping: 0.047500 ms MarkObjects: 1.560600 ms  DeleteObjects: 0.067500 ms)

========================================================================
Received Prepare
Registering precompiled user dll's ...
Registered in 0.003692 seconds.
Begin MonoManager ReloadAssembly
Native extension for WindowsStandalone target not found
Refreshing native plugins compatible for Editor in 0.46 ms, found 2 plugins.
Preloading 0 native plugins for Editor in 0.00 ms.
Mono: successfully reloaded assembly
- Completed reload, in  0.954 seconds
Platform modules already initialized, skipping
Refreshing native plugins compatible for Editor in 0.43 ms, found 2 plugins.
Preloading 0 native plugins for Editor in 0.00 ms.
Unloading 1451 Unused Serialized files (Serialized files now loaded: 0)
System memory in use before: 71.7 MB.
System memory in use after: 71.8 MB.

Unloading 14 unused Assets to reduce memory usage. Loaded Objects now: 1912.
Total: 2.079800 ms (FindLiveObjects: 0.158600 ms CreateObjectMapping: 0.046500 ms MarkObjects: 1.819400 ms  DeleteObjects: 0.054200 ms)

========================================================================
Received Prepare
Registering precompiled user dll's ...
Registered in 0.009550 seconds.
Begin MonoManager ReloadAssembly
Native extension for WindowsStandalone target not found
Refreshing native plugins compatible for Editor in 0.47 ms, found 2 plugins.
Preloading 0 native plugins for Editor in 0.00 ms.
Mono: successfully reloaded assembly
- Completed reload, in  1.034 seconds
Platform modules already initialized, skipping
Refreshing native plugins compatible for Editor in 0.42 ms, found 2 plugins.
Preloading 0 native plugins for Editor in 0.00 ms.
Unloading 1451 Unused Serialized files (Serialized files now loaded: 0)
System memory in use before: 71.7 MB.
System memory in use after: 71.8 MB.

Unloading 14 unused Assets to reduce memory usage. Loaded Objects now: 1914.
Total: 1.850500 ms (FindLiveObjects: 0.154700 ms CreateObjectMapping: 0.049000 ms MarkObjects: 1.591500 ms  DeleteObjects: 0.054400 ms)

========================================================================
Received Prepare
Registering precompiled user dll's ...
Registered in 0.005005 seconds.
Begin MonoManager ReloadAssembly
Native extension for WindowsStandalone target not found
Refreshing native plugins compatible for Editor in 0.35 ms, found 2 plugins.
Preloading 0 native plugins for Editor in 0.00 ms.
Mono: successfully reloaded assembly
- Completed reload, in  1.240 seconds
Platform modules already initialized, skipping
Refreshing native plugins compatible for Editor in 0.40 ms, found 2 plugins.
Preloading 0 native plugins for Editor in 0.00 ms.
Unloading 1451 Unused Serialized files (Serialized files now loaded: 0)
System memory in use before: 71.7 MB.
System memory in use after: 71.8 MB.

Unloading 14 unused Assets to reduce memory usage. Loaded Objects now: 1916.
Total: 1.793700 ms (FindLiveObjects: 0.140500 ms CreateObjectMapping: 0.045200 ms MarkObjects: 1.528300 ms  DeleteObjects: 0.079000 ms)

========================================================================
Received Prepare
Registering precompiled user dll's ...
Registered in 0.007017 seconds.
Begin MonoManager ReloadAssembly
Native extension for WindowsStandalone target not found
Refreshing native plugins compatible for Editor in 0.36 ms, found 2 plugins.
Preloading 0 native plugins for Editor in 0.00 ms.
Mono: successfully reloaded assembly
- Completed reload, in  1.415 seconds
Platform modules already initialized, skipping
Refreshing native plugins compatible for Editor in 0.40 ms, found 2 plugins.
Preloading 0 native plugins for Editor in 0.00 ms.
Unloading 1451 Unused Serialized files (Serialized files now loaded: 0)
System memory in use before: 71.7 MB.
System memory in use after: 71.8 MB.

Unloading 14 unused Assets to reduce memory usage. Loaded Objects now: 1918.
Total: 1.938300 ms (FindLiveObjects: 0.155500 ms CreateObjectMapping: 0.047200 ms MarkObjects: 1.627500 ms  DeleteObjects: 0.107100 ms)

========================================================================
Received Prepare
Registering precompiled user dll's ...
Registered in 0.004689 seconds.
Begin MonoManager ReloadAssembly
Native extension for WindowsStandalone target not found
Refreshing native plugins compatible for Editor in 0.39 ms, found 2 plugins.
Preloading 0 native plugins for Editor in 0.00 ms.
Mono: successfully reloaded assembly
- Completed reload, in  1.170 seconds
Platform modules already initialized, skipping
Refreshing native plugins compatible for Editor in 0.41 ms, found 2 plugins.
Preloading 0 native plugins for Editor in 0.00 ms.
Unloading 1451 Unused Serialized files (Serialized files now loaded: 0)
System memory in use before: 71.7 MB.
System memory in use after: 71.8 MB.

Unloading 14 unused Assets to reduce memory usage. Loaded Objects now: 1920.
Total: 3.276900 ms (FindLiveObjects: 0.178400 ms CreateObjectMapping: 0.126600 ms MarkObjects: 2.886700 ms  DeleteObjects: 0.084100 ms)

========================================================================
Received Import Request.
  Time since last request: 2629.743259 seconds.
  path: Assets/Resources/UI/Simple Fantasy GUI/Font
  artifactKey: Guid(f4bbabd7252de3c40a0dd5c39698cf9c) Importer(815301076,1909f56bfc062723c751e8b465ee728b)
Start importing Assets/Resources/UI/Simple Fantasy GUI/Font using Guid(f4bbabd7252de3c40a0dd5c39698cf9c) Importer(815301076,1909f56bfc062723c751e8b465ee728b)  -> (artifact id: '0500fd82d72959b19a10a6a4b5f73b59') in 0.013780 seconds
  Import took 0.016977 seconds .

========================================================================
Received Import Request.
  Time since last request: 634.964857 seconds.
  path: Assets/02. Scripts/StageScene/UI/BarUI
  artifactKey: Guid(514d95b3cd40e2642a9a1fb9a765d7ea) Importer(815301076,1909f56bfc062723c751e8b465ee728b)
Start importing Assets/02. Scripts/StageScene/UI/BarUI using Guid(514d95b3cd40e2642a9a1fb9a765d7ea) Importer(815301076,1909f56bfc062723c751e8b465ee728b)  -> (artifact id: 'e2078ed52f8871e03660d526a1e02f3f') in 0.019097 seconds
  Import took 0.021826 seconds .

========================================================================
Received Prepare
Registering precompiled user dll's ...
Registered in 0.004035 seconds.
Begin MonoManager ReloadAssembly
Native extension for WindowsStandalone target not found
Refreshing native plugins compatible for Editor in 0.36 ms, found 2 plugins.
Preloading 0 native plugins for Editor in 0.00 ms.
Mono: successfully reloaded assembly
- Completed reload, in  1.264 seconds
Platform modules already initialized, skipping
Refreshing native plugins compatible for Editor in 0.39 ms, found 2 plugins.
Preloading 0 native plugins for Editor in 0.00 ms.
Unloading 1451 Unused Serialized files (Serialized files now loaded: 0)
System memory in use before: 71.7 MB.
System memory in use after: 71.8 MB.

Unloading 14 unused Assets to reduce memory usage. Loaded Objects now: 1922.
Total: 2.172000 ms (FindLiveObjects: 0.139100 ms CreateObjectMapping: 0.040200 ms MarkObjects: 1.937500 ms  DeleteObjects: 0.054100 ms)

========================================================================
Received Prepare
Registering precompiled user dll's ...
Registered in 0.003772 seconds.
Begin MonoManager ReloadAssembly
Native extension for WindowsStandalone target not found
Refreshing native plugins compatible for Editor in 0.38 ms, found 2 plugins.
Preloading 0 native plugins for Editor in 0.00 ms.
Mono: successfully reloaded assembly
- Completed reload, in  1.369 seconds
Platform modules already initialized, skipping
Refreshing native plugins compatible for Editor in 0.41 ms, found 2 plugins.
Preloading 0 native plugins for Editor in 0.00 ms.
Unloading 1451 Unused Serialized files (Serialized files now loaded: 0)
System memory in use before: 71.7 MB.
System memory in use after: 71.8 MB.

Unloading 14 unused Assets to reduce memory usage. Loaded Objects now: 1924.
Total: 1.798100 ms (FindLiveObjects: 0.139500 ms CreateObjectMapping: 0.045100 ms MarkObjects: 1.520500 ms  DeleteObjects: 0.092000 ms)

========================================================================
Received Prepare
Registering precompiled user dll's ...
Registered in 0.004453 seconds.
Begin MonoManager ReloadAssembly
Native extension for WindowsStandalone target not found
Refreshing native plugins compatible for Editor in 0.36 ms, found 2 plugins.
Preloading 0 native plugins for Editor in 0.00 ms.
Mono: successfully reloaded assembly
- Completed reload, in  1.284 seconds
Platform modules already initialized, skipping
Refreshing native plugins compatible for Editor in 0.40 ms, found 2 plugins.
Preloading 0 native plugins for Editor in 0.00 ms.
Unloading 1451 Unused Serialized files (Serialized files now loaded: 0)
System memory in use before: 71.7 MB.
System memory in use after: 71.8 MB.

Unloading 14 unused Assets to reduce memory usage. Loaded Objects now: 1926.
Total: 1.943700 ms (FindLiveObjects: 0.144200 ms CreateObjectMapping: 0.046900 ms MarkObjects: 1.670000 ms  DeleteObjects: 0.081400 ms)

========================================================================
Received Import Request.
  Time since last request: 99.967391 seconds.
  path: Assets/02. Scripts/StageScene/UI/SkillSlot.cs
  artifactKey: Guid(897b2898d50b1d4478cdedc95d07a1ff) Importer(815301076,1909f56bfc062723c751e8b465ee728b)
Start importing Assets/02. Scripts/StageScene/UI/SkillSlot.cs using Guid(897b2898d50b1d4478cdedc95d07a1ff) Importer(815301076,1909f56bfc062723c751e8b465ee728b)  -> (artifact id: '59f803284e3f5b548437f202ddf7af4a') in 0.042338 seconds
  Import took 0.046540 seconds .

========================================================================
Received Prepare
Registering precompiled user dll's ...
Registered in 0.003882 seconds.
Begin MonoManager ReloadAssembly
Native extension for WindowsStandalone target not found
Refreshing native plugins compatible for Editor in 0.36 ms, found 2 plugins.
Preloading 0 native plugins for Editor in 0.00 ms.
Mono: successfully reloaded assembly
- Completed reload, in  1.588 seconds
Platform modules already initialized, skipping
Refreshing native plugins compatible for Editor in 0.45 ms, found 2 plugins.
Preloading 0 native plugins for Editor in 0.00 ms.
Unloading 1452 Unused Serialized files (Serialized files now loaded: 0)
System memory in use before: 71.8 MB.
System memory in use after: 71.8 MB.

Unloading 14 unused Assets to reduce memory usage. Loaded Objects now: 1929.
Total: 1.811100 ms (FindLiveObjects: 0.152300 ms CreateObjectMapping: 0.045200 ms MarkObjects: 1.542100 ms  DeleteObjects: 0.070600 ms)

========================================================================
Received Import Request.
  Time since last request: 16.039964 seconds.
  path: Assets/02. Scripts/StageScene/UI/SkillSlot.cs
  artifactKey: Guid(897b2898d50b1d4478cdedc95d07a1ff) Importer(815301076,1909f56bfc062723c751e8b465ee728b)
Start importing Assets/02. Scripts/StageScene/UI/SkillSlot.cs using Guid(897b2898d50b1d4478cdedc95d07a1ff) Importer(815301076,1909f56bfc062723c751e8b465ee728b)  -> (artifact id: '9d7318c1daaf7f9a3db0e93edcdef6a8') in 0.019990 seconds
  Import took 0.023062 seconds .

========================================================================
Received Prepare
Registering precompiled user dll's ...
Registered in 0.003942 seconds.
Begin MonoManager ReloadAssembly
Native extension for WindowsStandalone target not found
Refreshing native plugins compatible for Editor in 0.35 ms, found 2 plugins.
Preloading 0 native plugins for Editor in 0.00 ms.
Mono: successfully reloaded assembly
- Completed reload, in  1.008 seconds
Platform modules already initialized, skipping
Refreshing native plugins compatible for Editor in 0.40 ms, found 2 plugins.
Preloading 0 native plugins for Editor in 0.00 ms.
Unloading 1452 Unused Serialized files (Serialized files now loaded: 0)
System memory in use before: 71.8 MB.
System memory in use after: 71.8 MB.

Unloading 14 unused Assets to reduce memory usage. Loaded Objects now: 1931.
Total: 2.231600 ms (FindLiveObjects: 0.144200 ms CreateObjectMapping: 0.046600 ms MarkObjects: 1.956900 ms  DeleteObjects: 0.082900 ms)

========================================================================
Received Import Request.
  Time since last request: 17.136794 seconds.
  path: Assets/02. Scripts/StageScene/Item.cs
  artifactKey: Guid(4efff0110e0064044a1e6f1aaa085cb2) Importer(815301076,1909f56bfc062723c751e8b465ee728b)
Start importing Assets/02. Scripts/StageScene/Item.cs using Guid(4efff0110e0064044a1e6f1aaa085cb2) Importer(815301076,1909f56bfc062723c751e8b465ee728b)  -> (artifact id: '30c49632143fac39da00543f0ecbc2c1') in 0.012617 seconds
  Import took 0.015364 seconds .

========================================================================
Received Import Request.
  Time since last request: 0.024717 seconds.
  path: Assets/02. Scripts/StageScene/Item.cs
  artifactKey: Guid(4efff0110e0064044a1e6f1aaa085cb2) Importer(815301076,1909f56bfc062723c751e8b465ee728b)
Start importing Assets/02. Scripts/StageScene/Item.cs using Guid(4efff0110e0064044a1e6f1aaa085cb2) Importer(815301076,1909f56bfc062723c751e8b465ee728b)  -> (artifact id: '30c49632143fac39da00543f0ecbc2c1') in 0.008740 seconds
  Import took 0.011400 seconds .

========================================================================
Received Import Request.
  Time since last request: 13.106203 seconds.
  path: Assets/02. Scripts/StageScene/Skill.cs
  artifactKey: Guid(60dbb7636ce741b499fbf07d40201289) Importer(815301076,1909f56bfc062723c751e8b465ee728b)
Start importing Assets/02. Scripts/StageScene/Skill.cs using Guid(60dbb7636ce741b499fbf07d40201289) Importer(815301076,1909f56bfc062723c751e8b465ee728b)  -> (artifact id: 'e74c6e563b25484844a4794edc5a1072') in 0.020899 seconds
  Import took 0.026733 seconds .

========================================================================
Received Import Request.
  Time since last request: 0.000557 seconds.
  path: Assets/02. Scripts/StageScene/Skill.cs
  artifactKey: Guid(60dbb7636ce741b499fbf07d40201289) Importer(815301076,1909f56bfc062723c751e8b465ee728b)
Start importing Assets/02. Scripts/StageScene/Skill.cs using Guid(60dbb7636ce741b499fbf07d40201289) Importer(815301076,1909f56bfc062723c751e8b465ee728b)  -> (artifact id: 'e74c6e563b25484844a4794edc5a1072') in 0.028958 seconds
  Import took 0.033020 seconds .

========================================================================
Received Prepare
Registering precompiled user dll's ...
Registered in 0.006149 seconds.
Begin MonoManager ReloadAssembly
Native extension for WindowsStandalone target not found
Refreshing native plugins compatible for Editor in 0.39 ms, found 2 plugins.
Preloading 0 native plugins for Editor in 0.00 ms.
Mono: successfully reloaded assembly
- Completed reload, in  1.188 seconds
Platform modules already initialized, skipping
Refreshing native plugins compatible for Editor in 0.66 ms, found 2 plugins.
Preloading 0 native plugins for Editor in 0.00 ms.
Unloading 1453 Unused Serialized files (Serialized files now loaded: 0)
System memory in use before: 71.8 MB.
System memory in use after: 71.9 MB.

Unloading 14 unused Assets to reduce memory usage. Loaded Objects now: 1934.
Total: 9.827600 ms (FindLiveObjects: 7.842300 ms CreateObjectMapping: 0.071400 ms MarkObjects: 1.853400 ms  DeleteObjects: 0.058300 ms)

========================================================================
Received Import Request.
  Time since last request: 27.803039 seconds.
  path: Assets/02. Scripts/StageScene/Skill.cs
  artifactKey: Guid(60dbb7636ce741b499fbf07d40201289) Importer(815301076,1909f56bfc062723c751e8b465ee728b)
Start importing Assets/02. Scripts/StageScene/Skill.cs using Guid(60dbb7636ce741b499fbf07d40201289) Importer(815301076,1909f56bfc062723c751e8b465ee728b)  -> (artifact id: '9bac77ea80d0045a3218401ed0ab8cec') in 0.018241 seconds
  Import took 0.021234 seconds .

========================================================================
Received Prepare
Registering precompiled user dll's ...
Registered in 0.003888 seconds.
Begin MonoManager ReloadAssembly
Native extension for WindowsStandalone target not found
Refreshing native plugins compatible for Editor in 0.38 ms, found 2 plugins.
Preloading 0 native plugins for Editor in 0.00 ms.
Mono: successfully reloaded assembly
- Completed reload, in  1.027 seconds
Platform modules already initialized, skipping
Refreshing native plugins compatible for Editor in 0.39 ms, found 2 plugins.
Preloading 0 native plugins for Editor in 0.00 ms.
Unloading 1453 Unused Serialized files (Serialized files now loaded: 0)
System memory in use before: 71.8 MB.
System memory in use after: 71.9 MB.

Unloading 14 unused Assets to reduce memory usage. Loaded Objects now: 1936.
Total: 1.906400 ms (FindLiveObjects: 0.143800 ms CreateObjectMapping: 0.045500 ms MarkObjects: 1.667900 ms  DeleteObjects: 0.048100 ms)

========================================================================
Received Import Request.
  Time since last request: 19.045932 seconds.
  path: Assets/Resources/SkillInfo
  artifactKey: Guid(1429abf7a2e9af849be78fb16f651935) Importer(815301076,1909f56bfc062723c751e8b465ee728b)
Start importing Assets/Resources/SkillInfo using Guid(1429abf7a2e9af849be78fb16f651935) Importer(815301076,1909f56bfc062723c751e8b465ee728b)  -> (artifact id: '5b7e3658b8d285b842f34f7ed4769701') in 0.015688 seconds
  Import took 0.018454 seconds .

========================================================================
Received Import Request.
  Time since last request: 3.514943 seconds.
  path: Assets/Resources/Skill_Info
  artifactKey: Guid(1429abf7a2e9af849be78fb16f651935) Importer(815301076,1909f56bfc062723c751e8b465ee728b)
Start importing Assets/Resources/Skill_Info using Guid(1429abf7a2e9af849be78fb16f651935) Importer(815301076,1909f56bfc062723c751e8b465ee728b)  -> (artifact id: '3026bed94fe4f28aa8c8a95b0b965fe6') in 0.017387 seconds
  Import took 0.020039 seconds .

========================================================================
Received Prepare
Registering precompiled user dll's ...
Registered in 0.004033 seconds.
Begin MonoManager ReloadAssembly
Native extension for WindowsStandalone target not found
Refreshing native plugins compatible for Editor in 0.43 ms, found 2 plugins.
Preloading 0 native plugins for Editor in 0.00 ms.
Mono: successfully reloaded assembly
- Completed reload, in  1.172 seconds
Platform modules already initialized, skipping
Refreshing native plugins compatible for Editor in 0.69 ms, found 2 plugins.
Preloading 0 native plugins for Editor in 0.00 ms.
Unloading 1453 Unused Serialized files (Serialized files now loaded: 0)
System memory in use before: 71.8 MB.
System memory in use after: 71.9 MB.

Unloading 14 unused Assets to reduce memory usage. Loaded Objects now: 1938.
Total: 1.779800 ms (FindLiveObjects: 0.149600 ms CreateObjectMapping: 0.045300 ms MarkObjects: 1.532000 ms  DeleteObjects: 0.052000 ms)

========================================================================
Received Prepare
Registering precompiled user dll's ...
Registered in 0.010022 seconds.
Begin MonoManager ReloadAssembly
Native extension for WindowsStandalone target not found
Refreshing native plugins compatible for Editor in 0.35 ms, found 2 plugins.
Preloading 0 native plugins for Editor in 0.00 ms.
Mono: successfully reloaded assembly
- Completed reload, in  1.272 seconds
Platform modules already initialized, skipping
Refreshing native plugins compatible for Editor in 0.38 ms, found 2 plugins.
Preloading 0 native plugins for Editor in 0.00 ms.
Unloading 1453 Unused Serialized files (Serialized files now loaded: 0)
System memory in use before: 71.8 MB.
System memory in use after: 71.9 MB.

Unloading 14 unused Assets to reduce memory usage. Loaded Objects now: 1940.
Total: 1.737700 ms (FindLiveObjects: 0.146400 ms CreateObjectMapping: 0.047900 ms MarkObjects: 1.492500 ms  DeleteObjects: 0.049900 ms)

========================================================================
Received Prepare
Registering precompiled user dll's ...
Registered in 0.003838 seconds.
Begin MonoManager ReloadAssembly
Native extension for WindowsStandalone target not found
Refreshing native plugins compatible for Editor in 0.36 ms, found 2 plugins.
Preloading 0 native plugins for Editor in 0.00 ms.
Mono: successfully reloaded assembly
- Completed reload, in  1.104 seconds
Platform modules already initialized, skipping
Refreshing native plugins compatible for Editor in 0.41 ms, found 2 plugins.
Preloading 0 native plugins for Editor in 0.00 ms.
Unloading 1453 Unused Serialized files (Serialized files now loaded: 0)
System memory in use before: 71.8 MB.
System memory in use after: 71.9 MB.

Unloading 14 unused Assets to reduce memory usage. Loaded Objects now: 1942.
Total: 1.988000 ms (FindLiveObjects: 0.139100 ms CreateObjectMapping: 0.043000 ms MarkObjects: 1.709600 ms  DeleteObjects: 0.095600 ms)

========================================================================
Received Prepare
Registering precompiled user dll's ...
Registered in 0.006013 seconds.
Begin MonoManager ReloadAssembly
Native extension for WindowsStandalone target not found
Refreshing native plugins compatible for Editor in 0.37 ms, found 2 plugins.
Preloading 0 native plugins for Editor in 0.00 ms.
Mono: successfully reloaded assembly
- Completed reload, in  1.389 seconds
Platform modules already initialized, skipping
Refreshing native plugins compatible for Editor in 0.42 ms, found 2 plugins.
Preloading 0 native plugins for Editor in 0.00 ms.
Unloading 1453 Unused Serialized files (Serialized files now loaded: 0)
System memory in use before: 71.8 MB.
System memory in use after: 71.9 MB.

Unloading 14 unused Assets to reduce memory usage. Loaded Objects now: 1944.
Total: 1.941400 ms (FindLiveObjects: 0.147500 ms CreateObjectMapping: 0.044500 ms MarkObjects: 1.665100 ms  DeleteObjects: 0.083400 ms)

========================================================================
Received Prepare
Registering precompiled user dll's ...
Registered in 0.004024 seconds.
Begin MonoManager ReloadAssembly
Native extension for WindowsStandalone target not found
Refreshing native plugins compatible for Editor in 0.35 ms, found 2 plugins.
Preloading 0 native plugins for Editor in 0.00 ms.
Mono: successfully reloaded assembly
- Completed reload, in  1.117 seconds
Platform modules already initialized, skipping
Refreshing native plugins compatible for Editor in 0.40 ms, found 2 plugins.
Preloading 0 native plugins for Editor in 0.00 ms.
Unloading 1453 Unused Serialized files (Serialized files now loaded: 0)
System memory in use before: 71.8 MB.
System memory in use after: 71.9 MB.

Unloading 14 unused Assets to reduce memory usage. Loaded Objects now: 1946.
Total: 1.736800 ms (FindLiveObjects: 0.137500 ms CreateObjectMapping: 0.044200 ms MarkObjects: 1.475200 ms  DeleteObjects: 0.079200 ms)

========================================================================
Received Prepare
Registering precompiled user dll's ...
Registered in 0.006657 seconds.
Begin MonoManager ReloadAssembly
Native extension for WindowsStandalone target not found
Refreshing native plugins compatible for Editor in 0.42 ms, found 2 plugins.
Preloading 0 native plugins for Editor in 0.00 ms.
Mono: successfully reloaded assembly
- Completed reload, in  1.116 seconds
Platform modules already initialized, skipping
Refreshing native plugins compatible for Editor in 0.41 ms, found 2 plugins.
Preloading 0 native plugins for Editor in 0.00 ms.
Unloading 1453 Unused Serialized files (Serialized files now loaded: 0)
System memory in use before: 71.8 MB.
System memory in use after: 71.9 MB.

Unloading 14 unused Assets to reduce memory usage. Loaded Objects now: 1948.
Total: 2.150100 ms (FindLiveObjects: 0.174800 ms CreateObjectMapping: 0.051400 ms MarkObjects: 1.834600 ms  DeleteObjects: 0.088400 ms)

========================================================================
Received Import Request.
  Time since last request: 358.777517 seconds.
  path: Assets/Resources/Skill_Info/New Skill.asset
  artifactKey: Guid(101ecafe2ca2ab149a98533c8ae821fd) Importer(815301076,1909f56bfc062723c751e8b465ee728b)
Start importing Assets/Resources/Skill_Info/New Skill.asset using Guid(101ecafe2ca2ab149a98533c8ae821fd) Importer(815301076,1909f56bfc062723c751e8b465ee728b)  -> (artifact id: 'ba1b12fc5621caf44322f2dbcc6d2dff') in 0.374472 seconds
  Import took 0.377536 seconds .

========================================================================
Received Import Request.
  Time since last request: 15.216695 seconds.
  path: Assets/Resources/Skill_Info/ShockWave.asset
  artifactKey: Guid(101ecafe2ca2ab149a98533c8ae821fd) Importer(815301076,1909f56bfc062723c751e8b465ee728b)
Start importing Assets/Resources/Skill_Info/ShockWave.asset using Guid(101ecafe2ca2ab149a98533c8ae821fd) Importer(815301076,1909f56bfc062723c751e8b465ee728b)  -> (artifact id: 'eafad6bda130eee2b950d2e3191a6a3c') in 0.016378 seconds
  Import took 0.019152 seconds .

========================================================================
Received Prepare
Registering precompiled user dll's ...
Registered in 0.260510 seconds.
Begin MonoManager ReloadAssembly
Native extension for WindowsStandalone target not found
Refreshing native plugins compatible for Editor in 0.35 ms, found 2 plugins.
Preloading 0 native plugins for Editor in 0.00 ms.
Mono: successfully reloaded assembly
- Completed reload, in  1.027 seconds
Platform modules already initialized, skipping
Refreshing native plugins compatible for Editor in 0.39 ms, found 2 plugins.
Preloading 0 native plugins for Editor in 0.00 ms.
Unloading 1453 Unused Serialized files (Serialized files now loaded: 0)
System memory in use before: 71.8 MB.
System memory in use after: 71.9 MB.

Unloading 14 unused Assets to reduce memory usage. Loaded Objects now: 1950.
Total: 3.157800 ms (FindLiveObjects: 0.130700 ms CreateObjectMapping: 0.037700 ms MarkObjects: 2.886900 ms  DeleteObjects: 0.101100 ms)

========================================================================
Received Import Request.
  Time since last request: 1678.022729 seconds.
  path: Assets/03. prefabs/UI/FloatingText.prefab
  artifactKey: Guid(eaef8f030f723a442ae57e46c5e95027) Importer(815301076,1909f56bfc062723c751e8b465ee728b)
Start importing Assets/03. prefabs/UI/FloatingText.prefab using Guid(eaef8f030f723a442ae57e46c5e95027) Importer(815301076,1909f56bfc062723c751e8b465ee728b)  -> (artifact id: '8f833435ba1b5e19cd02df76671cc94f') in 0.074707 seconds
  Import took 0.077662 seconds .

========================================================================
Received Prepare
Registering precompiled user dll's ...
Registered in 0.003924 seconds.
Begin MonoManager ReloadAssembly
Native extension for WindowsStandalone target not found
Refreshing native plugins compatible for Editor in 0.44 ms, found 2 plugins.
Preloading 0 native plugins for Editor in 0.00 ms.
Mono: successfully reloaded assembly
- Completed reload, in  1.125 seconds
Platform modules already initialized, skipping
Refreshing native plugins compatible for Editor in 0.39 ms, found 2 plugins.
Preloading 0 native plugins for Editor in 0.00 ms.
Unloading 1453 Unused Serialized files (Serialized files now loaded: 0)
System memory in use before: 71.8 MB.
System memory in use after: 71.9 MB.

Unloading 14 unused Assets to reduce memory usage. Loaded Objects now: 1952.
Total: 2.150600 ms (FindLiveObjects: 0.139900 ms CreateObjectMapping: 0.043700 ms MarkObjects: 1.879600 ms  DeleteObjects: 0.086500 ms)

========================================================================
Received Import Request.
  Time since last request: 1040.545546 seconds.
  path: Assets/02. Scripts/StageScene/Skill.cs
  artifactKey: Guid(60dbb7636ce741b499fbf07d40201289) Importer(815301076,1909f56bfc062723c751e8b465ee728b)
Start importing Assets/02. Scripts/StageScene/Skill.cs using Guid(60dbb7636ce741b499fbf07d40201289) Importer(815301076,1909f56bfc062723c751e8b465ee728b)  -> (artifact id: '5bca0e1e58882baf51ba1ea1d4074ca0') in 0.012412 seconds
  Import took 0.015393 seconds .

========================================================================
Received Import Request.
  Time since last request: 0.025035 seconds.
  path: Assets/02. Scripts/StageScene/Skill.cs
  artifactKey: Guid(60dbb7636ce741b499fbf07d40201289) Importer(815301076,1909f56bfc062723c751e8b465ee728b)
Start importing Assets/02. Scripts/StageScene/Skill.cs using Guid(60dbb7636ce741b499fbf07d40201289) Importer(815301076,1909f56bfc062723c751e8b465ee728b)  -> (artifact id: '5bca0e1e58882baf51ba1ea1d4074ca0') in 0.008358 seconds
  Import took 0.011114 seconds .

========================================================================
Received Import Request.
  Time since last request: 9.080060 seconds.
  path: Assets/02. Scripts/StageScene/SkillEffectDatabase.cs
  artifactKey: Guid(dfd8847c81d42f948a3cd805b6fd18d9) Importer(815301076,1909f56bfc062723c751e8b465ee728b)
Start importing Assets/02. Scripts/StageScene/SkillEffectDatabase.cs using Guid(dfd8847c81d42f948a3cd805b6fd18d9) Importer(815301076,1909f56bfc062723c751e8b465ee728b)  -> (artifact id: 'ccec8c5644032b1cf4eb2ab550d5b7ff') in 0.021148 seconds
  Import took 0.024595 seconds .

========================================================================
Received Import Request.
  Time since last request: 0.005459 seconds.
  path: Assets/02. Scripts/StageScene/SkillEffectDatabase.cs
  artifactKey: Guid(dfd8847c81d42f948a3cd805b6fd18d9) Importer(815301076,1909f56bfc062723c751e8b465ee728b)
Start importing Assets/02. Scripts/StageScene/SkillEffectDatabase.cs using Guid(dfd8847c81d42f948a3cd805b6fd18d9) Importer(815301076,1909f56bfc062723c751e8b465ee728b)  -> (artifact id: 'ccec8c5644032b1cf4eb2ab550d5b7ff') in 0.029673 seconds
  Import took 0.033731 seconds .

========================================================================
Received Prepare
Registering precompiled user dll's ...
Registered in 0.003967 seconds.
Begin MonoManager ReloadAssembly
Native extension for WindowsStandalone target not found
Refreshing native plugins compatible for Editor in 0.47 ms, found 2 plugins.
Preloading 0 native plugins for Editor in 0.00 ms.
Mono: successfully reloaded assembly
- Completed reload, in  1.265 seconds
Platform modules already initialized, skipping
Refreshing native plugins compatible for Editor in 0.38 ms, found 2 plugins.
Preloading 0 native plugins for Editor in 0.00 ms.
Unloading 1454 Unused Serialized files (Serialized files now loaded: 0)
System memory in use before: 71.9 MB.
System memory in use after: 71.9 MB.

Unloading 14 unused Assets to reduce memory usage. Loaded Objects now: 1955.
Total: 7.973300 ms (FindLiveObjects: 0.161200 ms CreateObjectMapping: 0.052800 ms MarkObjects: 7.692900 ms  DeleteObjects: 0.064500 ms)

========================================================================
Received Import Request.
  Time since last request: 68.222182 seconds.
  path: Assets/02. Scripts/StageScene/SkillEffectDatabase.cs
  artifactKey: Guid(dfd8847c81d42f948a3cd805b6fd18d9) Importer(815301076,1909f56bfc062723c751e8b465ee728b)
Start importing Assets/02. Scripts/StageScene/SkillEffectDatabase.cs using Guid(dfd8847c81d42f948a3cd805b6fd18d9) Importer(815301076,1909f56bfc062723c751e8b465ee728b)  -> (artifact id: 'f7e8588ae67ecb8fa8ea0f41917859c1') in 0.017741 seconds
  Import took 0.021087 seconds .

========================================================================
Received Import Request.
  Time since last request: 34.299935 seconds.
  path: Assets/02. Scripts/StageScene/SkillEffectDatabase.cs
  artifactKey: Guid(dfd8847c81d42f948a3cd805b6fd18d9) Importer(815301076,1909f56bfc062723c751e8b465ee728b)
Start importing Assets/02. Scripts/StageScene/SkillEffectDatabase.cs using Guid(dfd8847c81d42f948a3cd805b6fd18d9) Importer(815301076,1909f56bfc062723c751e8b465ee728b)  -> (artifact id: '2167ff32212e69b2cbffa3b71cf8b983') in 0.012611 seconds
  Import took 0.015324 seconds .

========================================================================
Received Import Request.
  Time since last request: 27.873269 seconds.
  path: Assets/02. Scripts/StageScene/SkillEffectDatabase.cs
  artifactKey: Guid(dfd8847c81d42f948a3cd805b6fd18d9) Importer(815301076,1909f56bfc062723c751e8b465ee728b)
Start importing Assets/02. Scripts/StageScene/SkillEffectDatabase.cs using Guid(dfd8847c81d42f948a3cd805b6fd18d9) Importer(815301076,1909f56bfc062723c751e8b465ee728b)  -> (artifact id: '5e821ededb6cfeaf1ad3a211682542cf') in 0.014456 seconds
  Import took 0.018642 seconds .

========================================================================
Received Import Request.
  Time since last request: 8.978543 seconds.
  path: Assets/02. Scripts/StageScene/SkillEffectDatabase.cs
  artifactKey: Guid(dfd8847c81d42f948a3cd805b6fd18d9) Importer(815301076,1909f56bfc062723c751e8b465ee728b)
Start importing Assets/02. Scripts/StageScene/SkillEffectDatabase.cs using Guid(dfd8847c81d42f948a3cd805b6fd18d9) Importer(815301076,1909f56bfc062723c751e8b465ee728b)  -> (artifact id: 'fcee274c58c541db0e4fe990d105bd0d') in 0.022906 seconds
  Import took 0.025506 seconds .

========================================================================
Received Import Request.
  Time since last request: 16.086053 seconds.
  path: Assets/02. Scripts/StageScene/SkillEffectDatabase.cs
  artifactKey: Guid(dfd8847c81d42f948a3cd805b6fd18d9) Importer(815301076,1909f56bfc062723c751e8b465ee728b)
Start importing Assets/02. Scripts/StageScene/SkillEffectDatabase.cs using Guid(dfd8847c81d42f948a3cd805b6fd18d9) Importer(815301076,1909f56bfc062723c751e8b465ee728b)  -> (artifact id: 'fcfa1a22cdfaf8af7aad5b21116c74a1') in 0.010909 seconds
  Import took 0.013825 seconds .

========================================================================
Received Import Request.
  Time since last request: 17.147916 seconds.
  path: Assets/02. Scripts/StageScene/SkillEffectDatabase.cs
  artifactKey: Guid(dfd8847c81d42f948a3cd805b6fd18d9) Importer(815301076,1909f56bfc062723c751e8b465ee728b)
Start importing Assets/02. Scripts/StageScene/SkillEffectDatabase.cs using Guid(dfd8847c81d42f948a3cd805b6fd18d9) Importer(815301076,1909f56bfc062723c751e8b465ee728b)  -> (artifact id: '2c927dd4fdb7694c819723591c94fe75') in 0.011384 seconds
  Import took 0.014098 seconds .

========================================================================
Received Import Request.
  Time since last request: 242.346053 seconds.
  path: Assets/02. Scripts/StageScene/SkillEffectDatabase.cs
  artifactKey: Guid(dfd8847c81d42f948a3cd805b6fd18d9) Importer(815301076,1909f56bfc062723c751e8b465ee728b)
Start importing Assets/02. Scripts/StageScene/SkillEffectDatabase.cs using Guid(dfd8847c81d42f948a3cd805b6fd18d9) Importer(815301076,1909f56bfc062723c751e8b465ee728b)  -> (artifact id: '89022c8793a7197e5d2c4e631d037004') in 0.023593 seconds
  Import took 0.026836 seconds .

========================================================================
Received Import Request.
  Time since last request: 155.846981 seconds.
  path: Assets/02. Scripts/StageScene/SkillEffectDatabase.cs
  artifactKey: Guid(dfd8847c81d42f948a3cd805b6fd18d9) Importer(815301076,1909f56bfc062723c751e8b465ee728b)
Start importing Assets/02. Scripts/StageScene/SkillEffectDatabase.cs using Guid(dfd8847c81d42f948a3cd805b6fd18d9) Importer(815301076,1909f56bfc062723c751e8b465ee728b)  -> (artifact id: '890c50fd6c4c8b2abf7b635bfbc8ef27') in 0.015532 seconds
  Import took 0.018186 seconds .

========================================================================
Received Import Request.
  Time since last request: 44.629424 seconds.
  path: Assets/02. Scripts/StageScene/SkillEffectDatabase.cs
  artifactKey: Guid(dfd8847c81d42f948a3cd805b6fd18d9) Importer(815301076,1909f56bfc062723c751e8b465ee728b)
Start importing Assets/02. Scripts/StageScene/SkillEffectDatabase.cs using Guid(dfd8847c81d42f948a3cd805b6fd18d9) Importer(815301076,1909f56bfc062723c751e8b465ee728b)  -> (artifact id: '78c875161710567ebefd60ba33f3950e') in 0.011009 seconds
  Import took 0.013706 seconds .

========================================================================
Received Import Request.
  Time since last request: 13.042343 seconds.
  path: Assets/02. Scripts/StageScene/SkillEffectDatabase.cs
  artifactKey: Guid(dfd8847c81d42f948a3cd805b6fd18d9) Importer(815301076,1909f56bfc062723c751e8b465ee728b)
Start importing Assets/02. Scripts/StageScene/SkillEffectDatabase.cs using Guid(dfd8847c81d42f948a3cd805b6fd18d9) Importer(815301076,1909f56bfc062723c751e8b465ee728b)  -> (artifact id: 'c5abb769bf23e8c5384f69a3c0339259') in 0.011632 seconds
  Import took 0.014479 seconds .

========================================================================
Received Import Request.
  Time since last request: 19.382919 seconds.
  path: Assets/02. Scripts/StageScene/SkillEffectDatabase.cs
  artifactKey: Guid(dfd8847c81d42f948a3cd805b6fd18d9) Importer(815301076,1909f56bfc062723c751e8b465ee728b)
Start importing Assets/02. Scripts/StageScene/SkillEffectDatabase.cs using Guid(dfd8847c81d42f948a3cd805b6fd18d9) Importer(815301076,1909f56bfc062723c751e8b465ee728b)  -> (artifact id: '3285cab65f9de2c4bbde198595966b49') in 0.014447 seconds
  Import took 0.017669 seconds .

========================================================================
Received Import Request.
  Time since last request: 301.595156 seconds.
  path: Assets/02. Scripts/StageScene/SkillEffectDatabase.cs
  artifactKey: Guid(dfd8847c81d42f948a3cd805b6fd18d9) Importer(815301076,1909f56bfc062723c751e8b465ee728b)
Start importing Assets/02. Scripts/StageScene/SkillEffectDatabase.cs using Guid(dfd8847c81d42f948a3cd805b6fd18d9) Importer(815301076,1909f56bfc062723c751e8b465ee728b)  -> (artifact id: '76d4640d95bcf1ad70009e54d879bd52') in 0.009425 seconds
  Import took 0.013230 seconds .

========================================================================
Received Import Request.
  Time since last request: 170.731825 seconds.
  path: Assets/02. Scripts/StageScene/SkillEffectDatabase.cs
  artifactKey: Guid(dfd8847c81d42f948a3cd805b6fd18d9) Importer(815301076,1909f56bfc062723c751e8b465ee728b)
Start importing Assets/02. Scripts/StageScene/SkillEffectDatabase.cs using Guid(dfd8847c81d42f948a3cd805b6fd18d9) Importer(815301076,1909f56bfc062723c751e8b465ee728b)  -> (artifact id: 'aad254738316c61442d7d683f385e9db') in 0.020449 seconds
  Import took 0.023570 seconds .

========================================================================
Received Import Request.
  Time since last request: 42.268477 seconds.
  path: Assets/02. Scripts/StageScene/SkillEffectDatabase.cs
  artifactKey: Guid(dfd8847c81d42f948a3cd805b6fd18d9) Importer(815301076,1909f56bfc062723c751e8b465ee728b)
Start importing Assets/02. Scripts/StageScene/SkillEffectDatabase.cs using Guid(dfd8847c81d42f948a3cd805b6fd18d9) Importer(815301076,1909f56bfc062723c751e8b465ee728b)  -> (artifact id: '95824e398b7eac0c8752550e376b546a') in 0.015612 seconds
  Import took 0.018221 seconds .

========================================================================
Received Import Request.
  Time since last request: 32.217183 seconds.
  path: Assets/02. Scripts/StageScene/SkillEffectDatabase.cs
  artifactKey: Guid(dfd8847c81d42f948a3cd805b6fd18d9) Importer(815301076,1909f56bfc062723c751e8b465ee728b)
Start importing Assets/02. Scripts/StageScene/SkillEffectDatabase.cs using Guid(dfd8847c81d42f948a3cd805b6fd18d9) Importer(815301076,1909f56bfc062723c751e8b465ee728b)  -> (artifact id: 'd6ac8f60fc75af0c05dcf1a79ff41d22') in 0.015396 seconds
  Import took 0.018582 seconds .

========================================================================
Received Import Request.
  Time since last request: 19.184852 seconds.
  path: Assets/02. Scripts/StageScene/SkillEffectDatabase.cs
  artifactKey: Guid(dfd8847c81d42f948a3cd805b6fd18d9) Importer(815301076,1909f56bfc062723c751e8b465ee728b)
Start importing Assets/02. Scripts/StageScene/SkillEffectDatabase.cs using Guid(dfd8847c81d42f948a3cd805b6fd18d9) Importer(815301076,1909f56bfc062723c751e8b465ee728b)  -> (artifact id: '804779dd19bdc2a8eed2dd1e35713f81') in 0.011348 seconds
  Import took 0.014067 seconds .

========================================================================
Received Import Request.
  Time since last request: 33.529531 seconds.
  path: Assets/02. Scripts/StageScene/SkillEffectDatabase.cs
  artifactKey: Guid(dfd8847c81d42f948a3cd805b6fd18d9) Importer(815301076,1909f56bfc062723c751e8b465ee728b)
Start importing Assets/02. Scripts/StageScene/SkillEffectDatabase.cs using Guid(dfd8847c81d42f948a3cd805b6fd18d9) Importer(815301076,1909f56bfc062723c751e8b465ee728b)  -> (artifact id: '1b05bfa336ed62c3b73ebb0d2a1c89f9') in 0.022703 seconds
  Import took 0.025770 seconds .

========================================================================
Received Prepare
Registering precompiled user dll's ...
Registered in 0.004249 seconds.
Begin MonoManager ReloadAssembly
Native extension for WindowsStandalone target not found
Refreshing native plugins compatible for Editor in 0.36 ms, found 2 plugins.
Preloading 0 native plugins for Editor in 0.00 ms.
Mono: successfully reloaded assembly
- Completed reload, in  1.081 seconds
Platform modules already initialized, skipping
Refreshing native plugins compatible for Editor in 0.40 ms, found 2 plugins.
Preloading 0 native plugins for Editor in 0.00 ms.
Unloading 1454 Unused Serialized files (Serialized files now loaded: 0)
System memory in use before: 71.9 MB.
System memory in use after: 72.0 MB.

Unloading 14 unused Assets to reduce memory usage. Loaded Objects now: 1957.
Total: 2.250900 ms (FindLiveObjects: 0.138400 ms CreateObjectMapping: 0.042400 ms MarkObjects: 1.986100 ms  DeleteObjects: 0.083300 ms)

========================================================================
Received Import Request.
  Time since last request: 1113.337095 seconds.
  path: Assets/02. Scripts/StageScene/ItemMove.cs
  artifactKey: Guid(f4d06f2d39e73aa4bb95e35005eb8f95) Importer(815301076,1909f56bfc062723c751e8b465ee728b)
Start importing Assets/02. Scripts/StageScene/ItemMove.cs using Guid(f4d06f2d39e73aa4bb95e35005eb8f95) Importer(815301076,1909f56bfc062723c751e8b465ee728b)  -> (artifact id: '1cb215b754bb4b265b4968527ae34147') in 0.018495 seconds
  Import took 0.021729 seconds .

========================================================================
Received Import Request.
  Time since last request: 0.382816 seconds.
  path: Assets/02. Scripts/StageScene/ItemPickUp.cs
  artifactKey: Guid(e2e95cc7483289743a67a7fb3fffb606) Importer(815301076,1909f56bfc062723c751e8b465ee728b)
Start importing Assets/02. Scripts/StageScene/ItemPickUp.cs using Guid(e2e95cc7483289743a67a7fb3fffb606) Importer(815301076,1909f56bfc062723c751e8b465ee728b)  -> (artifact id: 'aa4ef81f568668740cb63696dd48348e') in 0.013138 seconds
  Import took 0.015716 seconds .

========================================================================
Received Import Request.
  Time since last request: 0.000909 seconds.
  path: Assets/02. Scripts/StageScene/ItemPickUp.cs
  artifactKey: Guid(e2e95cc7483289743a67a7fb3fffb606) Importer(815301076,1909f56bfc062723c751e8b465ee728b)
Start importing Assets/02. Scripts/StageScene/ItemPickUp.cs using Guid(e2e95cc7483289743a67a7fb3fffb606) Importer(815301076,1909f56bfc062723c751e8b465ee728b)  -> (artifact id: 'aa4ef81f568668740cb63696dd48348e') in 0.008822 seconds
  Import took 0.012699 seconds .

========================================================================
Received Import Request.
  Time since last request: 4.335667 seconds.
  path: Assets/02. Scripts/StageScene/UI/FloatingTextCtrl.cs
  artifactKey: Guid(35e9d3dcffb09fa4db72b86e8dadebdf) Importer(815301076,1909f56bfc062723c751e8b465ee728b)
Start importing Assets/02. Scripts/StageScene/UI/FloatingTextCtrl.cs using Guid(35e9d3dcffb09fa4db72b86e8dadebdf) Importer(815301076,1909f56bfc062723c751e8b465ee728b)  -> (artifact id: 'eda9048862dc32bf0fd3486492c2fbe4') in 0.013610 seconds
  Import took 0.016357 seconds .

========================================================================
Received Import Request.
  Time since last request: 0.004380 seconds.
  path: Assets/02. Scripts/StageScene/UI/FloatingTextCtrl.cs
  artifactKey: Guid(35e9d3dcffb09fa4db72b86e8dadebdf) Importer(815301076,1909f56bfc062723c751e8b465ee728b)
Start importing Assets/02. Scripts/StageScene/UI/FloatingTextCtrl.cs using Guid(35e9d3dcffb09fa4db72b86e8dadebdf) Importer(815301076,1909f56bfc062723c751e8b465ee728b)  -> (artifact id: 'eda9048862dc32bf0fd3486492c2fbe4') in 0.012759 seconds
  Import took 0.015658 seconds .

========================================================================
Received Import Request.
  Time since last request: 24.802823 seconds.
  path: Assets/02. Scripts/StageScene/UI/FloatingTextCtrl.cs
  artifactKey: Guid(35e9d3dcffb09fa4db72b86e8dadebdf) Importer(815301076,1909f56bfc062723c751e8b465ee728b)
Start importing Assets/02. Scripts/StageScene/UI/FloatingTextCtrl.cs using Guid(35e9d3dcffb09fa4db72b86e8dadebdf) Importer(815301076,1909f56bfc062723c751e8b465ee728b)  -> (artifact id: '414f0e77e7c6bace5d7d52c981c748a3') in 0.016235 seconds
  Import took 0.019005 seconds .

========================================================================
Received Import Request.
  Time since last request: 42.798905 seconds.
  path: Assets/02. Scripts/StageScene/UI/FloatingTextCtrl.cs
  artifactKey: Guid(35e9d3dcffb09fa4db72b86e8dadebdf) Importer(815301076,1909f56bfc062723c751e8b465ee728b)
Start importing Assets/02. Scripts/StageScene/UI/FloatingTextCtrl.cs using Guid(35e9d3dcffb09fa4db72b86e8dadebdf) Importer(815301076,1909f56bfc062723c751e8b465ee728b)  -> (artifact id: '8be3fd9700b1c0c44069384ce32f6a3a') in 0.008832 seconds
  Import took 0.011383 seconds .

========================================================================
Received Import Request.
  Time since last request: 19.286790 seconds.
  path: Assets/02. Scripts/StageScene/UI/FloatingTextCtrl.cs
  artifactKey: Guid(35e9d3dcffb09fa4db72b86e8dadebdf) Importer(815301076,1909f56bfc062723c751e8b465ee728b)
Start importing Assets/02. Scripts/StageScene/UI/FloatingTextCtrl.cs using Guid(35e9d3dcffb09fa4db72b86e8dadebdf) Importer(815301076,1909f56bfc062723c751e8b465ee728b)  -> (artifact id: '12de33db75a5692251477778df4eb1a1') in 0.015547 seconds
  Import took 0.018161 seconds .

========================================================================
Received Prepare
Registering precompiled user dll's ...
Registered in 0.007364 seconds.
Begin MonoManager ReloadAssembly
Native extension for WindowsStandalone target not found
Refreshing native plugins compatible for Editor in 0.52 ms, found 2 plugins.
Preloading 0 native plugins for Editor in 0.00 ms.
Mono: successfully reloaded assembly
- Completed reload, in  0.986 seconds
Platform modules already initialized, skipping
Refreshing native plugins compatible for Editor in 0.44 ms, found 2 plugins.
Preloading 0 native plugins for Editor in 0.00 ms.
Unloading 1454 Unused Serialized files (Serialized files now loaded: 0)
System memory in use before: 71.9 MB.
System memory in use after: 72.0 MB.

Unloading 14 unused Assets to reduce memory usage. Loaded Objects now: 1959.
Total: 98.137900 ms (FindLiveObjects: 0.154400 ms CreateObjectMapping: 0.043300 ms MarkObjects: 97.864700 ms  DeleteObjects: 0.074200 ms)

========================================================================
Received Prepare
Registering precompiled user dll's ...
Registered in 0.004361 seconds.
Begin MonoManager ReloadAssembly
Native extension for WindowsStandalone target not found
Refreshing native plugins compatible for Editor in 1.06 ms, found 2 plugins.
Preloading 0 native plugins for Editor in 0.00 ms.
Mono: successfully reloaded assembly
- Completed reload, in  1.339 seconds
Platform modules already initialized, skipping
Refreshing native plugins compatible for Editor in 0.40 ms, found 2 plugins.
Preloading 0 native plugins for Editor in 0.00 ms.
Unloading 1454 Unused Serialized files (Serialized files now loaded: 0)
System memory in use before: 71.9 MB.
System memory in use after: 72.0 MB.

Unloading 14 unused Assets to reduce memory usage. Loaded Objects now: 1961.
Total: 1.836200 ms (FindLiveObjects: 0.137500 ms CreateObjectMapping: 0.042800 ms MarkObjects: 1.569700 ms  DeleteObjects: 0.085500 ms)

========================================================================
Received Prepare
Registering precompiled user dll's ...
Registered in 0.003782 seconds.
Begin MonoManager ReloadAssembly
Native extension for WindowsStandalone target not found
Refreshing native plugins compatible for Editor in 0.40 ms, found 2 plugins.
Preloading 0 native plugins for Editor in 0.00 ms.
Mono: successfully reloaded assembly
- Completed reload, in  1.139 seconds
Platform modules already initialized, skipping
Refreshing native plugins compatible for Editor in 0.44 ms, found 2 plugins.
Preloading 0 native plugins for Editor in 0.00 ms.
Unloading 1454 Unused Serialized files (Serialized files now loaded: 0)
System memory in use before: 71.9 MB.
System memory in use after: 72.0 MB.

Unloading 14 unused Assets to reduce memory usage. Loaded Objects now: 1963.
Total: 2.309400 ms (FindLiveObjects: 0.152800 ms CreateObjectMapping: 0.043800 ms MarkObjects: 2.036100 ms  DeleteObjects: 0.075800 ms)

========================================================================
Received Prepare
Registering precompiled user dll's ...
Registered in 0.003908 seconds.
Begin MonoManager ReloadAssembly
Native extension for WindowsStandalone target not found
Refreshing native plugins compatible for Editor in 0.36 ms, found 2 plugins.
Preloading 0 native plugins for Editor in 0.00 ms.
Mono: successfully reloaded assembly
- Completed reload, in  1.028 seconds
Platform modules already initialized, skipping
Refreshing native plugins compatible for Editor in 0.62 ms, found 2 plugins.
Preloading 0 native plugins for Editor in 0.00 ms.
Unloading 1454 Unused Serialized files (Serialized files now loaded: 0)
System memory in use before: 71.9 MB.
System memory in use after: 72.0 MB.

Unloading 14 unused Assets to reduce memory usage. Loaded Objects now: 1965.
Total: 1.844700 ms (FindLiveObjects: 0.145100 ms CreateObjectMapping: 0.045700 ms MarkObjects: 1.572700 ms  DeleteObjects: 0.080400 ms)

========================================================================
Received Prepare
Registering precompiled user dll's ...
Registered in 0.004001 seconds.
Begin MonoManager ReloadAssembly
Native extension for WindowsStandalone target not found
Refreshing native plugins compatible for Editor in 0.36 ms, found 2 plugins.
Preloading 0 native plugins for Editor in 0.00 ms.
Mono: successfully reloaded assembly
- Completed reload, in  1.143 seconds
Platform modules already initialized, skipping
Refreshing native plugins compatible for Editor in 0.39 ms, found 2 plugins.
Preloading 0 native plugins for Editor in 0.00 ms.
Unloading 1454 Unused Serialized files (Serialized files now loaded: 0)
System memory in use before: 72.0 MB.
System memory in use after: 72.0 MB.

Unloading 14 unused Assets to reduce memory usage. Loaded Objects now: 1967.
Total: 2.022100 ms (FindLiveObjects: 0.136900 ms CreateObjectMapping: 0.044700 ms MarkObjects: 1.749100 ms  DeleteObjects: 0.090700 ms)

========================================================================
Received Prepare
Registering precompiled user dll's ...
Registered in 0.003776 seconds.
Begin MonoManager ReloadAssembly
Native extension for WindowsStandalone target not found
Refreshing native plugins compatible for Editor in 0.35 ms, found 2 plugins.
Preloading 0 native plugins for Editor in 0.00 ms.
Mono: successfully reloaded assembly
- Completed reload, in  1.118 seconds
Platform modules already initialized, skipping
Refreshing native plugins compatible for Editor in 0.40 ms, found 2 plugins.
Preloading 0 native plugins for Editor in 0.00 ms.
Unloading 1454 Unused Serialized files (Serialized files now loaded: 0)
System memory in use before: 72.0 MB.
System memory in use after: 72.0 MB.

Unloading 14 unused Assets to reduce memory usage. Loaded Objects now: 1969.
Total: 2.018300 ms (FindLiveObjects: 0.137000 ms CreateObjectMapping: 0.044400 ms MarkObjects: 1.756500 ms  DeleteObjects: 0.079700 ms)

========================================================================
Received Prepare
Registering precompiled user dll's ...
Registered in 0.003780 seconds.
Begin MonoManager ReloadAssembly
Native extension for WindowsStandalone target not found
Refreshing native plugins compatible for Editor in 0.36 ms, found 2 plugins.
Preloading 0 native plugins for Editor in 0.00 ms.
Mono: successfully reloaded assembly
- Completed reload, in  0.982 seconds
Platform modules already initialized, skipping
Refreshing native plugins compatible for Editor in 0.39 ms, found 2 plugins.
Preloading 0 native plugins for Editor in 0.00 ms.
Unloading 1454 Unused Serialized files (Serialized files now loaded: 0)
System memory in use before: 72.0 MB.
System memory in use after: 72.0 MB.

Unloading 14 unused Assets to reduce memory usage. Loaded Objects now: 1971.
Total: 2.006600 ms (FindLiveObjects: 0.139900 ms CreateObjectMapping: 0.043800 ms MarkObjects: 1.773900 ms  DeleteObjects: 0.048300 ms)

========================================================================
Received Prepare
Registering precompiled user dll's ...
Registered in 0.003886 seconds.
Begin MonoManager ReloadAssembly
Native extension for WindowsStandalone target not found
Refreshing native plugins compatible for Editor in 0.37 ms, found 2 plugins.
Preloading 0 native plugins for Editor in 0.00 ms.
Mono: successfully reloaded assembly
- Completed reload, in  1.056 seconds
Platform modules already initialized, skipping
Refreshing native plugins compatible for Editor in 0.42 ms, found 2 plugins.
Preloading 0 native plugins for Editor in 0.00 ms.
Unloading 1454 Unused Serialized files (Serialized files now loaded: 0)
System memory in use before: 72.0 MB.
System memory in use after: 72.0 MB.

Unloading 14 unused Assets to reduce memory usage. Loaded Objects now: 1973.
Total: 2.107600 ms (FindLiveObjects: 0.163000 ms CreateObjectMapping: 0.051600 ms MarkObjects: 1.776600 ms  DeleteObjects: 0.115200 ms)

========================================================================
Received Prepare
Registering precompiled user dll's ...
Registered in 0.003978 seconds.
Begin MonoManager ReloadAssembly
Native extension for WindowsStandalone target not found
Refreshing native plugins compatible for Editor in 0.36 ms, found 2 plugins.
Preloading 0 native plugins for Editor in 0.00 ms.
Mono: successfully reloaded assembly
- Completed reload, in  1.107 seconds
Platform modules already initialized, skipping
Refreshing native plugins compatible for Editor in 0.41 ms, found 2 plugins.
Preloading 0 native plugins for Editor in 0.00 ms.
Unloading 1454 Unused Serialized files (Serialized files now loaded: 0)
System memory in use before: 72.0 MB.
System memory in use after: 72.0 MB.

Unloading 14 unused Assets to reduce memory usage. Loaded Objects now: 1975.
Total: 2.052800 ms (FindLiveObjects: 0.137900 ms CreateObjectMapping: 0.044400 ms MarkObjects: 1.778500 ms  DeleteObjects: 0.091200 ms)

========================================================================
Received Prepare
Registering precompiled user dll's ...
Registered in 0.006888 seconds.
Begin MonoManager ReloadAssembly
Native extension for WindowsStandalone target not found
Refreshing native plugins compatible for Editor in 0.39 ms, found 2 plugins.
Preloading 0 native plugins for Editor in 0.00 ms.
Mono: successfully reloaded assembly
- Completed reload, in  1.169 seconds
Platform modules already initialized, skipping
Refreshing native plugins compatible for Editor in 0.44 ms, found 2 plugins.
Preloading 0 native plugins for Editor in 0.00 ms.
Unloading 1453 Unused Serialized files (Serialized files now loaded: 0)
System memory in use before: 72.0 MB.
System memory in use after: 72.0 MB.

Unloading 15 unused Assets to reduce memory usage. Loaded Objects now: 1976.
Total: 1.945600 ms (FindLiveObjects: 0.167100 ms CreateObjectMapping: 0.049500 ms MarkObjects: 1.657700 ms  DeleteObjects: 0.070100 ms)

========================================================================
Received Import Request.
  Time since last request: 776.183317 seconds.
  path: Assets/Resources/Skill_Info/ShockWave.asset
  artifactKey: Guid(101ecafe2ca2ab149a98533c8ae821fd) Importer(815301076,1909f56bfc062723c751e8b465ee728b)
Start importing Assets/Resources/Skill_Info/ShockWave.asset using Guid(101ecafe2ca2ab149a98533c8ae821fd) Importer(815301076,1909f56bfc062723c751e8b465ee728b)  -> (artifact id: 'f3d4318e777497800cdf10a9d26c16b8') in 0.089249 seconds
  Import took 0.092137 seconds .

========================================================================
Received Import Request.
  Time since last request: 107.637036 seconds.
  path: Assets/02. Scripts/StageScene/UI/SlotToolTip.cs
  artifactKey: Guid(de3dddbe8bea8034b97c42f9416ac79d) Importer(815301076,1909f56bfc062723c751e8b465ee728b)
Start importing Assets/02. Scripts/StageScene/UI/SlotToolTip.cs using Guid(de3dddbe8bea8034b97c42f9416ac79d) Importer(815301076,1909f56bfc062723c751e8b465ee728b)  -> (artifact id: '5bee8d76287f363d3bb57cd472fa6022') in 0.011642 seconds
  Import took 0.014341 seconds .

========================================================================
Received Import Request.
  Time since last request: 0.027824 seconds.
  path: Assets/02. Scripts/StageScene/UI/SlotToolTip.cs
  artifactKey: Guid(de3dddbe8bea8034b97c42f9416ac79d) Importer(815301076,1909f56bfc062723c751e8b465ee728b)
Start importing Assets/02. Scripts/StageScene/UI/SlotToolTip.cs using Guid(de3dddbe8bea8034b97c42f9416ac79d) Importer(815301076,1909f56bfc062723c751e8b465ee728b)  -> (artifact id: '5bee8d76287f363d3bb57cd472fa6022') in 0.008020 seconds
  Import took 0.010890 seconds .

========================================================================
Received Prepare
Registering precompiled user dll's ...
Registered in 0.003640 seconds.
Begin MonoManager ReloadAssembly
Native extension for WindowsStandalone target not found
Refreshing native plugins compatible for Editor in 0.36 ms, found 2 plugins.
Preloading 0 native plugins for Editor in 0.00 ms.
Mono: successfully reloaded assembly
- Completed reload, in  1.065 seconds
Platform modules already initialized, skipping
Refreshing native plugins compatible for Editor in 0.39 ms, found 2 plugins.
Preloading 0 native plugins for Editor in 0.00 ms.
Unloading 1453 Unused Serialized files (Serialized files now loaded: 0)
System memory in use before: 72.0 MB.
System memory in use after: 72.0 MB.

Unloading 14 unused Assets to reduce memory usage. Loaded Objects now: 1978.
Total: 1.970000 ms (FindLiveObjects: 0.154300 ms CreateObjectMapping: 0.045400 ms MarkObjects: 1.602500 ms  DeleteObjects: 0.166800 ms)

========================================================================
Received Prepare
Registering precompiled user dll's ...
Registered in 0.003744 seconds.
Begin MonoManager ReloadAssembly
Native extension for WindowsStandalone target not found
Refreshing native plugins compatible for Editor in 0.48 ms, found 2 plugins.
Preloading 0 native plugins for Editor in 0.00 ms.
Mono: successfully reloaded assembly
- Completed reload, in  1.026 seconds
Platform modules already initialized, skipping
Refreshing native plugins compatible for Editor in 0.40 ms, found 2 plugins.
Preloading 0 native plugins for Editor in 0.00 ms.
Unloading 1453 Unused Serialized files (Serialized files now loaded: 0)
System memory in use before: 72.0 MB.
System memory in use after: 72.0 MB.

Unloading 14 unused Assets to reduce memory usage. Loaded Objects now: 1980.
Total: 1.746400 ms (FindLiveObjects: 0.142500 ms CreateObjectMapping: 0.044100 ms MarkObjects: 1.511200 ms  DeleteObjects: 0.047800 ms)

========================================================================
Received Import Request.
  Time since last request: 142.446076 seconds.
  path: Assets/02. Scripts/StageScene/UI/FadeCtrl.cs
  artifactKey: Guid(ad34324c68ee4114fa8de1211ca6379c) Importer(815301076,1909f56bfc062723c751e8b465ee728b)
Start importing Assets/02. Scripts/StageScene/UI/FadeCtrl.cs using Guid(ad34324c68ee4114fa8de1211ca6379c) Importer(815301076,1909f56bfc062723c751e8b465ee728b)  -> (artifact id: '7b05bb98912127be0b7197c5bf98476c') in 0.012649 seconds
  Import took 0.015788 seconds .

========================================================================
Received Import Request.
  Time since last request: 0.000458 seconds.
  path: Assets/02. Scripts/StageScene/UI/FadeCtrl.cs
  artifactKey: Guid(ad34324c68ee4114fa8de1211ca6379c) Importer(815301076,1909f56bfc062723c751e8b465ee728b)
Start importing Assets/02. Scripts/StageScene/UI/FadeCtrl.cs using Guid(ad34324c68ee4114fa8de1211ca6379c) Importer(815301076,1909f56bfc062723c751e8b465ee728b)  -> (artifact id: '7b05bb98912127be0b7197c5bf98476c') in 0.007655 seconds
  Import took 0.010357 seconds .

========================================================================
Received Import Request.
  Time since last request: 61.978832 seconds.
  path: Assets/02. Scripts/StageScene/UI/FadeCtrl.cs
  artifactKey: Guid(ad34324c68ee4114fa8de1211ca6379c) Importer(815301076,1909f56bfc062723c751e8b465ee728b)
Start importing Assets/02. Scripts/StageScene/UI/FadeCtrl.cs using Guid(ad34324c68ee4114fa8de1211ca6379c) Importer(815301076,1909f56bfc062723c751e8b465ee728b)  -> (artifact id: '70cf71ff331911b91004bf6f7c3337ed') in 0.011452 seconds
  Import took 0.014577 seconds .

========================================================================
Received Import Request.
  Time since last request: 2.827462 seconds.
  path: Assets/02. Scripts/StageScene/UI/FadeCtrl.cs
  artifactKey: Guid(ad34324c68ee4114fa8de1211ca6379c) Importer(815301076,1909f56bfc062723c751e8b465ee728b)
Start importing Assets/02. Scripts/StageScene/UI/FadeCtrl.cs using Guid(ad34324c68ee4114fa8de1211ca6379c) Importer(815301076,1909f56bfc062723c751e8b465ee728b)  -> (artifact id: '1c4c68765877b0e6badff307adad9f16') in 0.009109 seconds
  Import took 0.011949 seconds .

========================================================================
Received Import Request.
  Time since last request: 0.000870 seconds.
  path: Assets/02. Scripts/StageScene/UI/FadeCtrl.cs
  artifactKey: Guid(ad34324c68ee4114fa8de1211ca6379c) Importer(815301076,1909f56bfc062723c751e8b465ee728b)
Start importing Assets/02. Scripts/StageScene/UI/FadeCtrl.cs using Guid(ad34324c68ee4114fa8de1211ca6379c) Importer(815301076,1909f56bfc062723c751e8b465ee728b)  -> (artifact id: '1c4c68765877b0e6badff307adad9f16') in 0.009966 seconds
  Import took 0.012702 seconds .

========================================================================
Received Import Request.
  Time since last request: 9.569133 seconds.
  path: Assets/02. Scripts/StageScene/UI/FadeCtrl.cs
  artifactKey: Guid(ad34324c68ee4114fa8de1211ca6379c) Importer(815301076,1909f56bfc062723c751e8b465ee728b)
Start importing Assets/02. Scripts/StageScene/UI/FadeCtrl.cs using Guid(ad34324c68ee4114fa8de1211ca6379c) Importer(815301076,1909f56bfc062723c751e8b465ee728b)  -> (artifact id: 'b2dfdce1486cd2d579c4328e707414bb') in 0.007659 seconds
  Import took 0.011382 seconds .

========================================================================
Received Import Request.
  Time since last request: 2.747283 seconds.
  path: Assets/02. Scripts/StageScene/UI/FadeCtrl.cs
  artifactKey: Guid(ad34324c68ee4114fa8de1211ca6379c) Importer(815301076,1909f56bfc062723c751e8b465ee728b)
Start importing Assets/02. Scripts/StageScene/UI/FadeCtrl.cs using Guid(ad34324c68ee4114fa8de1211ca6379c) Importer(815301076,1909f56bfc062723c751e8b465ee728b)  -> (artifact id: '5ba2bbec137b6adfb512736a3dec6e55') in 0.011458 seconds
  Import took 0.016477 seconds .

========================================================================
Received Import Request.
  Time since last request: 2.755411 seconds.
  path: Assets/02. Scripts/StageScene/UI/FadeCtrl.cs
  artifactKey: Guid(ad34324c68ee4114fa8de1211ca6379c) Importer(815301076,1909f56bfc062723c751e8b465ee728b)
Start importing Assets/02. Scripts/StageScene/UI/FadeCtrl.cs using Guid(ad34324c68ee4114fa8de1211ca6379c) Importer(815301076,1909f56bfc062723c751e8b465ee728b)  -> (artifact id: '5629a836c56efafc5defb0247b7a5215') in 0.007369 seconds
  Import took 0.010356 seconds .

========================================================================
Received Import Request.
  Time since last request: 5.619728 seconds.
  path: Assets/02. Scripts/StageScene/UI/FadeCtrl.cs
  artifactKey: Guid(ad34324c68ee4114fa8de1211ca6379c) Importer(815301076,1909f56bfc062723c751e8b465ee728b)
Start importing Assets/02. Scripts/StageScene/UI/FadeCtrl.cs using Guid(ad34324c68ee4114fa8de1211ca6379c) Importer(815301076,1909f56bfc062723c751e8b465ee728b)  -> (artifact id: '5938734a03de0b3c15ea0c8e27f77f38') in 0.009093 seconds
  Import took 0.012335 seconds .

========================================================================
Received Import Request.
  Time since last request: 51.491239 seconds.
  path: Assets/02. Scripts/StageScene/UI/FadeCtrl.cs
  artifactKey: Guid(ad34324c68ee4114fa8de1211ca6379c) Importer(815301076,1909f56bfc062723c751e8b465ee728b)
Start importing Assets/02. Scripts/StageScene/UI/FadeCtrl.cs using Guid(ad34324c68ee4114fa8de1211ca6379c) Importer(815301076,1909f56bfc062723c751e8b465ee728b)  -> (artifact id: '6059c8239a6b4601b5a4552efc0eb2fe') in 0.011577 seconds
  Import took 0.014613 seconds .

========================================================================
Received Import Request.
  Time since last request: 0.004539 seconds.
  path: Assets/02. Scripts/StageScene/UI/FadeCtrl.cs
  artifactKey: Guid(ad34324c68ee4114fa8de1211ca6379c) Importer(815301076,1909f56bfc062723c751e8b465ee728b)
Start importing Assets/02. Scripts/StageScene/UI/FadeCtrl.cs using Guid(ad34324c68ee4114fa8de1211ca6379c) Importer(815301076,1909f56bfc062723c751e8b465ee728b)  -> (artifact id: '6059c8239a6b4601b5a4552efc0eb2fe') in 0.010560 seconds
  Import took 0.014590 seconds .

========================================================================
Received Import Request.
  Time since last request: 65.523468 seconds.
  path: Assets/02. Scripts/StageScene/UI/FadeCtrl.cs
  artifactKey: Guid(ad34324c68ee4114fa8de1211ca6379c) Importer(815301076,1909f56bfc062723c751e8b465ee728b)
Start importing Assets/02. Scripts/StageScene/UI/FadeCtrl.cs using Guid(ad34324c68ee4114fa8de1211ca6379c) Importer(815301076,1909f56bfc062723c751e8b465ee728b)  -> (artifact id: '8dac8c880c219246e5c04c2f68a30fc8') in 0.007994 seconds
  Import took 0.011190 seconds .

========================================================================
Received Prepare
Registering precompiled user dll's ...
Registered in 0.004204 seconds.
Begin MonoManager ReloadAssembly
Native extension for WindowsStandalone target not found
Refreshing native plugins compatible for Editor in 0.42 ms, found 2 plugins.
Preloading 0 native plugins for Editor in 0.00 ms.
Mono: successfully reloaded assembly
- Completed reload, in  1.055 seconds
Platform modules already initialized, skipping
Refreshing native plugins compatible for Editor in 0.40 ms, found 2 plugins.
Preloading 0 native plugins for Editor in 0.00 ms.
Unloading 1453 Unused Serialized files (Serialized files now loaded: 0)
System memory in use before: 72.0 MB.
System memory in use after: 72.0 MB.

Unloading 14 unused Assets to reduce memory usage. Loaded Objects now: 1982.
Total: 2.006000 ms (FindLiveObjects: 0.150800 ms CreateObjectMapping: 0.045700 ms MarkObjects: 1.735100 ms  DeleteObjects: 0.073400 ms)

