Using pre-set license
Built from '2020.3/staging' branch; Version is '2020.3.10f1 (297d780c91bc) revision 2719096'; Using compiler version '192528614'; Build Type 'Release'
OS: 'Windows 10 Pro; OS build 19042.1052; Version 2009; 64bit' Language: 'ko' Physical Memory: 8150 MB
BatchMode: 1, IsHumanControllingUs: 0, StartBugReporterOnCrash: 0, Is64bit: 1, IsPro: 0

 COMMAND LINE ARGUMENTS:
C:\Program Files\Unity\Hub\Editor\2020.3.10f1\Editor\Unity.exe
-adb2
-batchMode
-noUpm
-name
AssetImportWorker0
-projectPath
C:/Users/admin/source/repos/Tunier/Class_Unity/21.06.30_슈팅게임
-logFile
Logs/AssetImportWorker0.log
-srvPort
49793
Successfully changed project path to: C:/Users/admin/source/repos/Tunier/Class_Unity/21.06.30_슈팅게임
C:/Users/admin/source/repos/Tunier/Class_Unity/21.06.30_슈팅게임
Using Asset Import Pipeline V2.
Refreshing native plugins compatible for Editor in 48.58 ms, found 3 plugins.
Preloading 0 native plugins for Editor in 0.00 ms.
Initialize engine version: 2020.3.10f1 (297d780c91bc)
[Subsystems] Discovering subsystems at path C:/Program Files/Unity/Hub/Editor/2020.3.10f1/Editor/Data/Resources/UnitySubsystems
[Subsystems] Discovering subsystems at path C:/Users/admin/source/repos/Tunier/Class_Unity/21.06.30_슈팅게임/Assets
GfxDevice: creating device client; threaded=0
Direct3D:
    Version:  Direct3D 11.0 [level 11.1]
    Renderer: NVIDIA GeForce GTX 1050 Ti (ID=0x1c82)
    Vendor:   
    VRAM:     4018 MB
    Driver:   27.21.14.6589
Initialize mono
Mono path[0] = 'C:/Program Files/Unity/Hub/Editor/2020.3.10f1/Editor/Data/Managed'
Mono path[1] = 'C:/Program Files/Unity/Hub/Editor/2020.3.10f1/Editor/Data/MonoBleedingEdge/lib/mono/unityjit'
Mono config path = 'C:/Program Files/Unity/Hub/Editor/2020.3.10f1/Editor/Data/MonoBleedingEdge/etc'
Using monoOptions --debugger-agent=transport=dt_socket,embedding=1,server=y,suspend=n,address=127.0.0.1:56924
Begin MonoManager ReloadAssembly
Registering precompiled unity dll's ...
Register platform support module: C:/Program Files/Unity/Hub/Editor/2020.3.10f1/Editor/Data/PlaybackEngines/WindowsStandaloneSupport/UnityEditor.WindowsStandalone.Extensions.dll
Registered in 0.001944 seconds.
Native extension for WindowsStandalone target not found
Refreshing native plugins compatible for Editor in 51.66 ms, found 3 plugins.
Preloading 0 native plugins for Editor in 0.00 ms.
Mono: successfully reloaded assembly
- Completed reload, in  2.368 seconds
Platform modules already initialized, skipping
Registering precompiled user dll's ...
Registered in 0.006057 seconds.
Begin MonoManager ReloadAssembly
Native extension for WindowsStandalone target not found
Refreshing native plugins compatible for Editor in 48.60 ms, found 3 plugins.
Preloading 0 native plugins for Editor in 0.00 ms.
Mono: successfully reloaded assembly
- Completed reload, in  2.212 seconds
Platform modules already initialized, skipping
========================================================================
Worker process is ready to serve import requests
Launched and connected shader compiler UnityShaderCompiler.exe after 0.06 seconds
Refreshing native plugins compatible for Editor in 0.50 ms, found 3 plugins.
Preloading 0 native plugins for Editor in 0.00 ms.
Unloading 2085 Unused Serialized files (Serialized files now loaded: 0)
System memory in use before: 96.1 MB.
System memory in use after: 96.1 MB.

Unloading 33 unused Assets to reduce memory usage. Loaded Objects now: 2521.
Total: 2.543500 ms (FindLiveObjects: 0.204600 ms CreateObjectMapping: 0.104500 ms MarkObjects: 2.081300 ms  DeleteObjects: 0.151800 ms)

========================================================================
Received Import Request.
  path: Assets/02. Scripts/PlayerCtrl.cs
  artifactKey: Guid(c56c2f3d4b088e44e8dcb8f717391405) Importer(815301076,1909f56bfc062723c751e8b465ee728b)
Start importing Assets/02. Scripts/PlayerCtrl.cs using Guid(c56c2f3d4b088e44e8dcb8f717391405) Importer(815301076,1909f56bfc062723c751e8b465ee728b)  -> (artifact id: '0d1879f0adf716b8577896282f7faafa') in 0.076157 seconds
  Import took 0.080530 seconds .

========================================================================
Received Import Request.
  Time since last request: 0.000387 seconds.
  path: Assets/02. Scripts/EnemyCtrl.cs
  artifactKey: Guid(1726ac2242543b44b857668c57d3d63c) Importer(815301076,1909f56bfc062723c751e8b465ee728b)
Start importing Assets/02. Scripts/EnemyCtrl.cs using Guid(1726ac2242543b44b857668c57d3d63c) Importer(815301076,1909f56bfc062723c751e8b465ee728b)  -> (artifact id: '3f901b6a51e19310fa40ee49794be85c') in 0.025427 seconds
  Import took 0.030304 seconds .

========================================================================
Received Import Request.
  Time since last request: 22.587154 seconds.
  path: Assets/02. Scripts/BulletCtrl.cs
  artifactKey: Guid(0e061a732aaef7c4fb6388d1dfaf29da) Importer(815301076,1909f56bfc062723c751e8b465ee728b)
Start importing Assets/02. Scripts/BulletCtrl.cs using Guid(0e061a732aaef7c4fb6388d1dfaf29da) Importer(815301076,1909f56bfc062723c751e8b465ee728b)  -> (artifact id: '0d786da9d2e6f9ed45fa2c4231fb3d01') in 0.013091 seconds
  Import took 0.016661 seconds .

========================================================================
Received Prepare
Registering precompiled user dll's ...
Registered in 0.008735 seconds.
Begin MonoManager ReloadAssembly
Native extension for WindowsStandalone target not found
Refreshing native plugins compatible for Editor in 1.11 ms, found 3 plugins.
Preloading 0 native plugins for Editor in 0.00 ms.
Mono: successfully reloaded assembly
- Completed reload, in  1.392 seconds
Platform modules already initialized, skipping
Refreshing native plugins compatible for Editor in 0.61 ms, found 3 plugins.
Preloading 0 native plugins for Editor in 0.00 ms.
Unloading 2080 Unused Serialized files (Serialized files now loaded: 0)
System memory in use before: 96.1 MB.
System memory in use after: 96.1 MB.

Unloading 21 unused Assets to reduce memory usage. Loaded Objects now: 2525.
Total: 2.194000 ms (FindLiveObjects: 0.198100 ms CreateObjectMapping: 0.085100 ms MarkObjects: 1.806800 ms  DeleteObjects: 0.103000 ms)

AssetImportWorkerClient::OnTransportError - code=2 error=End of file
