Using pre-set license
Built from '2020.3/staging' branch; Version is '2020.3.10f1 (297d780c91bc) revision 2719096'; Using compiler version '192528614'; Build Type 'Release'
OS: 'Windows 10 Pro; OS build 19042.1110; Version 2009; 64bit' Language: 'ko' Physical Memory: 8150 MB
BatchMode: 1, IsHumanControllingUs: 0, StartBugReporterOnCrash: 0, Is64bit: 1, IsPro: 0

 COMMAND LINE ARGUMENTS:
C:\Program Files\Unity\Hub\Editor\2020.3.10f1\Editor\Unity.exe
-adb2
-batchMode
-noUpm
-name
AssetImportWorker0
-projectPath
C:/Users/admin/source/repos/Tunier/Class_Unity/210803_Shader
-logFile
Logs/AssetImportWorker0.log
-srvPort
65295
Successfully changed project path to: C:/Users/admin/source/repos/Tunier/Class_Unity/210803_Shader
C:/Users/admin/source/repos/Tunier/Class_Unity/210803_Shader
Using Asset Import Pipeline V2.
Refreshing native plugins compatible for Editor in 46.54 ms, found 2 plugins.
Preloading 0 native plugins for Editor in 0.00 ms.
Initialize engine version: 2020.3.10f1 (297d780c91bc)
[Subsystems] Discovering subsystems at path C:/Program Files/Unity/Hub/Editor/2020.3.10f1/Editor/Data/Resources/UnitySubsystems
[Subsystems] Discovering subsystems at path C:/Users/admin/source/repos/Tunier/Class_Unity/210803_Shader/Assets
GfxDevice: creating device client; threaded=0
Direct3D:
    Version:  Direct3D 11.0 [level 11.1]
    Renderer: NVIDIA GeForce GTX 1050 Ti (ID=0x1c82)
    Vendor:   
    VRAM:     4018 MB
    Driver:   27.21.14.6589
Initialize mono
Mono path[0] = 'C:/Program Files/Unity/Hub/Editor/2020.3.10f1/Editor/Data/Managed'
Mono path[1] = 'C:/Program Files/Unity/Hub/Editor/2020.3.10f1/Editor/Data/MonoBleedingEdge/lib/mono/unityjit'
Mono config path = 'C:/Program Files/Unity/Hub/Editor/2020.3.10f1/Editor/Data/MonoBleedingEdge/etc'
Using monoOptions --debugger-agent=transport=dt_socket,embedding=1,server=y,suspend=n,address=127.0.0.1:56908
Begin MonoManager ReloadAssembly
Registering precompiled unity dll's ...
Register platform support module: C:/Program Files/Unity/Hub/Editor/2020.3.10f1/Editor/Data/PlaybackEngines/WindowsStandaloneSupport/UnityEditor.WindowsStandalone.Extensions.dll
Registered in 0.001976 seconds.
Native extension for WindowsStandalone target not found
Refreshing native plugins compatible for Editor in 37.18 ms, found 2 plugins.
Preloading 0 native plugins for Editor in 0.00 ms.
Mono: successfully reloaded assembly
- Completed reload, in  2.263 seconds
Platform modules already initialized, skipping
Registering precompiled user dll's ...
Registered in 0.004500 seconds.
Begin MonoManager ReloadAssembly
Native extension for WindowsStandalone target not found
Refreshing native plugins compatible for Editor in 36.66 ms, found 2 plugins.
Preloading 0 native plugins for Editor in 0.00 ms.
Mono: successfully reloaded assembly
- Completed reload, in  1.125 seconds
Platform modules already initialized, skipping
========================================================================
Worker process is ready to serve import requests
Launched and connected shader compiler UnityShaderCompiler.exe after 0.06 seconds
Refreshing native plugins compatible for Editor in 0.88 ms, found 2 plugins.
Preloading 0 native plugins for Editor in 0.00 ms.
Unloading 2194 Unused Serialized files (Serialized files now loaded: 0)
System memory in use before: 94.0 MB.
System memory in use after: 94.0 MB.

Unloading 20 unused Assets to reduce memory usage. Loaded Objects now: 2629.
Total: 2.038100 ms (FindLiveObjects: 0.212400 ms CreateObjectMapping: 0.092500 ms MarkObjects: 1.619100 ms  DeleteObjects: 0.113100 ms)

========================================================================
Received Import Request.
  path: Assets/Cha_Data
  artifactKey: Guid(754e3b38fe3ba4d528f34e5c8f65bba2) Importer(815301076,1909f56bfc062723c751e8b465ee728b)
Start importing Assets/Cha_Data using Guid(754e3b38fe3ba4d528f34e5c8f65bba2) Importer(815301076,1909f56bfc062723c751e8b465ee728b)  -> (artifact id: '3867f3c30c38133147f6046154404d67') in 0.009877 seconds
  Import took 0.013493 seconds .

========================================================================
Received Import Request.
  Time since last request: 4.721026 seconds.
  path: Assets/FX/Textures/eff_water2.png
  artifactKey: Guid(3688e3b732f674de5ac5c0769fbfb9ab) Importer(815301076,1909f56bfc062723c751e8b465ee728b)
Start importing Assets/FX/Textures/eff_water2.png using Guid(3688e3b732f674de5ac5c0769fbfb9ab) Importer(815301076,1909f56bfc062723c751e8b465ee728b)  -> (artifact id: '054afafa06bf88ea0965f7eb87822001') in 0.144426 seconds
  Import took 0.148840 seconds .

========================================================================
Received Import Request.
  Time since last request: 7.705171 seconds.
  path: Assets/FX/Materials/eff_water2_alpha.mat
  artifactKey: Guid(3ffd409be9e5e4f5bb4cdfe791802a7a) Importer(815301076,1909f56bfc062723c751e8b465ee728b)
Start importing Assets/FX/Materials/eff_water2_alpha.mat using Guid(3ffd409be9e5e4f5bb4cdfe791802a7a) Importer(815301076,1909f56bfc062723c751e8b465ee728b)  -> (artifact id: 'eeee899f0a5c388a0c592de5fcf4b4ad') in 0.100002 seconds
  Import took 0.104752 seconds .

========================================================================
Received Prepare
Registering precompiled user dll's ...
Registered in 0.004411 seconds.
Begin MonoManager ReloadAssembly
Native extension for WindowsStandalone target not found
Refreshing native plugins compatible for Editor in 0.40 ms, found 2 plugins.
Preloading 0 native plugins for Editor in 0.00 ms.
Mono: successfully reloaded assembly
- Completed reload, in  1.001 seconds
Platform modules already initialized, skipping
Refreshing native plugins compatible for Editor in 0.44 ms, found 2 plugins.
Preloading 0 native plugins for Editor in 0.00 ms.
Unloading 2179 Unused Serialized files (Serialized files now loaded: 0)
System memory in use before: 96.1 MB.
System memory in use after: 96.2 MB.

Unloading 15 unused Assets to reduce memory usage. Loaded Objects now: 2673.
Total: 2.723400 ms (FindLiveObjects: 0.554700 ms CreateObjectMapping: 0.152000 ms MarkObjects: 1.904000 ms  DeleteObjects: 0.111400 ms)

========================================================================
Received Import Request.
  Time since last request: 379.447208 seconds.
  path: Assets/FX/Materials/eff_clear_add.mat
  artifactKey: Guid(f041e19e50ab842999895323d92cada7) Importer(815301076,1909f56bfc062723c751e8b465ee728b)
Start importing Assets/FX/Materials/eff_clear_add.mat using Guid(f041e19e50ab842999895323d92cada7) Importer(815301076,1909f56bfc062723c751e8b465ee728b)  -> (artifact id: '16de407a237f6b88d9eebf97474cae99') in 0.091909 seconds
  Import took 0.096310 seconds .

========================================================================
Received Import Request.
  Time since last request: 26.290334 seconds.
  path: Assets/FX/Materials/eff_clear_alpha.mat
  artifactKey: Guid(a6b06cb5dbf85458186e6658de6da6e2) Importer(815301076,1909f56bfc062723c751e8b465ee728b)
Start importing Assets/FX/Materials/eff_clear_alpha.mat using Guid(a6b06cb5dbf85458186e6658de6da6e2) Importer(815301076,1909f56bfc062723c751e8b465ee728b)  -> (artifact id: 'c0aa733bbc4df3896f3104c4d112dbca') in 0.022677 seconds
  Import took 0.026882 seconds .

========================================================================
Received Import Request.
  Time since last request: 0.001142 seconds.
  path: Assets/FX/Materials/eff_clear_alpha.mat
  artifactKey: Guid(a6b06cb5dbf85458186e6658de6da6e2) Importer(815301076,1909f56bfc062723c751e8b465ee728b)
Start importing Assets/FX/Materials/eff_clear_alpha.mat using Guid(a6b06cb5dbf85458186e6658de6da6e2) Importer(815301076,1909f56bfc062723c751e8b465ee728b)  -> (artifact id: 'c0aa733bbc4df3896f3104c4d112dbca') in 0.022502 seconds
  Import took 0.026741 seconds .

========================================================================
Received Import Request.
  Time since last request: 810.282966 seconds.
  path: Assets/FX/Materials/eff_glitter1_add.mat
  artifactKey: Guid(b37ba3c098de24a179753d996ab04fb4) Importer(815301076,1909f56bfc062723c751e8b465ee728b)
Start importing Assets/FX/Materials/eff_glitter1_add.mat using Guid(b37ba3c098de24a179753d996ab04fb4) Importer(815301076,1909f56bfc062723c751e8b465ee728b)  -> (artifact id: '76d9069ecb3bb5a1741ab2b6f117750c') in 0.025873 seconds
  Import took 0.031401 seconds .

========================================================================
Received Prepare
Registering precompiled user dll's ...
Registered in 0.677247 seconds.
Begin MonoManager ReloadAssembly
Native extension for WindowsStandalone target not found
Refreshing native plugins compatible for Editor in 0.47 ms, found 2 plugins.
Preloading 0 native plugins for Editor in 0.00 ms.
Mono: successfully reloaded assembly
- Completed reload, in  2.978 seconds
Platform modules already initialized, skipping
Refreshing native plugins compatible for Editor in 0.55 ms, found 2 plugins.
Preloading 0 native plugins for Editor in 0.00 ms.
Unloading 2179 Unused Serialized files (Serialized files now loaded: 0)
System memory in use before: 96.2 MB.
System memory in use after: 96.3 MB.

Unloading 15 unused Assets to reduce memory usage. Loaded Objects now: 2676.
Total: 2.796600 ms (FindLiveObjects: 0.193600 ms CreateObjectMapping: 0.075700 ms MarkObjects: 2.113700 ms  DeleteObjects: 0.412600 ms)

AssetImportWorkerClient::OnTransportError - code=2 error=End of file
