Using pre-set license
Built from '2020.3/staging' branch; Version is '2020.3.10f1 (297d780c91bc) revision 2719096'; Using compiler version '192528614'; Build Type 'Release'
OS: 'Windows 10 Pro; OS build 19042.985; Version 2009; 64bit' Language: 'ko' Physical Memory: 8150 MB
BatchMode: 1, IsHumanControllingUs: 0, StartBugReporterOnCrash: 0, Is64bit: 1, IsPro: 0

 COMMAND LINE ARGUMENTS:
C:\Program Files\Unity\Hub\Editor\2020.3.10f1\Editor\Unity.exe
-adb2
-batchMode
-noUpm
-name
AssetImportWorker1
-projectPath
C:/Users/admin/source/repos/Tunier/Class_Unity/21.06.01
-logFile
Logs/AssetImportWorker1.log
-srvPort
56469
Successfully changed project path to: C:/Users/admin/source/repos/Tunier/Class_Unity/21.06.01
C:/Users/admin/source/repos/Tunier/Class_Unity/21.06.01
Using Asset Import Pipeline V2.
Refreshing native plugins compatible for Editor in 397.16 ms, found 2 plugins.
Preloading 0 native plugins for Editor in 0.00 ms.
Initialize engine version: 2020.3.10f1 (297d780c91bc)
[Subsystems] Discovering subsystems at path C:/Program Files/Unity/Hub/Editor/2020.3.10f1/Editor/Data/Resources/UnitySubsystems
[Subsystems] Discovering subsystems at path C:/Users/admin/source/repos/Tunier/Class_Unity/21.06.01/Assets
GfxDevice: creating device client; threaded=0
Direct3D:
    Version:  Direct3D 11.0 [level 11.1]
    Renderer: NVIDIA GeForce GTX 1050 Ti (ID=0x1c82)
    Vendor:   
    VRAM:     4018 MB
    Driver:   27.21.14.6589
Initialize mono
Mono path[0] = 'C:/Program Files/Unity/Hub/Editor/2020.3.10f1/Editor/Data/Managed'
Mono path[1] = 'C:/Program Files/Unity/Hub/Editor/2020.3.10f1/Editor/Data/MonoBleedingEdge/lib/mono/unityjit'
Mono config path = 'C:/Program Files/Unity/Hub/Editor/2020.3.10f1/Editor/Data/MonoBleedingEdge/etc'
Using monoOptions --debugger-agent=transport=dt_socket,embedding=1,server=y,suspend=n,address=127.0.0.1:56268
Begin MonoManager ReloadAssembly
Registering precompiled unity dll's ...
Register platform support module: C:/Program Files/Unity/Hub/Editor/2020.3.10f1/Editor/Data/PlaybackEngines/WindowsStandaloneSupport/UnityEditor.WindowsStandalone.Extensions.dll
Registered in 0.002095 seconds.
Native extension for WindowsStandalone target not found
Refreshing native plugins compatible for Editor in 34.39 ms, found 2 plugins.
Preloading 0 native plugins for Editor in 0.00 ms.
Mono: successfully reloaded assembly
- Completed reload, in  1.874 seconds
Platform modules already initialized, skipping
Registering precompiled user dll's ...
Registered in 0.004450 seconds.
Begin MonoManager ReloadAssembly
Native extension for WindowsStandalone target not found
Refreshing native plugins compatible for Editor in 0.35 ms, found 2 plugins.
Preloading 0 native plugins for Editor in 0.00 ms.
Mono: successfully reloaded assembly
- Completed reload, in  3.158 seconds
Platform modules already initialized, skipping
========================================================================
Worker process is ready to serve import requests
Launched and connected shader compiler UnityShaderCompiler.exe after 0.10 seconds
Refreshing native plugins compatible for Editor in 0.38 ms, found 2 plugins.
Preloading 0 native plugins for Editor in 0.00 ms.
Unloading 1530 Unused Serialized files (Serialized files now loaded: 0)
System memory in use before: 80.1 MB.
System memory in use after: 80.2 MB.

Unloading 20 unused Assets to reduce memory usage. Loaded Objects now: 1974.
Total: 2.508400 ms (FindLiveObjects: 0.158600 ms CreateObjectMapping: 0.051800 ms MarkObjects: 2.180800 ms  DeleteObjects: 0.116300 ms)

========================================================================
Received Import Request.
  path: Assets/02. Scripts/FireCtrl.cs
  artifactKey: Guid(16f3f55ad4ce94145835d34aa7463b27) Importer(815301076,1909f56bfc062723c751e8b465ee728b)
Start importing Assets/02. Scripts/FireCtrl.cs using Guid(16f3f55ad4ce94145835d34aa7463b27) Importer(815301076,1909f56bfc062723c751e8b465ee728b)  -> (artifact id: '243b1279c2e3046460ad207a91012b6c') in 0.045615 seconds
  Import took 0.048500 seconds .

========================================================================
Received Prepare
Registering precompiled user dll's ...
Registered in 0.004607 seconds.
Begin MonoManager ReloadAssembly
Native extension for WindowsStandalone target not found
Refreshing native plugins compatible for Editor in 0.37 ms, found 2 plugins.
Preloading 0 native plugins for Editor in 0.00 ms.
Mono: successfully reloaded assembly
- Completed reload, in  1.369 seconds
Platform modules already initialized, skipping
Refreshing native plugins compatible for Editor in 0.40 ms, found 2 plugins.
Preloading 0 native plugins for Editor in 0.00 ms.
Unloading 1497 Unused Serialized files (Serialized files now loaded: 0)
System memory in use before: 77.3 MB.
System memory in use after: 77.4 MB.

Unloading 15 unused Assets to reduce memory usage. Loaded Objects now: 1977.
Total: 1.939700 ms (FindLiveObjects: 0.178400 ms CreateObjectMapping: 0.050400 ms MarkObjects: 1.606700 ms  DeleteObjects: 0.102800 ms)

========================================================================
Received Prepare
Registering precompiled user dll's ...
Registered in 0.004940 seconds.
Begin MonoManager ReloadAssembly
Native extension for WindowsStandalone target not found
Refreshing native plugins compatible for Editor in 0.35 ms, found 2 plugins.
Preloading 0 native plugins for Editor in 0.00 ms.
Mono: successfully reloaded assembly
- Completed reload, in  1.133 seconds
Platform modules already initialized, skipping
Refreshing native plugins compatible for Editor in 0.42 ms, found 2 plugins.
Preloading 0 native plugins for Editor in 0.00 ms.
Unloading 1497 Unused Serialized files (Serialized files now loaded: 0)
System memory in use before: 77.4 MB.
System memory in use after: 77.4 MB.

Unloading 15 unused Assets to reduce memory usage. Loaded Objects now: 1980.
Total: 3.848100 ms (FindLiveObjects: 0.222900 ms CreateObjectMapping: 0.076000 ms MarkObjects: 3.453900 ms  DeleteObjects: 0.094100 ms)

========================================================================
Received Prepare
Registering precompiled user dll's ...
Registered in 0.005325 seconds.
Begin MonoManager ReloadAssembly
Native extension for WindowsStandalone target not found
Refreshing native plugins compatible for Editor in 0.35 ms, found 2 plugins.
Preloading 0 native plugins for Editor in 0.00 ms.
Mono: successfully reloaded assembly
- Completed reload, in  1.034 seconds
Platform modules already initialized, skipping
Refreshing native plugins compatible for Editor in 0.46 ms, found 2 plugins.
Preloading 0 native plugins for Editor in 0.00 ms.
Unloading 1497 Unused Serialized files (Serialized files now loaded: 0)
System memory in use before: 77.4 MB.
System memory in use after: 77.5 MB.

Unloading 15 unused Assets to reduce memory usage. Loaded Objects now: 1983.
Total: 2.281200 ms (FindLiveObjects: 0.146500 ms CreateObjectMapping: 0.048400 ms MarkObjects: 1.970900 ms  DeleteObjects: 0.114300 ms)

========================================================================
Received Import Request.
  Time since last request: 1419.530126 seconds.
  path: Assets/02. Scripts/MoveAgent.cs
  artifactKey: Guid(1404584165ef98649bb74343e48fefce) Importer(815301076,1909f56bfc062723c751e8b465ee728b)
Start importing Assets/02. Scripts/MoveAgent.cs using Guid(1404584165ef98649bb74343e48fefce) Importer(815301076,1909f56bfc062723c751e8b465ee728b)  -> (artifact id: '0f37ffc64405904832d66762c6ab0db3') in 0.011168 seconds
  Import took 0.013945 seconds .

========================================================================
Received Import Request.
  Time since last request: 0.023772 seconds.
  path: Assets/02. Scripts/MoveAgent.cs
  artifactKey: Guid(1404584165ef98649bb74343e48fefce) Importer(815301076,1909f56bfc062723c751e8b465ee728b)
Start importing Assets/02. Scripts/MoveAgent.cs using Guid(1404584165ef98649bb74343e48fefce) Importer(815301076,1909f56bfc062723c751e8b465ee728b)  -> (artifact id: '0f37ffc64405904832d66762c6ab0db3') in 0.006220 seconds
  Import took 0.009229 seconds .

========================================================================
Received Prepare
Registering precompiled user dll's ...
Registered in 0.004831 seconds.
Begin MonoManager ReloadAssembly
Native extension for WindowsStandalone target not found
Refreshing native plugins compatible for Editor in 0.35 ms, found 2 plugins.
Preloading 0 native plugins for Editor in 0.00 ms.
Mono: successfully reloaded assembly
- Completed reload, in  1.011 seconds
Platform modules already initialized, skipping
Refreshing native plugins compatible for Editor in 0.39 ms, found 2 plugins.
Preloading 0 native plugins for Editor in 0.00 ms.
Unloading 1497 Unused Serialized files (Serialized files now loaded: 0)
System memory in use before: 77.4 MB.
System memory in use after: 77.5 MB.

Unloading 15 unused Assets to reduce memory usage. Loaded Objects now: 1986.
Total: 1.951100 ms (FindLiveObjects: 0.140100 ms CreateObjectMapping: 0.043200 ms MarkObjects: 1.648500 ms  DeleteObjects: 0.118100 ms)

========================================================================
Received Import Request.
  Time since last request: 1158.354457 seconds.
  path: Assets/02. Scripts/MoveAgent.cs
  artifactKey: Guid(1404584165ef98649bb74343e48fefce) Importer(815301076,1909f56bfc062723c751e8b465ee728b)
Start importing Assets/02. Scripts/MoveAgent.cs using Guid(1404584165ef98649bb74343e48fefce) Importer(815301076,1909f56bfc062723c751e8b465ee728b)  -> (artifact id: 'd77a1031c9e09ed1360410da3fb0429b') in 0.010722 seconds
  Import took 0.013123 seconds .

========================================================================
Received Prepare
Registering precompiled user dll's ...
Registered in 0.005678 seconds.
Begin MonoManager ReloadAssembly
Native extension for WindowsStandalone target not found
Refreshing native plugins compatible for Editor in 0.35 ms, found 2 plugins.
Preloading 0 native plugins for Editor in 0.00 ms.
Mono: successfully reloaded assembly
- Completed reload, in  1.057 seconds
Platform modules already initialized, skipping
Refreshing native plugins compatible for Editor in 0.41 ms, found 2 plugins.
Preloading 0 native plugins for Editor in 0.00 ms.
Unloading 1497 Unused Serialized files (Serialized files now loaded: 0)
System memory in use before: 77.4 MB.
System memory in use after: 77.5 MB.

Unloading 15 unused Assets to reduce memory usage. Loaded Objects now: 1989.
Total: 2.012800 ms (FindLiveObjects: 0.147700 ms CreateObjectMapping: 0.047200 ms MarkObjects: 1.700700 ms  DeleteObjects: 0.116300 ms)

========================================================================
Received Prepare
Registering precompiled user dll's ...
Registered in 0.004426 seconds.
Begin MonoManager ReloadAssembly
Native extension for WindowsStandalone target not found
Refreshing native plugins compatible for Editor in 0.36 ms, found 2 plugins.
Preloading 0 native plugins for Editor in 0.00 ms.
Mono: successfully reloaded assembly
- Completed reload, in  1.011 seconds
Platform modules already initialized, skipping
Refreshing native plugins compatible for Editor in 0.40 ms, found 2 plugins.
Preloading 0 native plugins for Editor in 0.00 ms.
Unloading 1497 Unused Serialized files (Serialized files now loaded: 0)
System memory in use before: 77.4 MB.
System memory in use after: 77.5 MB.

Unloading 15 unused Assets to reduce memory usage. Loaded Objects now: 1992.
Total: 2.029400 ms (FindLiveObjects: 0.158800 ms CreateObjectMapping: 0.049000 ms MarkObjects: 1.704400 ms  DeleteObjects: 0.116400 ms)

========================================================================
Received Prepare
Registering precompiled user dll's ...
Registered in 0.005435 seconds.
Begin MonoManager ReloadAssembly
Native extension for WindowsStandalone target not found
Refreshing native plugins compatible for Editor in 0.35 ms, found 2 plugins.
Preloading 0 native plugins for Editor in 0.00 ms.
Mono: successfully reloaded assembly
- Completed reload, in  0.978 seconds
Platform modules already initialized, skipping
Refreshing native plugins compatible for Editor in 0.38 ms, found 2 plugins.
Preloading 0 native plugins for Editor in 0.00 ms.
Unloading 1497 Unused Serialized files (Serialized files now loaded: 0)
System memory in use before: 77.4 MB.
System memory in use after: 77.5 MB.

Unloading 15 unused Assets to reduce memory usage. Loaded Objects now: 1995.
Total: 1.932700 ms (FindLiveObjects: 0.133800 ms CreateObjectMapping: 0.045000 ms MarkObjects: 1.644300 ms  DeleteObjects: 0.108900 ms)

========================================================================
Received Prepare
Registering precompiled user dll's ...
Registered in 0.004823 seconds.
Begin MonoManager ReloadAssembly
Native extension for WindowsStandalone target not found
Refreshing native plugins compatible for Editor in 0.35 ms, found 2 plugins.
Preloading 0 native plugins for Editor in 0.00 ms.
Mono: successfully reloaded assembly
- Completed reload, in  0.961 seconds
Platform modules already initialized, skipping
Refreshing native plugins compatible for Editor in 0.39 ms, found 2 plugins.
Preloading 0 native plugins for Editor in 0.00 ms.
Unloading 1497 Unused Serialized files (Serialized files now loaded: 0)
System memory in use before: 77.4 MB.
System memory in use after: 77.5 MB.

Unloading 15 unused Assets to reduce memory usage. Loaded Objects now: 1998.
Total: 2.069300 ms (FindLiveObjects: 0.153000 ms CreateObjectMapping: 0.048500 ms MarkObjects: 1.752100 ms  DeleteObjects: 0.115000 ms)

========================================================================
Received Prepare
Registering precompiled user dll's ...
Registered in 0.004928 seconds.
Begin MonoManager ReloadAssembly
Native extension for WindowsStandalone target not found
Refreshing native plugins compatible for Editor in 0.35 ms, found 2 plugins.
Preloading 0 native plugins for Editor in 0.00 ms.
Mono: successfully reloaded assembly
- Completed reload, in  0.960 seconds
Platform modules already initialized, skipping
Refreshing native plugins compatible for Editor in 0.41 ms, found 2 plugins.
Preloading 0 native plugins for Editor in 0.00 ms.
Unloading 1497 Unused Serialized files (Serialized files now loaded: 0)
System memory in use before: 77.4 MB.
System memory in use after: 77.5 MB.

Unloading 15 unused Assets to reduce memory usage. Loaded Objects now: 2001.
Total: 1.990300 ms (FindLiveObjects: 0.170200 ms CreateObjectMapping: 0.050400 ms MarkObjects: 1.663900 ms  DeleteObjects: 0.105000 ms)

========================================================================
Received Import Request.
  Time since last request: 4688.276829 seconds.
  path: Assets/07. Animations/Controllers/EnemyAnim.controller
  artifactKey: Guid(fd282fe2a58eca545b94aada44611af8) Importer(815301076,1909f56bfc062723c751e8b465ee728b)
Start importing Assets/07. Animations/Controllers/EnemyAnim.controller using Guid(fd282fe2a58eca545b94aada44611af8) Importer(815301076,1909f56bfc062723c751e8b465ee728b)  -> (artifact id: 'd944391d59ab137cce5cc335b76c7b25') in 0.176196 seconds
  Import took 0.180227 seconds .

========================================================================
Received Import Request.
  Time since last request: 16.594002 seconds.
  path: Assets/07. Animations/Controllers/EnemyAnim.controller
  artifactKey: Guid(fd282fe2a58eca545b94aada44611af8) Importer(815301076,1909f56bfc062723c751e8b465ee728b)
Start importing Assets/07. Animations/Controllers/EnemyAnim.controller using Guid(fd282fe2a58eca545b94aada44611af8) Importer(815301076,1909f56bfc062723c751e8b465ee728b)  -> (artifact id: '16f071bf1e597184d24a3f9ee6f27ccf') in 0.011654 seconds
  Import took 0.014581 seconds .

========================================================================
Received Prepare
Registering precompiled user dll's ...
Registered in 0.004663 seconds.
Begin MonoManager ReloadAssembly
Native extension for WindowsStandalone target not found
Refreshing native plugins compatible for Editor in 0.37 ms, found 2 plugins.
Preloading 0 native plugins for Editor in 0.00 ms.
Mono: successfully reloaded assembly
- Completed reload, in  1.050 seconds
Platform modules already initialized, skipping
Refreshing native plugins compatible for Editor in 0.38 ms, found 2 plugins.
Preloading 0 native plugins for Editor in 0.00 ms.
Unloading 1497 Unused Serialized files (Serialized files now loaded: 0)
System memory in use before: 77.5 MB.
System memory in use after: 77.5 MB.

Unloading 15 unused Assets to reduce memory usage. Loaded Objects now: 2004.
Total: 1.996600 ms (FindLiveObjects: 0.151900 ms CreateObjectMapping: 0.051500 ms MarkObjects: 1.685000 ms  DeleteObjects: 0.107300 ms)

========================================================================
Received Prepare
Registering precompiled user dll's ...
Registered in 0.005272 seconds.
Begin MonoManager ReloadAssembly
Native extension for WindowsStandalone target not found
Refreshing native plugins compatible for Editor in 0.35 ms, found 2 plugins.
Preloading 0 native plugins for Editor in 0.00 ms.
Mono: successfully reloaded assembly
- Completed reload, in  1.087 seconds
Platform modules already initialized, skipping
Refreshing native plugins compatible for Editor in 0.41 ms, found 2 plugins.
Preloading 0 native plugins for Editor in 0.00 ms.
Unloading 1497 Unused Serialized files (Serialized files now loaded: 0)
System memory in use before: 77.5 MB.
System memory in use after: 77.5 MB.

Unloading 15 unused Assets to reduce memory usage. Loaded Objects now: 2007.
Total: 1.958800 ms (FindLiveObjects: 0.141100 ms CreateObjectMapping: 0.044400 ms MarkObjects: 1.662300 ms  DeleteObjects: 0.110100 ms)

========================================================================
Received Prepare
Registering precompiled user dll's ...
Registered in 0.004355 seconds.
Begin MonoManager ReloadAssembly
Native extension for WindowsStandalone target not found
Refreshing native plugins compatible for Editor in 0.34 ms, found 2 plugins.
Preloading 0 native plugins for Editor in 0.00 ms.
Mono: successfully reloaded assembly
- Completed reload, in  1.012 seconds
Platform modules already initialized, skipping
Refreshing native plugins compatible for Editor in 0.49 ms, found 2 plugins.
Preloading 0 native plugins for Editor in 0.00 ms.
Unloading 1497 Unused Serialized files (Serialized files now loaded: 0)
System memory in use before: 77.5 MB.
System memory in use after: 77.5 MB.

Unloading 15 unused Assets to reduce memory usage. Loaded Objects now: 2010.
Total: 2.820600 ms (FindLiveObjects: 0.284000 ms CreateObjectMapping: 0.067100 ms MarkObjects: 1.711500 ms  DeleteObjects: 0.756200 ms)

========================================================================
Received Prepare
Registering precompiled user dll's ...
Registered in 0.005425 seconds.
Begin MonoManager ReloadAssembly
Native extension for WindowsStandalone target not found
Refreshing native plugins compatible for Editor in 0.35 ms, found 2 plugins.
Preloading 0 native plugins for Editor in 0.00 ms.
Mono: successfully reloaded assembly
- Completed reload, in  0.985 seconds
Platform modules already initialized, skipping
Refreshing native plugins compatible for Editor in 0.41 ms, found 2 plugins.
Preloading 0 native plugins for Editor in 0.00 ms.
Unloading 1497 Unused Serialized files (Serialized files now loaded: 0)
System memory in use before: 77.5 MB.
System memory in use after: 77.5 MB.

Unloading 15 unused Assets to reduce memory usage. Loaded Objects now: 2013.
Total: 2.316800 ms (FindLiveObjects: 0.146900 ms CreateObjectMapping: 0.049100 ms MarkObjects: 2.002800 ms  DeleteObjects: 0.117200 ms)

========================================================================
Received Prepare
Registering precompiled user dll's ...
Registered in 0.005620 seconds.
Begin MonoManager ReloadAssembly
Native extension for WindowsStandalone target not found
Refreshing native plugins compatible for Editor in 2.54 ms, found 2 plugins.
Preloading 0 native plugins for Editor in 0.00 ms.
Mono: successfully reloaded assembly
- Completed reload, in  1.000 seconds
Platform modules already initialized, skipping
Refreshing native plugins compatible for Editor in 0.54 ms, found 2 plugins.
Preloading 0 native plugins for Editor in 0.00 ms.
Unloading 1497 Unused Serialized files (Serialized files now loaded: 0)
System memory in use before: 77.5 MB.
System memory in use after: 77.6 MB.

Unloading 15 unused Assets to reduce memory usage. Loaded Objects now: 2016.
Total: 2.019100 ms (FindLiveObjects: 0.156500 ms CreateObjectMapping: 0.054300 ms MarkObjects: 1.696800 ms  DeleteObjects: 0.110800 ms)

========================================================================
Received Prepare
Registering precompiled user dll's ...
Registered in 0.004350 seconds.
Begin MonoManager ReloadAssembly
Native extension for WindowsStandalone target not found
Refreshing native plugins compatible for Editor in 0.36 ms, found 2 plugins.
Preloading 0 native plugins for Editor in 0.00 ms.
Mono: successfully reloaded assembly
- Completed reload, in  1.033 seconds
Platform modules already initialized, skipping
Refreshing native plugins compatible for Editor in 0.39 ms, found 2 plugins.
Preloading 0 native plugins for Editor in 0.00 ms.
Unloading 1497 Unused Serialized files (Serialized files now loaded: 0)
System memory in use before: 77.5 MB.
System memory in use after: 77.6 MB.

Unloading 15 unused Assets to reduce memory usage. Loaded Objects now: 2019.
Total: 2.002400 ms (FindLiveObjects: 0.154600 ms CreateObjectMapping: 0.051100 ms MarkObjects: 1.682300 ms  DeleteObjects: 0.113500 ms)

========================================================================
Received Prepare
Registering precompiled user dll's ...
Registered in 0.004863 seconds.
Begin MonoManager ReloadAssembly
Native extension for WindowsStandalone target not found
Refreshing native plugins compatible for Editor in 0.46 ms, found 2 plugins.
Preloading 0 native plugins for Editor in 0.00 ms.
Mono: successfully reloaded assembly
- Completed reload, in  0.990 seconds
Platform modules already initialized, skipping
Refreshing native plugins compatible for Editor in 0.39 ms, found 2 plugins.
Preloading 0 native plugins for Editor in 0.00 ms.
Unloading 1497 Unused Serialized files (Serialized files now loaded: 0)
System memory in use before: 77.5 MB.
System memory in use after: 77.6 MB.

Unloading 15 unused Assets to reduce memory usage. Loaded Objects now: 2022.
Total: 2.553300 ms (FindLiveObjects: 0.268200 ms CreateObjectMapping: 0.061600 ms MarkObjects: 2.099600 ms  DeleteObjects: 0.122900 ms)

========================================================================
Received Prepare
Registering precompiled user dll's ...
Registered in 0.005846 seconds.
Begin MonoManager ReloadAssembly
Native extension for WindowsStandalone target not found
Refreshing native plugins compatible for Editor in 0.36 ms, found 2 plugins.
Preloading 0 native plugins for Editor in 0.00 ms.
Mono: successfully reloaded assembly
- Completed reload, in  0.936 seconds
Platform modules already initialized, skipping
Refreshing native plugins compatible for Editor in 0.40 ms, found 2 plugins.
Preloading 0 native plugins for Editor in 0.00 ms.
Unloading 1497 Unused Serialized files (Serialized files now loaded: 0)
System memory in use before: 77.5 MB.
System memory in use after: 77.6 MB.

Unloading 15 unused Assets to reduce memory usage. Loaded Objects now: 2025.
Total: 2.506600 ms (FindLiveObjects: 0.142400 ms CreateObjectMapping: 0.044900 ms MarkObjects: 2.207300 ms  DeleteObjects: 0.111200 ms)

========================================================================
Received Import Request.
  Time since last request: 3766.974193 seconds.
  path: Assets/07. Animations/Enemy Animation Clip/enemy_fire_animation.fbx
  artifactKey: Guid(6d9bc59eae821402fa3cfd854bddd61e) Importer(815301076,1909f56bfc062723c751e8b465ee728b)
Start importing Assets/07. Animations/Enemy Animation Clip/enemy_fire_animation.fbx using Guid(6d9bc59eae821402fa3cfd854bddd61e) Importer(815301076,1909f56bfc062723c751e8b465ee728b)  -> (artifact id: 'e7fca432624ab7213a63195a5eb295aa') in 0.150782 seconds
  Import took 0.154572 seconds .

========================================================================
Received Import Request.
  Time since last request: 22.038821 seconds.
  path: Assets/07. Animations/Enemy Animation Clip/enemy_fire_animation.fbx
  artifactKey: Guid(6d9bc59eae821402fa3cfd854bddd61e) Importer(815301076,1909f56bfc062723c751e8b465ee728b)
Start importing Assets/07. Animations/Enemy Animation Clip/enemy_fire_animation.fbx using Guid(6d9bc59eae821402fa3cfd854bddd61e) Importer(815301076,1909f56bfc062723c751e8b465ee728b)  -> (artifact id: '9b865a226b7cf2a15b0d13734ea51ff2') in 0.019187 seconds
  Import took 0.022568 seconds .

========================================================================
Received Import Request.
  Time since last request: 52.099883 seconds.
  path: Assets/07. Animations/Enemy Animation Clip/enemy_fire_animation.fbx
  artifactKey: Guid(6d9bc59eae821402fa3cfd854bddd61e) Importer(815301076,1909f56bfc062723c751e8b465ee728b)
Start importing Assets/07. Animations/Enemy Animation Clip/enemy_fire_animation.fbx using Guid(6d9bc59eae821402fa3cfd854bddd61e) Importer(815301076,1909f56bfc062723c751e8b465ee728b)  -> (artifact id: 'f845091178d60e4df10814d6cd6ce3f7') in 0.020003 seconds
  Import took 0.023628 seconds .

========================================================================
Received Import Request.
  Time since last request: 0.000723 seconds.
  path: Assets/07. Animations/Enemy Animation Clip/enemy_fire_animation.fbx
  artifactKey: Guid(6d9bc59eae821402fa3cfd854bddd61e) Importer(815301076,1909f56bfc062723c751e8b465ee728b)
Start importing Assets/07. Animations/Enemy Animation Clip/enemy_fire_animation.fbx using Guid(6d9bc59eae821402fa3cfd854bddd61e) Importer(815301076,1909f56bfc062723c751e8b465ee728b)  -> (artifact id: 'f845091178d60e4df10814d6cd6ce3f7') in 0.014225 seconds
  Import took 0.017396 seconds .

========================================================================
Received Import Request.
  Time since last request: 15.569846 seconds.
  path: Assets/07. Animations/Enemy Animation Clip/enemy_fire_animation.fbx
  artifactKey: Guid(6d9bc59eae821402fa3cfd854bddd61e) Importer(815301076,1909f56bfc062723c751e8b465ee728b)
Start importing Assets/07. Animations/Enemy Animation Clip/enemy_fire_animation.fbx using Guid(6d9bc59eae821402fa3cfd854bddd61e) Importer(815301076,1909f56bfc062723c751e8b465ee728b)  -> (artifact id: 'b2ae381fb8164a66e437aedb74f205de') in 0.019583 seconds
  Import took 0.023390 seconds .

========================================================================
Received Import Request.
  Time since last request: 11.263716 seconds.
  path: Assets/07. Animations/Enemy Animation Clip/enemy_fire_animation.fbx
  artifactKey: Guid(6d9bc59eae821402fa3cfd854bddd61e) Importer(815301076,1909f56bfc062723c751e8b465ee728b)
Start importing Assets/07. Animations/Enemy Animation Clip/enemy_fire_animation.fbx using Guid(6d9bc59eae821402fa3cfd854bddd61e) Importer(815301076,1909f56bfc062723c751e8b465ee728b)  -> (artifact id: '787884dde2e5a605378db1d180ffacd3') in 0.018864 seconds
  Import took 0.022318 seconds .

========================================================================
Received Import Request.
  Time since last request: 32.376831 seconds.
  path: Assets/07. Animations/Enemy Animation Clip/enemy_fire_animation.fbx
  artifactKey: Guid(6d9bc59eae821402fa3cfd854bddd61e) Importer(815301076,1909f56bfc062723c751e8b465ee728b)
Start importing Assets/07. Animations/Enemy Animation Clip/enemy_fire_animation.fbx using Guid(6d9bc59eae821402fa3cfd854bddd61e) Importer(815301076,1909f56bfc062723c751e8b465ee728b)  -> (artifact id: '65c1e016f3dc159b78d22dc7ce0e6cbc') in 0.020984 seconds
  Import took 0.023965 seconds .

========================================================================
Received Import Request.
  Time since last request: 145.627621 seconds.
  path: Assets/07. Animations/Controllers/EnemyAnim.controller
  artifactKey: Guid(fd282fe2a58eca545b94aada44611af8) Importer(815301076,1909f56bfc062723c751e8b465ee728b)
Start importing Assets/07. Animations/Controllers/EnemyAnim.controller using Guid(fd282fe2a58eca545b94aada44611af8) Importer(815301076,1909f56bfc062723c751e8b465ee728b)  -> (artifact id: 'f5f1c23881004e5537e1b3643015a3f2') in 0.021623 seconds
  Import took 0.027127 seconds .

========================================================================
Received Import Request.
  Time since last request: 316.688158 seconds.
  path: Assets/02. Scripts/EnemyFire.cs
  artifactKey: Guid(da21ceb0d6acc05469df304d6a1fc691) Importer(815301076,1909f56bfc062723c751e8b465ee728b)
Start importing Assets/02. Scripts/EnemyFire.cs using Guid(da21ceb0d6acc05469df304d6a1fc691) Importer(815301076,1909f56bfc062723c751e8b465ee728b)  -> (artifact id: '2195e5db9464653e83ff337da92081e5') in 0.024397 seconds
  Import took 0.027684 seconds .

========================================================================
Received Prepare
Registering precompiled user dll's ...
Registered in 0.014225 seconds.
Begin MonoManager ReloadAssembly
Native extension for WindowsStandalone target not found
Refreshing native plugins compatible for Editor in 0.36 ms, found 2 plugins.
Preloading 0 native plugins for Editor in 0.00 ms.
Mono: successfully reloaded assembly
- Completed reload, in  1.197 seconds
Platform modules already initialized, skipping
Refreshing native plugins compatible for Editor in 0.38 ms, found 2 plugins.
Preloading 0 native plugins for Editor in 0.00 ms.
Unloading 1498 Unused Serialized files (Serialized files now loaded: 0)
System memory in use before: 77.6 MB.
System memory in use after: 77.6 MB.

Unloading 15 unused Assets to reduce memory usage. Loaded Objects now: 2029.
Total: 2.509900 ms (FindLiveObjects: 0.150100 ms CreateObjectMapping: 0.049300 ms MarkObjects: 2.227300 ms  DeleteObjects: 0.082300 ms)

========================================================================
Received Prepare
Registering precompiled user dll's ...
Registered in 0.005458 seconds.
Begin MonoManager ReloadAssembly
Native extension for WindowsStandalone target not found
Refreshing native plugins compatible for Editor in 0.35 ms, found 2 plugins.
Preloading 0 native plugins for Editor in 0.00 ms.
Mono: successfully reloaded assembly
- Completed reload, in  1.061 seconds
Platform modules already initialized, skipping
Refreshing native plugins compatible for Editor in 0.39 ms, found 2 plugins.
Preloading 0 native plugins for Editor in 0.00 ms.
Unloading 1498 Unused Serialized files (Serialized files now loaded: 0)
System memory in use before: 77.6 MB.
System memory in use after: 77.6 MB.

Unloading 15 unused Assets to reduce memory usage. Loaded Objects now: 2032.
Total: 2.531600 ms (FindLiveObjects: 0.143400 ms CreateObjectMapping: 0.047600 ms MarkObjects: 2.257900 ms  DeleteObjects: 0.081800 ms)

========================================================================
Received Import Request.
  Time since last request: 305.708426 seconds.
  path: Assets/02. Scripts/EnemyFire.cs
  artifactKey: Guid(da21ceb0d6acc05469df304d6a1fc691) Importer(815301076,1909f56bfc062723c751e8b465ee728b)
Start importing Assets/02. Scripts/EnemyFire.cs using Guid(da21ceb0d6acc05469df304d6a1fc691) Importer(815301076,1909f56bfc062723c751e8b465ee728b)  -> (artifact id: 'b82dd91e0c02fd2a800366a78e04f127') in 0.008599 seconds
  Import took 0.011059 seconds .

========================================================================
Received Prepare
Registering precompiled user dll's ...
Registered in 0.004244 seconds.
Begin MonoManager ReloadAssembly
Native extension for WindowsStandalone target not found
Refreshing native plugins compatible for Editor in 0.38 ms, found 2 plugins.
Preloading 0 native plugins for Editor in 0.00 ms.
Mono: successfully reloaded assembly
- Completed reload, in  1.044 seconds
Platform modules already initialized, skipping
Refreshing native plugins compatible for Editor in 0.47 ms, found 2 plugins.
Preloading 0 native plugins for Editor in 0.00 ms.
Unloading 1498 Unused Serialized files (Serialized files now loaded: 0)
System memory in use before: 77.6 MB.
System memory in use after: 77.6 MB.

Unloading 15 unused Assets to reduce memory usage. Loaded Objects now: 2035.
Total: 2.062400 ms (FindLiveObjects: 0.138400 ms CreateObjectMapping: 0.040600 ms MarkObjects: 1.773900 ms  DeleteObjects: 0.108600 ms)

========================================================================
Received Prepare
Registering precompiled user dll's ...
Registered in 0.006601 seconds.
Begin MonoManager ReloadAssembly
Native extension for WindowsStandalone target not found
Refreshing native plugins compatible for Editor in 0.35 ms, found 2 plugins.
Preloading 0 native plugins for Editor in 0.00 ms.
Mono: successfully reloaded assembly
- Completed reload, in  1.006 seconds
Platform modules already initialized, skipping
Refreshing native plugins compatible for Editor in 0.41 ms, found 2 plugins.
Preloading 0 native plugins for Editor in 0.00 ms.
Unloading 1498 Unused Serialized files (Serialized files now loaded: 0)
System memory in use before: 77.6 MB.
System memory in use after: 77.7 MB.

Unloading 15 unused Assets to reduce memory usage. Loaded Objects now: 2038.
Total: 2.088100 ms (FindLiveObjects: 0.163300 ms CreateObjectMapping: 0.050200 ms MarkObjects: 1.758400 ms  DeleteObjects: 0.115200 ms)

========================================================================
Received Prepare
Registering precompiled user dll's ...
Registered in 0.004058 seconds.
Begin MonoManager ReloadAssembly
Native extension for WindowsStandalone target not found
Refreshing native plugins compatible for Editor in 0.34 ms, found 2 plugins.
Preloading 0 native plugins for Editor in 0.00 ms.
Mono: successfully reloaded assembly
- Completed reload, in  0.977 seconds
Platform modules already initialized, skipping
Refreshing native plugins compatible for Editor in 0.39 ms, found 2 plugins.
Preloading 0 native plugins for Editor in 0.00 ms.
Unloading 1498 Unused Serialized files (Serialized files now loaded: 0)
System memory in use before: 77.6 MB.
System memory in use after: 77.7 MB.

Unloading 15 unused Assets to reduce memory usage. Loaded Objects now: 2041.
Total: 2.731600 ms (FindLiveObjects: 0.146500 ms CreateObjectMapping: 0.045100 ms MarkObjects: 2.403800 ms  DeleteObjects: 0.135000 ms)

========================================================================
Received Prepare
Registering precompiled user dll's ...
Registered in 0.004725 seconds.
Begin MonoManager ReloadAssembly
Native extension for WindowsStandalone target not found
Refreshing native plugins compatible for Editor in 0.36 ms, found 2 plugins.
Preloading 0 native plugins for Editor in 0.00 ms.
Mono: successfully reloaded assembly
- Completed reload, in  1.036 seconds
Platform modules already initialized, skipping
Refreshing native plugins compatible for Editor in 0.38 ms, found 2 plugins.
Preloading 0 native plugins for Editor in 0.00 ms.
Unloading 1498 Unused Serialized files (Serialized files now loaded: 0)
System memory in use before: 77.6 MB.
System memory in use after: 77.7 MB.

Unloading 15 unused Assets to reduce memory usage. Loaded Objects now: 2044.
Total: 2.006800 ms (FindLiveObjects: 0.147300 ms CreateObjectMapping: 0.053200 ms MarkObjects: 1.699900 ms  DeleteObjects: 0.105800 ms)

========================================================================
Received Import Request.
  Time since last request: 1120.894857 seconds.
  path: Assets/02. Scripts/EnemyFire.cs
  artifactKey: Guid(da21ceb0d6acc05469df304d6a1fc691) Importer(815301076,1909f56bfc062723c751e8b465ee728b)
Start importing Assets/02. Scripts/EnemyFire.cs using Guid(da21ceb0d6acc05469df304d6a1fc691) Importer(815301076,1909f56bfc062723c751e8b465ee728b)  -> (artifact id: 'c6d7596e13f5c61c112cf84186b1b921') in 0.012651 seconds
  Import took 0.015378 seconds .

========================================================================
Received Import Request.
  Time since last request: 0.000860 seconds.
  path: Assets/02. Scripts/EnemyFire.cs
  artifactKey: Guid(da21ceb0d6acc05469df304d6a1fc691) Importer(815301076,1909f56bfc062723c751e8b465ee728b)
Start importing Assets/02. Scripts/EnemyFire.cs using Guid(da21ceb0d6acc05469df304d6a1fc691) Importer(815301076,1909f56bfc062723c751e8b465ee728b)  -> (artifact id: 'c6d7596e13f5c61c112cf84186b1b921') in 0.011455 seconds
  Import took 0.014801 seconds .

========================================================================
Received Prepare
Registering precompiled user dll's ...
Registered in 0.004733 seconds.
Begin MonoManager ReloadAssembly
Native extension for WindowsStandalone target not found
Refreshing native plugins compatible for Editor in 0.36 ms, found 2 plugins.
Preloading 0 native plugins for Editor in 0.00 ms.
Mono: successfully reloaded assembly
- Completed reload, in  0.953 seconds
Platform modules already initialized, skipping
Refreshing native plugins compatible for Editor in 0.40 ms, found 2 plugins.
Preloading 0 native plugins for Editor in 0.00 ms.
Unloading 1498 Unused Serialized files (Serialized files now loaded: 0)
System memory in use before: 77.6 MB.
System memory in use after: 77.7 MB.

Unloading 15 unused Assets to reduce memory usage. Loaded Objects now: 2047.
Total: 3.806400 ms (FindLiveObjects: 0.156000 ms CreateObjectMapping: 0.049300 ms MarkObjects: 3.442200 ms  DeleteObjects: 0.157500 ms)

========================================================================
Received Prepare
Registering precompiled user dll's ...
Registered in 0.004235 seconds.
Begin MonoManager ReloadAssembly
Native extension for WindowsStandalone target not found
Refreshing native plugins compatible for Editor in 0.35 ms, found 2 plugins.
Preloading 0 native plugins for Editor in 0.00 ms.
Mono: successfully reloaded assembly
- Completed reload, in  0.910 seconds
Platform modules already initialized, skipping
Refreshing native plugins compatible for Editor in 0.40 ms, found 2 plugins.
Preloading 0 native plugins for Editor in 0.00 ms.
Unloading 1498 Unused Serialized files (Serialized files now loaded: 0)
System memory in use before: 77.6 MB.
System memory in use after: 77.7 MB.

Unloading 15 unused Assets to reduce memory usage. Loaded Objects now: 2050.
Total: 2.393600 ms (FindLiveObjects: 0.141700 ms CreateObjectMapping: 0.044200 ms MarkObjects: 2.084400 ms  DeleteObjects: 0.122300 ms)

========================================================================
Received Prepare
Registering precompiled user dll's ...
Registered in 0.008511 seconds.
Begin MonoManager ReloadAssembly
Native extension for WindowsStandalone target not found
Refreshing native plugins compatible for Editor in 0.36 ms, found 2 plugins.
Preloading 0 native plugins for Editor in 0.00 ms.
Mono: successfully reloaded assembly
- Completed reload, in  0.973 seconds
Platform modules already initialized, skipping
Refreshing native plugins compatible for Editor in 0.45 ms, found 2 plugins.
Preloading 0 native plugins for Editor in 0.00 ms.
Unloading 1498 Unused Serialized files (Serialized files now loaded: 0)
System memory in use before: 77.6 MB.
System memory in use after: 77.7 MB.

Unloading 15 unused Assets to reduce memory usage. Loaded Objects now: 2053.
Total: 2.407600 ms (FindLiveObjects: 0.286900 ms CreateObjectMapping: 0.102500 ms MarkObjects: 1.889600 ms  DeleteObjects: 0.126900 ms)

========================================================================
Received Prepare
Registering precompiled user dll's ...
Registered in 0.006622 seconds.
Begin MonoManager ReloadAssembly
Native extension for WindowsStandalone target not found
Refreshing native plugins compatible for Editor in 0.52 ms, found 2 plugins.
Preloading 0 native plugins for Editor in 0.00 ms.
Mono: successfully reloaded assembly
- Completed reload, in  1.446 seconds
Platform modules already initialized, skipping
Refreshing native plugins compatible for Editor in 0.43 ms, found 2 plugins.
Preloading 0 native plugins for Editor in 0.00 ms.
Unloading 1498 Unused Serialized files (Serialized files now loaded: 0)
System memory in use before: 77.6 MB.
System memory in use after: 77.7 MB.

Unloading 15 unused Assets to reduce memory usage. Loaded Objects now: 2056.
Total: 4.285800 ms (FindLiveObjects: 0.194800 ms CreateObjectMapping: 0.073600 ms MarkObjects: 3.842500 ms  DeleteObjects: 0.173200 ms)

========================================================================
Received Prepare
Registering precompiled user dll's ...
Registered in 0.006291 seconds.
Begin MonoManager ReloadAssembly
Native extension for WindowsStandalone target not found
Refreshing native plugins compatible for Editor in 0.51 ms, found 2 plugins.
Preloading 0 native plugins for Editor in 0.00 ms.
Mono: successfully reloaded assembly
- Completed reload, in  1.104 seconds
Platform modules already initialized, skipping
Refreshing native plugins compatible for Editor in 0.64 ms, found 2 plugins.
Preloading 0 native plugins for Editor in 0.00 ms.
Unloading 1498 Unused Serialized files (Serialized files now loaded: 0)
System memory in use before: 77.6 MB.
System memory in use after: 77.7 MB.

Unloading 15 unused Assets to reduce memory usage. Loaded Objects now: 2059.
Total: 2.725400 ms (FindLiveObjects: 0.242200 ms CreateObjectMapping: 0.097600 ms MarkObjects: 2.266100 ms  DeleteObjects: 0.118500 ms)

========================================================================
Received Prepare
Registering precompiled user dll's ...
Registered in 0.006974 seconds.
Begin MonoManager ReloadAssembly
Native extension for WindowsStandalone target not found
Refreshing native plugins compatible for Editor in 0.54 ms, found 2 plugins.
Preloading 0 native plugins for Editor in 0.00 ms.
Mono: successfully reloaded assembly
- Completed reload, in  1.548 seconds
Platform modules already initialized, skipping
Refreshing native plugins compatible for Editor in 0.72 ms, found 2 plugins.
Preloading 0 native plugins for Editor in 0.00 ms.
Unloading 1498 Unused Serialized files (Serialized files now loaded: 0)
System memory in use before: 77.6 MB.
System memory in use after: 77.7 MB.

Unloading 15 unused Assets to reduce memory usage. Loaded Objects now: 2062.
Total: 3.427700 ms (FindLiveObjects: 0.289100 ms CreateObjectMapping: 0.148300 ms MarkObjects: 2.884500 ms  DeleteObjects: 0.103400 ms)

========================================================================
Received Prepare
Registering precompiled user dll's ...
Registered in 0.005251 seconds.
Begin MonoManager ReloadAssembly
Native extension for WindowsStandalone target not found
Refreshing native plugins compatible for Editor in 0.62 ms, found 2 plugins.
Preloading 0 native plugins for Editor in 0.00 ms.
Mono: successfully reloaded assembly
- Completed reload, in  1.328 seconds
Platform modules already initialized, skipping
Refreshing native plugins compatible for Editor in 0.41 ms, found 2 plugins.
Preloading 0 native plugins for Editor in 0.00 ms.
Unloading 1498 Unused Serialized files (Serialized files now loaded: 0)
System memory in use before: 77.6 MB.
System memory in use after: 77.7 MB.

Unloading 15 unused Assets to reduce memory usage. Loaded Objects now: 2065.
Total: 2.683600 ms (FindLiveObjects: 0.166500 ms CreateObjectMapping: 0.054000 ms MarkObjects: 2.371800 ms  DeleteObjects: 0.089900 ms)

========================================================================
Received Prepare
Registering precompiled user dll's ...
Registered in 0.006363 seconds.
Begin MonoManager ReloadAssembly
Native extension for WindowsStandalone target not found
Refreshing native plugins compatible for Editor in 0.64 ms, found 2 plugins.
Preloading 0 native plugins for Editor in 0.00 ms.
Mono: successfully reloaded assembly
- Completed reload, in  1.430 seconds
Platform modules already initialized, skipping
Refreshing native plugins compatible for Editor in 0.47 ms, found 2 plugins.
Preloading 0 native plugins for Editor in 0.00 ms.
Unloading 1498 Unused Serialized files (Serialized files now loaded: 0)
System memory in use before: 77.6 MB.
System memory in use after: 77.7 MB.

Unloading 15 unused Assets to reduce memory usage. Loaded Objects now: 2068.
Total: 2.707700 ms (FindLiveObjects: 0.369700 ms CreateObjectMapping: 0.069600 ms MarkObjects: 2.138500 ms  DeleteObjects: 0.127700 ms)

========================================================================
Received Prepare
Registering precompiled user dll's ...
Registered in 0.096766 seconds.
Begin MonoManager ReloadAssembly
Native extension for WindowsStandalone target not found
Refreshing native plugins compatible for Editor in 0.37 ms, found 2 plugins.
Preloading 0 native plugins for Editor in 0.00 ms.
Mono: successfully reloaded assembly
- Completed reload, in  1.100 seconds
Platform modules already initialized, skipping
Refreshing native plugins compatible for Editor in 0.44 ms, found 2 plugins.
Preloading 0 native plugins for Editor in 0.00 ms.
Unloading 1498 Unused Serialized files (Serialized files now loaded: 0)
System memory in use before: 77.6 MB.
System memory in use after: 77.7 MB.

Unloading 15 unused Assets to reduce memory usage. Loaded Objects now: 2071.
Total: 2.457000 ms (FindLiveObjects: 0.153700 ms CreateObjectMapping: 0.052600 ms MarkObjects: 2.167500 ms  DeleteObjects: 0.082200 ms)

========================================================================
Received Import Request.
  Time since last request: 5578.543739 seconds.
  path: Assets/07. Animations/Controllers/EnemyAnim.controller
  artifactKey: Guid(fd282fe2a58eca545b94aada44611af8) Importer(815301076,1909f56bfc062723c751e8b465ee728b)
Start importing Assets/07. Animations/Controllers/EnemyAnim.controller using Guid(fd282fe2a58eca545b94aada44611af8) Importer(815301076,1909f56bfc062723c751e8b465ee728b)  -> (artifact id: 'c50f9eb429e9fd7a4cbf0d06afc12a62') in 0.191748 seconds
  Import took 0.194715 seconds .

========================================================================
Received Prepare
Registering precompiled user dll's ...
Registered in 0.006084 seconds.
Begin MonoManager ReloadAssembly
Native extension for WindowsStandalone target not found
Refreshing native plugins compatible for Editor in 0.53 ms, found 2 plugins.
Preloading 0 native plugins for Editor in 0.00 ms.
Mono: successfully reloaded assembly
- Completed reload, in  1.250 seconds
Platform modules already initialized, skipping
Refreshing native plugins compatible for Editor in 0.76 ms, found 2 plugins.
Preloading 0 native plugins for Editor in 0.00 ms.
Unloading 1498 Unused Serialized files (Serialized files now loaded: 0)
System memory in use before: 77.6 MB.
System memory in use after: 77.7 MB.

Unloading 15 unused Assets to reduce memory usage. Loaded Objects now: 2074.
Total: 2.354600 ms (FindLiveObjects: 0.238700 ms CreateObjectMapping: 0.067600 ms MarkObjects: 1.962000 ms  DeleteObjects: 0.084900 ms)

========================================================================
Received Import Request.
  Time since last request: 231.243018 seconds.
  path: Assets/03. Prefabs/Barrel.prefab
  artifactKey: Guid(cd24e62c22a107a40aa295f170eeca09) Importer(815301076,1909f56bfc062723c751e8b465ee728b)
Start importing Assets/03. Prefabs/Barrel.prefab using Guid(cd24e62c22a107a40aa295f170eeca09) Importer(815301076,1909f56bfc062723c751e8b465ee728b)  -> (artifact id: '73db02e5afc55c56ac34392753aea2b1') in 0.325904 seconds
  Import took 0.330912 seconds .

========================================================================
Received Prepare
Registering precompiled user dll's ...
Registered in 0.092002 seconds.
Begin MonoManager ReloadAssembly
Native extension for WindowsStandalone target not found
Refreshing native plugins compatible for Editor in 0.60 ms, found 2 plugins.
Preloading 0 native plugins for Editor in 0.00 ms.
Mono: successfully reloaded assembly
- Completed reload, in  1.860 seconds
Platform modules already initialized, skipping
Refreshing native plugins compatible for Editor in 0.41 ms, found 2 plugins.
Preloading 0 native plugins for Editor in 0.00 ms.
Unloading 1498 Unused Serialized files (Serialized files now loaded: 0)
System memory in use before: 80.7 MB.
System memory in use after: 80.8 MB.

Unloading 15 unused Assets to reduce memory usage. Loaded Objects now: 2085.
Total: 2.216200 ms (FindLiveObjects: 0.160400 ms CreateObjectMapping: 0.051800 ms MarkObjects: 1.907700 ms  DeleteObjects: 0.095200 ms)

========================================================================
Received Prepare
Registering precompiled user dll's ...
Registered in 0.004757 seconds.
Begin MonoManager ReloadAssembly
Native extension for WindowsStandalone target not found
Refreshing native plugins compatible for Editor in 0.35 ms, found 2 plugins.
Preloading 0 native plugins for Editor in 0.00 ms.
Mono: successfully reloaded assembly
- Completed reload, in  0.991 seconds
Platform modules already initialized, skipping
Refreshing native plugins compatible for Editor in 0.38 ms, found 2 plugins.
Preloading 0 native plugins for Editor in 0.00 ms.
Unloading 1498 Unused Serialized files (Serialized files now loaded: 0)
System memory in use before: 80.7 MB.
System memory in use after: 80.8 MB.

Unloading 15 unused Assets to reduce memory usage. Loaded Objects now: 2088.
Total: 2.175900 ms (FindLiveObjects: 0.168500 ms CreateObjectMapping: 0.053800 ms MarkObjects: 1.865000 ms  DeleteObjects: 0.086900 ms)

========================================================================
Received Prepare
Registering precompiled user dll's ...
Registered in 0.004145 seconds.
Begin MonoManager ReloadAssembly
Native extension for WindowsStandalone target not found
Refreshing native plugins compatible for Editor in 0.44 ms, found 2 plugins.
Preloading 0 native plugins for Editor in 0.00 ms.
Mono: successfully reloaded assembly
- Completed reload, in  0.982 seconds
Platform modules already initialized, skipping
Refreshing native plugins compatible for Editor in 0.39 ms, found 2 plugins.
Preloading 0 native plugins for Editor in 0.00 ms.
Unloading 1498 Unused Serialized files (Serialized files now loaded: 0)
System memory in use before: 80.8 MB.
System memory in use after: 80.8 MB.

Unloading 15 unused Assets to reduce memory usage. Loaded Objects now: 2091.
Total: 2.518300 ms (FindLiveObjects: 0.160100 ms CreateObjectMapping: 0.050300 ms MarkObjects: 2.199000 ms  DeleteObjects: 0.108200 ms)

========================================================================
Received Prepare
Registering precompiled user dll's ...
Registered in 0.004520 seconds.
Begin MonoManager ReloadAssembly
Native extension for WindowsStandalone target not found
Refreshing native plugins compatible for Editor in 0.35 ms, found 2 plugins.
Preloading 0 native plugins for Editor in 0.00 ms.
Mono: successfully reloaded assembly
- Completed reload, in  0.991 seconds
Platform modules already initialized, skipping
Refreshing native plugins compatible for Editor in 0.40 ms, found 2 plugins.
Preloading 0 native plugins for Editor in 0.00 ms.
Unloading 1498 Unused Serialized files (Serialized files now loaded: 0)
System memory in use before: 80.8 MB.
System memory in use after: 80.8 MB.

Unloading 15 unused Assets to reduce memory usage. Loaded Objects now: 2094.
Total: 2.135500 ms (FindLiveObjects: 0.162500 ms CreateObjectMapping: 0.050700 ms MarkObjects: 1.726300 ms  DeleteObjects: 0.195100 ms)

========================================================================
Received Import Request.
  Time since last request: 447.384744 seconds.
  path: Assets/07. Animations/Player Animation Clip
  artifactKey: Guid(c404b61454ab141ad9ba885dfe074737) Importer(815301076,1909f56bfc062723c751e8b465ee728b)
Start importing Assets/07. Animations/Player Animation Clip using Guid(c404b61454ab141ad9ba885dfe074737) Importer(815301076,1909f56bfc062723c751e8b465ee728b)  -> (artifact id: '2814e3c5f809cc7232aa50be6ad04b3f') in 0.015561 seconds
  Import took 0.018727 seconds .

========================================================================
Received Import Request.
  Time since last request: 1249.297059 seconds.
  path: Assets/07. Animations/Controllers/New Avatar Mask.mask
  artifactKey: Guid(16b9913b7496e8347aeac3c6ccf7b37f) Importer(815301076,1909f56bfc062723c751e8b465ee728b)
Start importing Assets/07. Animations/Controllers/New Avatar Mask.mask using Guid(16b9913b7496e8347aeac3c6ccf7b37f) Importer(815301076,1909f56bfc062723c751e8b465ee728b)  -> (artifact id: '2f191f530bde8728b36a10d5de4d692b') in 0.054936 seconds
  Import took 0.059682 seconds .

========================================================================
Received Import Request.
  Time since last request: 9.933213 seconds.
  path: Assets/07. Animations/Controllers/EnemyReload.mask
  artifactKey: Guid(16b9913b7496e8347aeac3c6ccf7b37f) Importer(815301076,1909f56bfc062723c751e8b465ee728b)
Start importing Assets/07. Animations/Controllers/EnemyReload.mask using Guid(16b9913b7496e8347aeac3c6ccf7b37f) Importer(815301076,1909f56bfc062723c751e8b465ee728b)  -> (artifact id: '9b8e71757aba4fa7cb56582eb160c0b0') in 0.010367 seconds
  Import took 0.013607 seconds .

========================================================================
Received Prepare
Registering precompiled user dll's ...
Registered in 0.006638 seconds.
Begin MonoManager ReloadAssembly
Native extension for WindowsStandalone target not found
Refreshing native plugins compatible for Editor in 1.07 ms, found 2 plugins.
Preloading 0 native plugins for Editor in 0.00 ms.
Mono: successfully reloaded assembly
- Completed reload, in  1.666 seconds
Platform modules already initialized, skipping
Refreshing native plugins compatible for Editor in 0.55 ms, found 2 plugins.
Preloading 0 native plugins for Editor in 0.00 ms.
Unloading 1498 Unused Serialized files (Serialized files now loaded: 0)
System memory in use before: 80.8 MB.
System memory in use after: 80.8 MB.

Unloading 15 unused Assets to reduce memory usage. Loaded Objects now: 2097.
Total: 3.167300 ms (FindLiveObjects: 0.291100 ms CreateObjectMapping: 0.078300 ms MarkObjects: 2.644900 ms  DeleteObjects: 0.150900 ms)

========================================================================
Received Prepare
Registering precompiled user dll's ...
Registered in 0.004287 seconds.
Begin MonoManager ReloadAssembly
Native extension for WindowsStandalone target not found
Refreshing native plugins compatible for Editor in 0.36 ms, found 2 plugins.
Preloading 0 native plugins for Editor in 0.00 ms.
Mono: successfully reloaded assembly
- Completed reload, in  1.012 seconds
Platform modules already initialized, skipping
Refreshing native plugins compatible for Editor in 0.50 ms, found 2 plugins.
Preloading 0 native plugins for Editor in 0.00 ms.
Unloading 1498 Unused Serialized files (Serialized files now loaded: 0)
System memory in use before: 80.8 MB.
System memory in use after: 80.9 MB.

Unloading 15 unused Assets to reduce memory usage. Loaded Objects now: 2100.
Total: 3.926100 ms (FindLiveObjects: 0.192500 ms CreateObjectMapping: 0.058800 ms MarkObjects: 3.498000 ms  DeleteObjects: 0.174900 ms)

========================================================================
Received Prepare
Registering precompiled user dll's ...
Registered in 0.006344 seconds.
Begin MonoManager ReloadAssembly
Native extension for WindowsStandalone target not found
Refreshing native plugins compatible for Editor in 0.35 ms, found 2 plugins.
Preloading 0 native plugins for Editor in 0.00 ms.
Mono: successfully reloaded assembly
- Completed reload, in  1.057 seconds
Platform modules already initialized, skipping
Refreshing native plugins compatible for Editor in 0.48 ms, found 2 plugins.
Preloading 0 native plugins for Editor in 0.00 ms.
Unloading 1498 Unused Serialized files (Serialized files now loaded: 0)
System memory in use before: 80.8 MB.
System memory in use after: 80.9 MB.

Unloading 15 unused Assets to reduce memory usage. Loaded Objects now: 2103.
Total: 2.097500 ms (FindLiveObjects: 0.156800 ms CreateObjectMapping: 0.049400 ms MarkObjects: 1.781000 ms  DeleteObjects: 0.109500 ms)

========================================================================
Received Prepare
Registering precompiled user dll's ...
Registered in 0.004068 seconds.
Begin MonoManager ReloadAssembly
Native extension for WindowsStandalone target not found
Refreshing native plugins compatible for Editor in 0.35 ms, found 2 plugins.
Preloading 0 native plugins for Editor in 0.00 ms.
Mono: successfully reloaded assembly
- Completed reload, in  0.998 seconds
Platform modules already initialized, skipping
Refreshing native plugins compatible for Editor in 0.40 ms, found 2 plugins.
Preloading 0 native plugins for Editor in 0.00 ms.
Unloading 1498 Unused Serialized files (Serialized files now loaded: 0)
System memory in use before: 80.8 MB.
System memory in use after: 80.9 MB.

Unloading 15 unused Assets to reduce memory usage. Loaded Objects now: 2106.
Total: 2.425400 ms (FindLiveObjects: 0.143400 ms CreateObjectMapping: 0.050400 ms MarkObjects: 2.111100 ms  DeleteObjects: 0.119700 ms)

========================================================================
Received Prepare
Registering precompiled user dll's ...
Registered in 0.008282 seconds.
Begin MonoManager ReloadAssembly
Native extension for WindowsStandalone target not found
Refreshing native plugins compatible for Editor in 0.35 ms, found 2 plugins.
Preloading 0 native plugins for Editor in 0.00 ms.
Mono: successfully reloaded assembly
- Completed reload, in  0.899 seconds
Platform modules already initialized, skipping
Refreshing native plugins compatible for Editor in 0.40 ms, found 2 plugins.
Preloading 0 native plugins for Editor in 0.00 ms.
Unloading 1498 Unused Serialized files (Serialized files now loaded: 0)
System memory in use before: 80.8 MB.
System memory in use after: 80.9 MB.

Unloading 15 unused Assets to reduce memory usage. Loaded Objects now: 2109.
Total: 2.046400 ms (FindLiveObjects: 0.147600 ms CreateObjectMapping: 0.046900 ms MarkObjects: 1.740600 ms  DeleteObjects: 0.110300 ms)

========================================================================
Received Import Request.
  Time since last request: 2200.120322 seconds.
  path: Assets/03. Prefabs/Bullet 1.prefab
  artifactKey: Guid(fb1480a119dcd09418426e4b2dcd6be1) Importer(815301076,1909f56bfc062723c751e8b465ee728b)
Start importing Assets/03. Prefabs/Bullet 1.prefab using Guid(fb1480a119dcd09418426e4b2dcd6be1) Importer(815301076,1909f56bfc062723c751e8b465ee728b)  -> (artifact id: '1dce742d4187e099d58fc8c48a6f2bb2') in 0.114489 seconds
  Import took 0.118129 seconds .

========================================================================
Received Import Request.
  Time since last request: 15.084190 seconds.
  path: Assets/03. Prefabs/E_Bullet.prefab
  artifactKey: Guid(fb1480a119dcd09418426e4b2dcd6be1) Importer(815301076,1909f56bfc062723c751e8b465ee728b)
Start importing Assets/03. Prefabs/E_Bullet.prefab using Guid(fb1480a119dcd09418426e4b2dcd6be1) Importer(815301076,1909f56bfc062723c751e8b465ee728b)  -> (artifact id: '585c2ed0b322c8814eaa32ef8c0012b8') in 0.026403 seconds
  Import took 0.029726 seconds .

========================================================================
Received Import Request.
  Time since last request: 49.835858 seconds.
  path: Assets/03. Prefabs/E_Bullet.prefab
  artifactKey: Guid(fb1480a119dcd09418426e4b2dcd6be1) Importer(815301076,1909f56bfc062723c751e8b465ee728b)
Start importing Assets/03. Prefabs/E_Bullet.prefab using Guid(fb1480a119dcd09418426e4b2dcd6be1) Importer(815301076,1909f56bfc062723c751e8b465ee728b)  -> (artifact id: 'e8ad7094fa87eb1a6bf2598348f37984') in 0.031557 seconds
  Import took 0.034553 seconds .

========================================================================
Received Import Request.
  Time since last request: 24.287650 seconds.
  path: Assets/03. Prefabs/E_Bullet.prefab
  artifactKey: Guid(fb1480a119dcd09418426e4b2dcd6be1) Importer(815301076,1909f56bfc062723c751e8b465ee728b)
Start importing Assets/03. Prefabs/E_Bullet.prefab using Guid(fb1480a119dcd09418426e4b2dcd6be1) Importer(815301076,1909f56bfc062723c751e8b465ee728b)  -> (artifact id: '86ee4e6447dcbdf2b82e199992b5309f') in 0.028133 seconds
  Import took 0.031989 seconds .

========================================================================
Received Import Request.
  Time since last request: 21.182462 seconds.
  path: Assets/03. Prefabs/E_Bullet.prefab
  artifactKey: Guid(fb1480a119dcd09418426e4b2dcd6be1) Importer(815301076,1909f56bfc062723c751e8b465ee728b)
Start importing Assets/03. Prefabs/E_Bullet.prefab using Guid(fb1480a119dcd09418426e4b2dcd6be1) Importer(815301076,1909f56bfc062723c751e8b465ee728b)  -> (artifact id: 'f5a7f77e1c3aafba2804821f74ec1b20') in 0.024288 seconds
  Import took 0.028021 seconds .

========================================================================
Received Import Request.
  Time since last request: 0.005430 seconds.
  path: Assets/03. Prefabs/E_Bullet.prefab
  artifactKey: Guid(fb1480a119dcd09418426e4b2dcd6be1) Importer(815301076,1909f56bfc062723c751e8b465ee728b)
Start importing Assets/03. Prefabs/E_Bullet.prefab using Guid(fb1480a119dcd09418426e4b2dcd6be1) Importer(815301076,1909f56bfc062723c751e8b465ee728b)  -> (artifact id: 'f5a7f77e1c3aafba2804821f74ec1b20') in 0.020729 seconds
  Import took 0.023926 seconds .

========================================================================
Received Prepare
Registering precompiled user dll's ...
Registered in 0.004502 seconds.
Begin MonoManager ReloadAssembly
Native extension for WindowsStandalone target not found
Refreshing native plugins compatible for Editor in 0.53 ms, found 2 plugins.
Preloading 0 native plugins for Editor in 0.00 ms.
Mono: successfully reloaded assembly
- Completed reload, in  0.922 seconds
Platform modules already initialized, skipping
Refreshing native plugins compatible for Editor in 0.41 ms, found 2 plugins.
Preloading 0 native plugins for Editor in 0.00 ms.
Unloading 1498 Unused Serialized files (Serialized files now loaded: 0)
System memory in use before: 80.8 MB.
System memory in use after: 80.9 MB.

Unloading 15 unused Assets to reduce memory usage. Loaded Objects now: 2113.
Total: 2.078200 ms (FindLiveObjects: 0.178700 ms CreateObjectMapping: 0.054600 ms MarkObjects: 1.752200 ms  DeleteObjects: 0.091500 ms)

========================================================================
Received Prepare
Registering precompiled user dll's ...
Registered in 0.005037 seconds.
Begin MonoManager ReloadAssembly
Native extension for WindowsStandalone target not found
Refreshing native plugins compatible for Editor in 0.35 ms, found 2 plugins.
Preloading 0 native plugins for Editor in 0.00 ms.
Mono: successfully reloaded assembly
- Completed reload, in  0.921 seconds
Platform modules already initialized, skipping
Refreshing native plugins compatible for Editor in 0.39 ms, found 2 plugins.
Preloading 0 native plugins for Editor in 0.00 ms.
Unloading 1498 Unused Serialized files (Serialized files now loaded: 0)
System memory in use before: 80.8 MB.
System memory in use after: 80.9 MB.

Unloading 15 unused Assets to reduce memory usage. Loaded Objects now: 2116.
Total: 2.408800 ms (FindLiveObjects: 0.149200 ms CreateObjectMapping: 0.043400 ms MarkObjects: 2.102600 ms  DeleteObjects: 0.112700 ms)

========================================================================
Received Prepare
Registering precompiled user dll's ...
Registered in 0.004194 seconds.
Begin MonoManager ReloadAssembly
Native extension for WindowsStandalone target not found
Refreshing native plugins compatible for Editor in 0.35 ms, found 2 plugins.
Preloading 0 native plugins for Editor in 0.00 ms.
Mono: successfully reloaded assembly
- Completed reload, in  0.993 seconds
Platform modules already initialized, skipping
Refreshing native plugins compatible for Editor in 0.41 ms, found 2 plugins.
Preloading 0 native plugins for Editor in 0.00 ms.
Unloading 1498 Unused Serialized files (Serialized files now loaded: 0)
System memory in use before: 80.8 MB.
System memory in use after: 80.9 MB.

Unloading 15 unused Assets to reduce memory usage. Loaded Objects now: 2119.
Total: 2.355000 ms (FindLiveObjects: 0.159300 ms CreateObjectMapping: 0.051500 ms MarkObjects: 2.030500 ms  DeleteObjects: 0.113000 ms)

========================================================================
Received Prepare
Registering precompiled user dll's ...
Registered in 0.004535 seconds.
Begin MonoManager ReloadAssembly
Native extension for WindowsStandalone target not found
Refreshing native plugins compatible for Editor in 0.36 ms, found 2 plugins.
Preloading 0 native plugins for Editor in 0.00 ms.
Mono: successfully reloaded assembly
- Completed reload, in  0.956 seconds
Platform modules already initialized, skipping
Refreshing native plugins compatible for Editor in 0.37 ms, found 2 plugins.
Preloading 0 native plugins for Editor in 0.00 ms.
Unloading 1498 Unused Serialized files (Serialized files now loaded: 0)
System memory in use before: 80.9 MB.
System memory in use after: 80.9 MB.

Unloading 15 unused Assets to reduce memory usage. Loaded Objects now: 2122.
Total: 2.756300 ms (FindLiveObjects: 0.182400 ms CreateObjectMapping: 0.095100 ms MarkObjects: 2.394900 ms  DeleteObjects: 0.083000 ms)

========================================================================
Received Import Request.
  Time since last request: 1908.788220 seconds.
  path: ProjectSettings/TagManager.asset
  artifactKey: Guid(00000000000000003000000000000000) Importer(815301076,1909f56bfc062723c751e8b465ee728b)
Start importing ProjectSettings/TagManager.asset using Guid(00000000000000003000000000000000) Importer(815301076,1909f56bfc062723c751e8b465ee728b)  -> (artifact id: 'e161136251e34e52a514979e916d027a') in 0.043295 seconds
  Import took 0.046224 seconds .

========================================================================
Received Prepare
Registering precompiled user dll's ...
Registered in 0.004759 seconds.
Begin MonoManager ReloadAssembly
Native extension for WindowsStandalone target not found
Refreshing native plugins compatible for Editor in 0.44 ms, found 2 plugins.
Preloading 0 native plugins for Editor in 0.00 ms.
Mono: successfully reloaded assembly
- Completed reload, in  0.939 seconds
Platform modules already initialized, skipping
Refreshing native plugins compatible for Editor in 0.40 ms, found 2 plugins.
Preloading 0 native plugins for Editor in 0.00 ms.
Unloading 1498 Unused Serialized files (Serialized files now loaded: 0)
System memory in use before: 80.9 MB.
System memory in use after: 81.0 MB.

Unloading 16 unused Assets to reduce memory usage. Loaded Objects now: 2125.
Total: 2.091300 ms (FindLiveObjects: 0.164200 ms CreateObjectMapping: 0.053000 ms MarkObjects: 1.762200 ms  DeleteObjects: 0.111100 ms)

========================================================================
Received Import Request.
  Time since last request: 646.559550 seconds.
  path: Assets/03. Prefabs/MuzzleFlash.png
  artifactKey: Guid(6bd84c500c3229a488c844555b9e4cf2) Importer(815301076,1909f56bfc062723c751e8b465ee728b)
Start importing Assets/03. Prefabs/MuzzleFlash.png using Guid(6bd84c500c3229a488c844555b9e4cf2) Importer(815301076,1909f56bfc062723c751e8b465ee728b)  -> (artifact id: '5f870a485f40a9a997a4c4c3b6200ceb') in 0.077451 seconds
  Import took 0.081171 seconds .

========================================================================
Received Prepare
Registering precompiled user dll's ...
Registered in 0.004821 seconds.
Begin MonoManager ReloadAssembly
Native extension for WindowsStandalone target not found
Refreshing native plugins compatible for Editor in 0.35 ms, found 2 plugins.
Preloading 0 native plugins for Editor in 0.00 ms.
Mono: successfully reloaded assembly
- Completed reload, in  1.021 seconds
Platform modules already initialized, skipping
Refreshing native plugins compatible for Editor in 0.40 ms, found 2 plugins.
Preloading 0 native plugins for Editor in 0.00 ms.
Unloading 1498 Unused Serialized files (Serialized files now loaded: 0)
System memory in use before: 80.9 MB.
System memory in use after: 81.0 MB.

Unloading 15 unused Assets to reduce memory usage. Loaded Objects now: 2129.
Total: 2.883700 ms (FindLiveObjects: 0.155600 ms CreateObjectMapping: 0.048200 ms MarkObjects: 2.520200 ms  DeleteObjects: 0.158800 ms)

========================================================================
Received Prepare
Registering precompiled user dll's ...
Registered in 0.005173 seconds.
Begin MonoManager ReloadAssembly
Native extension for WindowsStandalone target not found
Refreshing native plugins compatible for Editor in 0.36 ms, found 2 plugins.
Preloading 0 native plugins for Editor in 0.00 ms.
Mono: successfully reloaded assembly
- Completed reload, in  0.964 seconds
Platform modules already initialized, skipping
Refreshing native plugins compatible for Editor in 0.41 ms, found 2 plugins.
Preloading 0 native plugins for Editor in 0.00 ms.
Unloading 1498 Unused Serialized files (Serialized files now loaded: 0)
System memory in use before: 80.9 MB.
System memory in use after: 81.0 MB.

Unloading 15 unused Assets to reduce memory usage. Loaded Objects now: 2132.
Total: 2.192700 ms (FindLiveObjects: 0.170400 ms CreateObjectMapping: 0.053100 ms MarkObjects: 1.869500 ms  DeleteObjects: 0.085200 ms)

========================================================================
Received Prepare
Registering precompiled user dll's ...
Registered in 0.004561 seconds.
Begin MonoManager ReloadAssembly
Native extension for WindowsStandalone target not found
Refreshing native plugins compatible for Editor in 0.36 ms, found 2 plugins.
Preloading 0 native plugins for Editor in 0.00 ms.
Mono: successfully reloaded assembly
- Completed reload, in  0.991 seconds
Platform modules already initialized, skipping
Refreshing native plugins compatible for Editor in 0.41 ms, found 2 plugins.
Preloading 0 native plugins for Editor in 0.00 ms.
Unloading 1498 Unused Serialized files (Serialized files now loaded: 0)
System memory in use before: 80.9 MB.
System memory in use after: 81.0 MB.

Unloading 15 unused Assets to reduce memory usage. Loaded Objects now: 2135.
Total: 2.068600 ms (FindLiveObjects: 0.164700 ms CreateObjectMapping: 0.054400 ms MarkObjects: 1.741300 ms  DeleteObjects: 0.107500 ms)

========================================================================
Received Prepare
Registering precompiled user dll's ...
Registered in 0.004287 seconds.
Begin MonoManager ReloadAssembly
Native extension for WindowsStandalone target not found
Refreshing native plugins compatible for Editor in 0.37 ms, found 2 plugins.
Preloading 0 native plugins for Editor in 0.00 ms.
Mono: successfully reloaded assembly
- Completed reload, in  1.003 seconds
Platform modules already initialized, skipping
Refreshing native plugins compatible for Editor in 0.45 ms, found 2 plugins.
Preloading 0 native plugins for Editor in 0.00 ms.
Unloading 1498 Unused Serialized files (Serialized files now loaded: 0)
System memory in use before: 80.9 MB.
System memory in use after: 81.0 MB.

Unloading 15 unused Assets to reduce memory usage. Loaded Objects now: 2138.
Total: 4.554500 ms (FindLiveObjects: 0.245000 ms CreateObjectMapping: 0.091400 ms MarkObjects: 4.074900 ms  DeleteObjects: 0.142100 ms)

========================================================================
Received Prepare
Registering precompiled user dll's ...
Registered in 0.004276 seconds.
Begin MonoManager ReloadAssembly
Native extension for WindowsStandalone target not found
Refreshing native plugins compatible for Editor in 0.35 ms, found 2 plugins.
Preloading 0 native plugins for Editor in 0.00 ms.
Mono: successfully reloaded assembly
- Completed reload, in  0.945 seconds
Platform modules already initialized, skipping
Refreshing native plugins compatible for Editor in 0.42 ms, found 2 plugins.
Preloading 0 native plugins for Editor in 0.00 ms.
Unloading 1498 Unused Serialized files (Serialized files now loaded: 0)
System memory in use before: 80.9 MB.
System memory in use after: 81.0 MB.

Unloading 15 unused Assets to reduce memory usage. Loaded Objects now: 2141.
Total: 2.106900 ms (FindLiveObjects: 0.168500 ms CreateObjectMapping: 0.052800 ms MarkObjects: 1.789000 ms  DeleteObjects: 0.095100 ms)

========================================================================
Received Prepare
Registering precompiled user dll's ...
Registered in 0.004224 seconds.
Begin MonoManager ReloadAssembly
Native extension for WindowsStandalone target not found
Refreshing native plugins compatible for Editor in 0.35 ms, found 2 plugins.
Preloading 0 native plugins for Editor in 0.00 ms.
Mono: successfully reloaded assembly
- Completed reload, in  0.981 seconds
Platform modules already initialized, skipping
Refreshing native plugins compatible for Editor in 0.40 ms, found 2 plugins.
Preloading 0 native plugins for Editor in 0.00 ms.
Unloading 1498 Unused Serialized files (Serialized files now loaded: 0)
System memory in use before: 80.9 MB.
System memory in use after: 81.0 MB.

Unloading 15 unused Assets to reduce memory usage. Loaded Objects now: 2144.
Total: 2.136200 ms (FindLiveObjects: 0.149500 ms CreateObjectMapping: 0.044200 ms MarkObjects: 1.826900 ms  DeleteObjects: 0.114500 ms)

========================================================================
Received Prepare
Registering precompiled user dll's ...
Registered in 0.005492 seconds.
Begin MonoManager ReloadAssembly
Native extension for WindowsStandalone target not found
Refreshing native plugins compatible for Editor in 0.38 ms, found 2 plugins.
Preloading 0 native plugins for Editor in 0.00 ms.
Mono: successfully reloaded assembly
- Completed reload, in  0.969 seconds
Platform modules already initialized, skipping
Refreshing native plugins compatible for Editor in 0.39 ms, found 2 plugins.
Preloading 0 native plugins for Editor in 0.00 ms.
Unloading 1498 Unused Serialized files (Serialized files now loaded: 0)
System memory in use before: 80.9 MB.
System memory in use after: 81.0 MB.

Unloading 15 unused Assets to reduce memory usage. Loaded Objects now: 2147.
Total: 2.061300 ms (FindLiveObjects: 0.151400 ms CreateObjectMapping: 0.047100 ms MarkObjects: 1.750800 ms  DeleteObjects: 0.111100 ms)

========================================================================
Received Prepare
Registering precompiled user dll's ...
Registered in 0.004662 seconds.
Begin MonoManager ReloadAssembly
Native extension for WindowsStandalone target not found
Refreshing native plugins compatible for Editor in 0.37 ms, found 2 plugins.
Preloading 0 native plugins for Editor in 0.00 ms.
Mono: successfully reloaded assembly
- Completed reload, in  0.971 seconds
Platform modules already initialized, skipping
Refreshing native plugins compatible for Editor in 0.39 ms, found 2 plugins.
Preloading 0 native plugins for Editor in 0.00 ms.
Unloading 1498 Unused Serialized files (Serialized files now loaded: 0)
System memory in use before: 80.9 MB.
System memory in use after: 81.0 MB.

Unloading 15 unused Assets to reduce memory usage. Loaded Objects now: 2150.
Total: 2.085800 ms (FindLiveObjects: 0.165200 ms CreateObjectMapping: 0.053500 ms MarkObjects: 1.755900 ms  DeleteObjects: 0.110200 ms)

========================================================================
Received Prepare
Registering precompiled user dll's ...
Registered in 0.006207 seconds.
Begin MonoManager ReloadAssembly
Native extension for WindowsStandalone target not found
Refreshing native plugins compatible for Editor in 0.84 ms, found 2 plugins.
Preloading 0 native plugins for Editor in 0.00 ms.
Mono: successfully reloaded assembly
- Completed reload, in  0.939 seconds
Platform modules already initialized, skipping
Refreshing native plugins compatible for Editor in 0.40 ms, found 2 plugins.
Preloading 0 native plugins for Editor in 0.00 ms.
Unloading 1498 Unused Serialized files (Serialized files now loaded: 0)
System memory in use before: 80.9 MB.
System memory in use after: 81.0 MB.

Unloading 15 unused Assets to reduce memory usage. Loaded Objects now: 2153.
Total: 2.327500 ms (FindLiveObjects: 0.146500 ms CreateObjectMapping: 0.044500 ms MarkObjects: 2.027700 ms  DeleteObjects: 0.107900 ms)

========================================================================
Received Import Request.
  Time since last request: 2628.167870 seconds.
  path: Assets/07. Animations/Controllers/EnemyAnim.controller
  artifactKey: Guid(fd282fe2a58eca545b94aada44611af8) Importer(815301076,1909f56bfc062723c751e8b465ee728b)
Start importing Assets/07. Animations/Controllers/EnemyAnim.controller using Guid(fd282fe2a58eca545b94aada44611af8) Importer(815301076,1909f56bfc062723c751e8b465ee728b)  -> (artifact id: 'b3b4c7cef3579e057b017d7ee4290169') in 0.073727 seconds
  Import took 0.077395 seconds .

========================================================================
Received Import Request.
  Time since last request: 14.147101 seconds.
  path: Assets/07. Animations/Controllers/EnemyReload.mask
  artifactKey: Guid(16b9913b7496e8347aeac3c6ccf7b37f) Importer(815301076,1909f56bfc062723c751e8b465ee728b)
Start importing Assets/07. Animations/Controllers/EnemyReload.mask using Guid(16b9913b7496e8347aeac3c6ccf7b37f) Importer(815301076,1909f56bfc062723c751e8b465ee728b)  -> (artifact id: '8328782837c9b57c7e79d1206eef10fb') in 0.010584 seconds
  Import took 0.014196 seconds .

========================================================================
Received Prepare
Registering precompiled user dll's ...
Registered in 0.005507 seconds.
Begin MonoManager ReloadAssembly
Native extension for WindowsStandalone target not found
Refreshing native plugins compatible for Editor in 0.35 ms, found 2 plugins.
Preloading 0 native plugins for Editor in 0.00 ms.
Mono: successfully reloaded assembly
- Completed reload, in  0.959 seconds
Platform modules already initialized, skipping
Refreshing native plugins compatible for Editor in 0.41 ms, found 2 plugins.
Preloading 0 native plugins for Editor in 0.00 ms.
Unloading 1498 Unused Serialized files (Serialized files now loaded: 0)
System memory in use before: 80.9 MB.
System memory in use after: 81.0 MB.

Unloading 15 unused Assets to reduce memory usage. Loaded Objects now: 2156.
Total: 2.157100 ms (FindLiveObjects: 0.166000 ms CreateObjectMapping: 0.052600 ms MarkObjects: 1.801000 ms  DeleteObjects: 0.136600 ms)

AssetImportWorkerClient::OnTransportError - code=2 error=End of file
