Using pre-set license
Built from '2020.3/staging' branch; Version is '2020.3.10f1 (297d780c91bc) revision 2719096'; Using compiler version '192528614'; Build Type 'Release'
OS: 'Windows 10 Pro; OS build 19042.985; Version 2009; 64bit' Language: 'ko' Physical Memory: 8150 MB
BatchMode: 1, IsHumanControllingUs: 0, StartBugReporterOnCrash: 0, Is64bit: 1, IsPro: 0

 COMMAND LINE ARGUMENTS:
C:\Program Files\Unity\Hub\Editor\2020.3.10f1\Editor\Unity.exe
-adb2
-batchMode
-noUpm
-name
AssetImportWorker0
-projectPath
C:/Users/admin/source/repos/Tunier/Class_Unity/21.06.03
-logFile
Logs/AssetImportWorker0.log
-srvPort
55189
Successfully changed project path to: C:/Users/admin/source/repos/Tunier/Class_Unity/21.06.03
C:/Users/admin/source/repos/Tunier/Class_Unity/21.06.03
Using Asset Import Pipeline V2.
Refreshing native plugins compatible for Editor in 28.92 ms, found 2 plugins.
Preloading 0 native plugins for Editor in 0.00 ms.
Initialize engine version: 2020.3.10f1 (297d780c91bc)
[Subsystems] Discovering subsystems at path C:/Program Files/Unity/Hub/Editor/2020.3.10f1/Editor/Data/Resources/UnitySubsystems
[Subsystems] Discovering subsystems at path C:/Users/admin/source/repos/Tunier/Class_Unity/21.06.03/Assets
GfxDevice: creating device client; threaded=0
Direct3D:
    Version:  Direct3D 11.0 [level 11.1]
    Renderer: NVIDIA GeForce GTX 1050 Ti (ID=0x1c82)
    Vendor:   
    VRAM:     4018 MB
    Driver:   27.21.14.6589
Initialize mono
Mono path[0] = 'C:/Program Files/Unity/Hub/Editor/2020.3.10f1/Editor/Data/Managed'
Mono path[1] = 'C:/Program Files/Unity/Hub/Editor/2020.3.10f1/Editor/Data/MonoBleedingEdge/lib/mono/unityjit'
Mono config path = 'C:/Program Files/Unity/Hub/Editor/2020.3.10f1/Editor/Data/MonoBleedingEdge/etc'
Using monoOptions --debugger-agent=transport=dt_socket,embedding=1,server=y,suspend=n,address=127.0.0.1:56720
Begin MonoManager ReloadAssembly
Registering precompiled unity dll's ...
Register platform support module: C:/Program Files/Unity/Hub/Editor/2020.3.10f1/Editor/Data/PlaybackEngines/WindowsStandaloneSupport/UnityEditor.WindowsStandalone.Extensions.dll
Registered in 0.001887 seconds.
Native extension for WindowsStandalone target not found
Refreshing native plugins compatible for Editor in 24.88 ms, found 2 plugins.
Preloading 0 native plugins for Editor in 0.00 ms.
Mono: successfully reloaded assembly
- Completed reload, in  1.050 seconds
Platform modules already initialized, skipping
Registering precompiled user dll's ...
Registered in 0.003702 seconds.
Begin MonoManager ReloadAssembly
Native extension for WindowsStandalone target not found
Refreshing native plugins compatible for Editor in 0.29 ms, found 2 plugins.
Preloading 0 native plugins for Editor in 0.00 ms.
Mono: successfully reloaded assembly
- Completed reload, in  1.010 seconds
Platform modules already initialized, skipping
========================================================================
Worker process is ready to serve import requests
Launched and connected shader compiler UnityShaderCompiler.exe after 0.05 seconds
Refreshing native plugins compatible for Editor in 0.39 ms, found 2 plugins.
Preloading 0 native plugins for Editor in 0.00 ms.
Unloading 1386 Unused Serialized files (Serialized files now loaded: 0)
System memory in use before: 67.3 MB.
System memory in use after: 67.4 MB.

Unloading 19 unused Assets to reduce memory usage. Loaded Objects now: 1819.
Total: 2.005100 ms (FindLiveObjects: 0.129000 ms CreateObjectMapping: 0.040700 ms MarkObjects: 1.726600 ms  DeleteObjects: 0.107900 ms)

========================================================================
Received Import Request.
  path: Assets
  artifactKey: Guid(00000000000000001000000000000000) Importer(815301076,1909f56bfc062723c751e8b465ee728b)
Start importing Assets using Guid(00000000000000001000000000000000) Importer(815301076,1909f56bfc062723c751e8b465ee728b)  -> (artifact id: '42d402b061de3733987d63b9cc3b64de') in 0.009640 seconds
  Import took 0.011897 seconds .

========================================================================
Received Import Request.
  Time since last request: 0.110299 seconds.
  path: Assets/New Folder
  artifactKey: Guid(cfbd217d334c2cc43ac58d65da59b02b) Importer(815301076,1909f56bfc062723c751e8b465ee728b)
Start importing Assets/New Folder using Guid(cfbd217d334c2cc43ac58d65da59b02b) Importer(815301076,1909f56bfc062723c751e8b465ee728b)  -> (artifact id: 'e64229899daf8653bb5eda4724d214bc') in 0.013666 seconds
  Import took 0.017780 seconds .

========================================================================
Received Import Request.
  Time since last request: 0.624669 seconds.
  path: Assets/New Folder 1
  artifactKey: Guid(1a758d33f59d25e4eb319a23c8d31bed) Importer(815301076,1909f56bfc062723c751e8b465ee728b)
Start importing Assets/New Folder 1 using Guid(1a758d33f59d25e4eb319a23c8d31bed) Importer(815301076,1909f56bfc062723c751e8b465ee728b)  -> (artifact id: '27e96c07f10702c7f47c0c7091386b71') in 0.015563 seconds
  Import took 0.018354 seconds .

========================================================================
Received Import Request.
  Time since last request: 0.416446 seconds.
  path: Assets/New Folder 2
  artifactKey: Guid(809709b121ac32f409db16e11c631395) Importer(815301076,1909f56bfc062723c751e8b465ee728b)
Start importing Assets/New Folder 2 using Guid(809709b121ac32f409db16e11c631395) Importer(815301076,1909f56bfc062723c751e8b465ee728b)  -> (artifact id: '434f45b753f413a18cbb2e583bba512e') in 0.012648 seconds
  Import took 0.015855 seconds .

========================================================================
Received Import Request.
  Time since last request: 0.098085 seconds.
  path: Assets/New Folder 3
  artifactKey: Guid(fd158d1a8d818f643a8846f3404b05cb) Importer(815301076,1909f56bfc062723c751e8b465ee728b)
Start importing Assets/New Folder 3 using Guid(fd158d1a8d818f643a8846f3404b05cb) Importer(815301076,1909f56bfc062723c751e8b465ee728b)  -> (artifact id: '98652e910b0b96153ec5152fe5aab59e') in 0.015015 seconds
  Import took 0.017795 seconds .

========================================================================
Received Import Request.
  Time since last request: 0.581888 seconds.
  path: Assets/New Folder 4
  artifactKey: Guid(7a1c31f5827b7814fa93ed6aa4255109) Importer(815301076,1909f56bfc062723c751e8b465ee728b)
Start importing Assets/New Folder 4 using Guid(7a1c31f5827b7814fa93ed6aa4255109) Importer(815301076,1909f56bfc062723c751e8b465ee728b)  -> (artifact id: '8b24e04359db5cd488c041312d0ce6f4') in 0.012748 seconds
  Import took 0.017341 seconds .

========================================================================
Received Import Request.
  Time since last request: 1.324718 seconds.
  path: Assets/New Folder 5
  artifactKey: Guid(879809bc08774fd419c0d55d50fb5a45) Importer(815301076,1909f56bfc062723c751e8b465ee728b)
Start importing Assets/New Folder 5 using Guid(879809bc08774fd419c0d55d50fb5a45) Importer(815301076,1909f56bfc062723c751e8b465ee728b)  -> (artifact id: '3e1b01f30ffb8f03072b884d3f1924f9') in 0.016848 seconds
  Import took 0.020277 seconds .

========================================================================
Received Import Request.
  Time since last request: 1.000881 seconds.
  path: Assets/Scenes
  artifactKey: Guid(026ec3789f516494f80f9f2a8c2dae3a) Importer(815301076,1909f56bfc062723c751e8b465ee728b)
Start importing Assets/Scenes using Guid(026ec3789f516494f80f9f2a8c2dae3a) Importer(815301076,1909f56bfc062723c751e8b465ee728b)  -> (artifact id: '62d46f59f67cc57a71fe504119310f97') in 0.011506 seconds
  Import took 0.014354 seconds .

========================================================================
Received Import Request.
  Time since last request: 4.964270 seconds.
  path: Assets/01. Scenes
  artifactKey: Guid(026ec3789f516494f80f9f2a8c2dae3a) Importer(815301076,1909f56bfc062723c751e8b465ee728b)
Start importing Assets/01. Scenes using Guid(026ec3789f516494f80f9f2a8c2dae3a) Importer(815301076,1909f56bfc062723c751e8b465ee728b)  -> (artifact id: '53438a53336ec1a40a094519154cfd78') in 0.014226 seconds
  Import took 0.017938 seconds .

AssetImportWorkerClient::OnTransportError - code=2 error=End of file
