Using pre-set license
Built from '2020.3/staging' branch; Version is '2020.3.10f1 (297d780c91bc) revision 2719096'; Using compiler version '192528614'; Build Type 'Release'
OS: 'Windows 10 Pro; OS build 19042.985; Version 2009; 64bit' Language: 'ko' Physical Memory: 8150 MB
BatchMode: 1, IsHumanControllingUs: 0, StartBugReporterOnCrash: 0, Is64bit: 1, IsPro: 0

 COMMAND LINE ARGUMENTS:
C:\Program Files\Unity\Hub\Editor\2020.3.10f1\Editor\Unity.exe
-adb2
-batchMode
-noUpm
-name
AssetImportWorker0
-projectPath
C:/Users/admin/source/repos/Tunier/Class_Unity/21.06.16_작업지시서
-logFile
Logs/AssetImportWorker0.log
-srvPort
60571
Successfully changed project path to: C:/Users/admin/source/repos/Tunier/Class_Unity/21.06.16_작업지시서
C:/Users/admin/source/repos/Tunier/Class_Unity/21.06.16_작업지시서
Using Asset Import Pipeline V2.
Refreshing native plugins compatible for Editor in 30.42 ms, found 2 plugins.
Preloading 0 native plugins for Editor in 0.00 ms.
Initialize engine version: 2020.3.10f1 (297d780c91bc)
[Subsystems] Discovering subsystems at path C:/Program Files/Unity/Hub/Editor/2020.3.10f1/Editor/Data/Resources/UnitySubsystems
[Subsystems] Discovering subsystems at path C:/Users/admin/source/repos/Tunier/Class_Unity/21.06.16_작업지시서/Assets
GfxDevice: creating device client; threaded=0
Direct3D:
    Version:  Direct3D 11.0 [level 11.1]
    Renderer: NVIDIA GeForce GTX 1050 Ti (ID=0x1c82)
    Vendor:   
    VRAM:     4018 MB
    Driver:   27.21.14.6589
Initialize mono
Mono path[0] = 'C:/Program Files/Unity/Hub/Editor/2020.3.10f1/Editor/Data/Managed'
Mono path[1] = 'C:/Program Files/Unity/Hub/Editor/2020.3.10f1/Editor/Data/MonoBleedingEdge/lib/mono/unityjit'
Mono config path = 'C:/Program Files/Unity/Hub/Editor/2020.3.10f1/Editor/Data/MonoBleedingEdge/etc'
Using monoOptions --debugger-agent=transport=dt_socket,embedding=1,server=y,suspend=n,address=127.0.0.1:56820
Begin MonoManager ReloadAssembly
Registering precompiled unity dll's ...
Register platform support module: C:/Program Files/Unity/Hub/Editor/2020.3.10f1/Editor/Data/PlaybackEngines/WindowsStandaloneSupport/UnityEditor.WindowsStandalone.Extensions.dll
Registered in 0.001888 seconds.
Native extension for WindowsStandalone target not found
Refreshing native plugins compatible for Editor in 28.48 ms, found 2 plugins.
Preloading 0 native plugins for Editor in 0.00 ms.
Mono: successfully reloaded assembly
- Completed reload, in  1.834 seconds
Platform modules already initialized, skipping
Registering precompiled user dll's ...
Registered in 0.004098 seconds.
Begin MonoManager ReloadAssembly
Native extension for WindowsStandalone target not found
Refreshing native plugins compatible for Editor in 0.28 ms, found 2 plugins.
Preloading 0 native plugins for Editor in 0.00 ms.
Mono: successfully reloaded assembly
- Completed reload, in  1.021 seconds
Platform modules already initialized, skipping
========================================================================
Worker process is ready to serve import requests
Launched and connected shader compiler UnityShaderCompiler.exe after 0.05 seconds
Refreshing native plugins compatible for Editor in 0.28 ms, found 2 plugins.
Preloading 0 native plugins for Editor in 0.00 ms.
Unloading 1386 Unused Serialized files (Serialized files now loaded: 0)
System memory in use before: 67.3 MB.
System memory in use after: 67.4 MB.

Unloading 19 unused Assets to reduce memory usage. Loaded Objects now: 1819.
Total: 1.820800 ms (FindLiveObjects: 0.174500 ms CreateObjectMapping: 0.045900 ms MarkObjects: 1.492900 ms  DeleteObjects: 0.106700 ms)

========================================================================
Received Import Request.
  path: Assets/Scenes
  artifactKey: Guid(b7bd66d50f0d4a44d822edd7a55dad03) Importer(815301076,1909f56bfc062723c751e8b465ee728b)
Start importing Assets/Scenes using Guid(b7bd66d50f0d4a44d822edd7a55dad03) Importer(815301076,1909f56bfc062723c751e8b465ee728b)  -> (artifact id: 'f7dfd5274231ffeea72d0bb342d52418') in 0.009576 seconds
  Import took 0.011716 seconds .

========================================================================
Received Import Request.
  Time since last request: 2.656083 seconds.
  path: Assets/01. Scenes
  artifactKey: Guid(b7bd66d50f0d4a44d822edd7a55dad03) Importer(815301076,1909f56bfc062723c751e8b465ee728b)
Start importing Assets/01. Scenes using Guid(b7bd66d50f0d4a44d822edd7a55dad03) Importer(815301076,1909f56bfc062723c751e8b465ee728b)  -> (artifact id: 'c8829dbf22808ad25e54ddadee04ef42') in 0.011253 seconds
  Import took 0.014634 seconds .

========================================================================
Received Import Request.
  Time since last request: 5.077097 seconds.
  path: Assets/New Folder
  artifactKey: Guid(4288b001a85a9344896dd7d9a585e6f4) Importer(815301076,1909f56bfc062723c751e8b465ee728b)
Start importing Assets/New Folder using Guid(4288b001a85a9344896dd7d9a585e6f4) Importer(815301076,1909f56bfc062723c751e8b465ee728b)  -> (artifact id: '55c520292c4a8c28b336fee5bb1e6184') in 0.012797 seconds
  Import took 0.016568 seconds .

========================================================================
Received Import Request.
  Time since last request: 0.738398 seconds.
  path: Assets/New Folder 1
  artifactKey: Guid(26c3ba2c683580b4bb20c55f5cb64020) Importer(815301076,1909f56bfc062723c751e8b465ee728b)
Start importing Assets/New Folder 1 using Guid(26c3ba2c683580b4bb20c55f5cb64020) Importer(815301076,1909f56bfc062723c751e8b465ee728b)  -> (artifact id: '31363d2c4190a8ba07b9b7b69afd39b8') in 0.013660 seconds
  Import took 0.016593 seconds .

========================================================================
Received Import Request.
  Time since last request: 0.114361 seconds.
  path: Assets/New Folder 2
  artifactKey: Guid(297df5de1ae225b409a6ee662f0e64d9) Importer(815301076,1909f56bfc062723c751e8b465ee728b)
Start importing Assets/New Folder 2 using Guid(297df5de1ae225b409a6ee662f0e64d9) Importer(815301076,1909f56bfc062723c751e8b465ee728b)  -> (artifact id: '5ccacdda7d10d0377a989916c0d85f0b') in 0.012078 seconds
  Import took 0.015126 seconds .

========================================================================
Received Import Request.
  Time since last request: 0.000918 seconds.
  path: Assets/New Folder 2
  artifactKey: Guid(297df5de1ae225b409a6ee662f0e64d9) Importer(815301076,1909f56bfc062723c751e8b465ee728b)
Start importing Assets/New Folder 2 using Guid(297df5de1ae225b409a6ee662f0e64d9) Importer(815301076,1909f56bfc062723c751e8b465ee728b)  -> (artifact id: '5ccacdda7d10d0377a989916c0d85f0b') in 0.008017 seconds
  Import took 0.012144 seconds .

========================================================================
Received Import Request.
  Time since last request: 0.161688 seconds.
  path: Assets/New Folder 3
  artifactKey: Guid(8768a0ba665a6f24aa44f90e305a868f) Importer(815301076,1909f56bfc062723c751e8b465ee728b)
Start importing Assets/New Folder 3 using Guid(8768a0ba665a6f24aa44f90e305a868f) Importer(815301076,1909f56bfc062723c751e8b465ee728b)  -> (artifact id: 'fecbac5c749bccc8b13c50621449c6b5') in 0.012425 seconds
  Import took 0.015630 seconds .

========================================================================
Received Import Request.
  Time since last request: 0.090167 seconds.
  path: Assets/New Folder 4
  artifactKey: Guid(3beccf1b171609042be8d2eb9cc47f51) Importer(815301076,1909f56bfc062723c751e8b465ee728b)
Start importing Assets/New Folder 4 using Guid(3beccf1b171609042be8d2eb9cc47f51) Importer(815301076,1909f56bfc062723c751e8b465ee728b)  -> (artifact id: '639ca929549f303d6b34421163efe3af') in 0.013086 seconds
  Import took 0.016104 seconds .

========================================================================
Received Import Request.
  Time since last request: 0.079068 seconds.
  path: Assets/New Folder 5
  artifactKey: Guid(3c6b58bdbdaa21c418372f2dfeb6704f) Importer(815301076,1909f56bfc062723c751e8b465ee728b)
Start importing Assets/New Folder 5 using Guid(3c6b58bdbdaa21c418372f2dfeb6704f) Importer(815301076,1909f56bfc062723c751e8b465ee728b)  -> (artifact id: 'd0a90380d9ab085bddc89cb50c87766c') in 0.012011 seconds
  Import took 0.015045 seconds .

========================================================================
Received Import Request.
  Time since last request: 32.611159 seconds.
  path: Assets/02. Scripts
  artifactKey: Guid(4288b001a85a9344896dd7d9a585e6f4) Importer(815301076,1909f56bfc062723c751e8b465ee728b)
Start importing Assets/02. Scripts using Guid(4288b001a85a9344896dd7d9a585e6f4) Importer(815301076,1909f56bfc062723c751e8b465ee728b)  -> (artifact id: 'd8806001a57dfc1475957e161c056c7f') in 0.012056 seconds
  Import took 0.015010 seconds .

========================================================================
Received Import Request.
  Time since last request: 7.635952 seconds.
  path: Assets/03. prefebs
  artifactKey: Guid(26c3ba2c683580b4bb20c55f5cb64020) Importer(815301076,1909f56bfc062723c751e8b465ee728b)
Start importing Assets/03. prefebs using Guid(26c3ba2c683580b4bb20c55f5cb64020) Importer(815301076,1909f56bfc062723c751e8b465ee728b)  -> (artifact id: '1280554544bcbe76d35fcf4ae2674b1c') in 0.010169 seconds
  Import took 0.013111 seconds .

========================================================================
Received Import Request.
  Time since last request: 5.390614 seconds.
  path: Assets/03. prefabs
  artifactKey: Guid(26c3ba2c683580b4bb20c55f5cb64020) Importer(815301076,1909f56bfc062723c751e8b465ee728b)
Start importing Assets/03. prefabs using Guid(26c3ba2c683580b4bb20c55f5cb64020) Importer(815301076,1909f56bfc062723c751e8b465ee728b)  -> (artifact id: 'f64a5ca27cd6411fbbf2760311084c97') in 0.010831 seconds
  Import took 0.013497 seconds .

========================================================================
Received Import Request.
  Time since last request: 9.111034 seconds.
  path: Assets/04. images
  artifactKey: Guid(297df5de1ae225b409a6ee662f0e64d9) Importer(815301076,1909f56bfc062723c751e8b465ee728b)
Start importing Assets/04. images using Guid(297df5de1ae225b409a6ee662f0e64d9) Importer(815301076,1909f56bfc062723c751e8b465ee728b)  -> (artifact id: '43973e869905f463ed642ed4d23a3fcc') in 0.010169 seconds
  Import took 0.012899 seconds .

========================================================================
Received Import Request.
  Time since last request: 3.890095 seconds.
  path: Assets/04. Images
  artifactKey: Guid(297df5de1ae225b409a6ee662f0e64d9) Importer(815301076,1909f56bfc062723c751e8b465ee728b)
Start importing Assets/04. Images using Guid(297df5de1ae225b409a6ee662f0e64d9) Importer(815301076,1909f56bfc062723c751e8b465ee728b)  -> (artifact id: 'e0ef83b4cee6c60515edd1c56f644bb5') in 0.013100 seconds
  Import took 0.016007 seconds .

========================================================================
Received Import Request.
  Time since last request: 9.692011 seconds.
  path: Assets/05. Models
  artifactKey: Guid(8768a0ba665a6f24aa44f90e305a868f) Importer(815301076,1909f56bfc062723c751e8b465ee728b)
Start importing Assets/05. Models using Guid(8768a0ba665a6f24aa44f90e305a868f) Importer(815301076,1909f56bfc062723c751e8b465ee728b)  -> (artifact id: '7a35996f39be087b9488951aeb4622df') in 0.012387 seconds
  Import took 0.015914 seconds .

========================================================================
Received Import Request.
  Time since last request: 3.190893 seconds.
  path: Assets/06. Sounds
  artifactKey: Guid(3beccf1b171609042be8d2eb9cc47f51) Importer(815301076,1909f56bfc062723c751e8b465ee728b)
Start importing Assets/06. Sounds using Guid(3beccf1b171609042be8d2eb9cc47f51) Importer(815301076,1909f56bfc062723c751e8b465ee728b)  -> (artifact id: '61a65557349c60a377f76072d35c2010') in 0.011933 seconds
  Import took 0.014893 seconds .

========================================================================
Received Import Request.
  Time since last request: 6.848314 seconds.
  path: Assets/07. Animations
  artifactKey: Guid(3c6b58bdbdaa21c418372f2dfeb6704f) Importer(815301076,1909f56bfc062723c751e8b465ee728b)
Start importing Assets/07. Animations using Guid(3c6b58bdbdaa21c418372f2dfeb6704f) Importer(815301076,1909f56bfc062723c751e8b465ee728b)  -> (artifact id: 'ab484aec29dcfa0fbbf4b113c91c226a') in 0.014721 seconds
  Import took 0.017667 seconds .

AssetImportWorkerClient::OnTransportError - code=2 error=End of file
