Using pre-set license
Built from '2020.3/staging' branch; Version is '2020.3.10f1 (297d780c91bc) revision 2719096'; Using compiler version '192528614'; Build Type 'Release'
OS: 'Windows 10 Pro; OS build 19041.1052; Version 2004; 64bit' Language: 'ko' Physical Memory: 16304 MB
BatchMode: 1, IsHumanControllingUs: 0, StartBugReporterOnCrash: 0, Is64bit: 1, IsPro: 0

 COMMAND LINE ARGUMENTS:
C:\Program Files\Unity\2020.3.10f1\Editor\Unity.exe
-adb2
-batchMode
-noUpm
-name
AssetImportWorker0
-projectPath
C:/Users/Yang/source/repos/Class_Unity/21.06.16_작업지시서
-logFile
Logs/AssetImportWorker0.log
-srvPort
57225
Successfully changed project path to: C:/Users/Yang/source/repos/Class_Unity/21.06.16_작업지시서
C:/Users/Yang/source/repos/Class_Unity/21.06.16_작업지시서
Using Asset Import Pipeline V2.
Refreshing native plugins compatible for Editor in 39.20 ms, found 2 plugins.
Preloading 0 native plugins for Editor in 0.00 ms.
Initialize engine version: 2020.3.10f1 (297d780c91bc)
[Subsystems] Discovering subsystems at path C:/Program Files/Unity/2020.3.10f1/Editor/Data/Resources/UnitySubsystems
[Subsystems] Discovering subsystems at path C:/Users/Yang/source/repos/Class_Unity/21.06.16_작업지시서/Assets
GfxDevice: creating device client; threaded=0
Direct3D:
    Version:  Direct3D 11.0 [level 11.1]
    Renderer: NVIDIA GeForce GTX 1060 3GB (ID=0x1c02)
    Vendor:   
    VRAM:     2988 MB
    Driver:   27.21.14.6677
Initialize mono
Mono path[0] = 'C:/Program Files/Unity/2020.3.10f1/Editor/Data/Managed'
Mono path[1] = 'C:/Program Files/Unity/2020.3.10f1/Editor/Data/MonoBleedingEdge/lib/mono/unityjit'
Mono config path = 'C:/Program Files/Unity/2020.3.10f1/Editor/Data/MonoBleedingEdge/etc'
Using monoOptions --debugger-agent=transport=dt_socket,embedding=1,server=y,suspend=n,address=127.0.0.1:56384
Begin MonoManager ReloadAssembly
Registering precompiled unity dll's ...
Register platform support module: C:/Program Files/Unity/2020.3.10f1/Editor/Data/PlaybackEngines/WindowsStandaloneSupport/UnityEditor.WindowsStandalone.Extensions.dll
Registered in 0.004887 seconds.
Native extension for WindowsStandalone target not found
Refreshing native plugins compatible for Editor in 32.52 ms, found 2 plugins.
Preloading 0 native plugins for Editor in 0.00 ms.
Mono: successfully reloaded assembly
- Completed reload, in  3.478 seconds
Platform modules already initialized, skipping
Registering precompiled user dll's ...
Registered in 0.008555 seconds.
Begin MonoManager ReloadAssembly
Native extension for WindowsStandalone target not found
Refreshing native plugins compatible for Editor in 0.31 ms, found 2 plugins.
Preloading 0 native plugins for Editor in 0.00 ms.
Mono: successfully reloaded assembly
- Completed reload, in  1.149 seconds
Platform modules already initialized, skipping
========================================================================
Worker process is ready to serve import requests
Launched and connected shader compiler UnityShaderCompiler.exe after 0.07 seconds
Refreshing native plugins compatible for Editor in 0.32 ms, found 2 plugins.
Preloading 0 native plugins for Editor in 0.00 ms.
Unloading 1395 Unused Serialized files (Serialized files now loaded: 0)
System memory in use before: 69.6 MB.
System memory in use after: 69.6 MB.

Unloading 19 unused Assets to reduce memory usage. Loaded Objects now: 1834.
Total: 2.405200 ms (FindLiveObjects: 0.249100 ms CreateObjectMapping: 0.061600 ms MarkObjects: 2.007200 ms  DeleteObjects: 0.086100 ms)

========================================================================
Received Import Request.
  path: Assets/01. Scenes
  artifactKey: Guid(b7bd66d50f0d4a44d822edd7a55dad03) Importer(815301076,1909f56bfc062723c751e8b465ee728b)
Start importing Assets/01. Scenes using Guid(b7bd66d50f0d4a44d822edd7a55dad03) Importer(815301076,1909f56bfc062723c751e8b465ee728b)  -> (artifact id: '163f7ac36f3b66dfce0f5c69d09429bd') in 0.014029 seconds
  Import took 0.018411 seconds .

========================================================================
Received Prepare
Registering precompiled user dll's ...
Registered in 0.008915 seconds.
Begin MonoManager ReloadAssembly
Native extension for WindowsStandalone target not found
Refreshing native plugins compatible for Editor in 0.36 ms, found 2 plugins.
Preloading 0 native plugins for Editor in 0.00 ms.
Mono: successfully reloaded assembly
- Completed reload, in  1.151 seconds
Platform modules already initialized, skipping
Refreshing native plugins compatible for Editor in 0.33 ms, found 2 plugins.
Preloading 0 native plugins for Editor in 0.00 ms.
Unloading 1390 Unused Serialized files (Serialized files now loaded: 0)
System memory in use before: 69.5 MB.
System memory in use after: 69.6 MB.

Unloading 14 unused Assets to reduce memory usage. Loaded Objects now: 1837.
Total: 1.881400 ms (FindLiveObjects: 0.143800 ms CreateObjectMapping: 0.046700 ms MarkObjects: 1.638200 ms  DeleteObjects: 0.051800 ms)

========================================================================
Received Import Request.
  Time since last request: 173.215775 seconds.
  path: Assets/01. Scenes/Menu.unity
  artifactKey: Guid(f3baa06965c79b74ca5238ffe38da629) Importer(815301076,1909f56bfc062723c751e8b465ee728b)
Start importing Assets/01. Scenes/Menu.unity using Guid(f3baa06965c79b74ca5238ffe38da629) Importer(815301076,1909f56bfc062723c751e8b465ee728b)  -> (artifact id: 'ef8c79866607e296ec4e3ea04f6e1450') in 0.023941 seconds
  Import took 0.026766 seconds .

========================================================================
Received Prepare
Registering precompiled user dll's ...
Registered in 0.009498 seconds.
Begin MonoManager ReloadAssembly
Native extension for WindowsStandalone target not found
Refreshing native plugins compatible for Editor in 0.35 ms, found 2 plugins.
Preloading 0 native plugins for Editor in 0.00 ms.
Mono: successfully reloaded assembly
- Completed reload, in  1.341 seconds
Platform modules already initialized, skipping
Refreshing native plugins compatible for Editor in 0.32 ms, found 2 plugins.
Preloading 0 native plugins for Editor in 0.00 ms.
Unloading 1390 Unused Serialized files (Serialized files now loaded: 0)
System memory in use before: 69.5 MB.
System memory in use after: 69.6 MB.

Unloading 14 unused Assets to reduce memory usage. Loaded Objects now: 1840.
Total: 1.929100 ms (FindLiveObjects: 0.136400 ms CreateObjectMapping: 0.044800 ms MarkObjects: 1.682000 ms  DeleteObjects: 0.064800 ms)

========================================================================
Received Import Request.
  Time since last request: 17.577967 seconds.
  path: Assets/02. Scripts/MainMenuScene/MainMenu.cs
  artifactKey: Guid(2d53d43826eeb0c41983221d922d88b0) Importer(815301076,1909f56bfc062723c751e8b465ee728b)
Start importing Assets/02. Scripts/MainMenuScene/MainMenu.cs using Guid(2d53d43826eeb0c41983221d922d88b0) Importer(815301076,1909f56bfc062723c751e8b465ee728b)  -> (artifact id: '2077aa68221e61ea82e15125eac9cc0b') in 0.052445 seconds
  Import took 0.055636 seconds .

========================================================================
Received Prepare
Registering precompiled user dll's ...
Registered in 0.008552 seconds.
Begin MonoManager ReloadAssembly
Native extension for WindowsStandalone target not found
Refreshing native plugins compatible for Editor in 0.41 ms, found 2 plugins.
Preloading 0 native plugins for Editor in 0.00 ms.
Mono: successfully reloaded assembly
- Completed reload, in  1.187 seconds
Platform modules already initialized, skipping
Refreshing native plugins compatible for Editor in 0.31 ms, found 2 plugins.
Preloading 0 native plugins for Editor in 0.00 ms.
Unloading 1390 Unused Serialized files (Serialized files now loaded: 0)
System memory in use before: 69.6 MB.
System memory in use after: 69.6 MB.

Unloading 14 unused Assets to reduce memory usage. Loaded Objects now: 1843.
Total: 1.862400 ms (FindLiveObjects: 0.143900 ms CreateObjectMapping: 0.045600 ms MarkObjects: 1.515900 ms  DeleteObjects: 0.155900 ms)

========================================================================
Received Prepare
Registering precompiled user dll's ...
Registered in 0.010163 seconds.
Begin MonoManager ReloadAssembly
Native extension for WindowsStandalone target not found
Refreshing native plugins compatible for Editor in 0.44 ms, found 2 plugins.
Preloading 0 native plugins for Editor in 0.00 ms.
Mono: successfully reloaded assembly
- Completed reload, in  1.301 seconds
Platform modules already initialized, skipping
Refreshing native plugins compatible for Editor in 0.34 ms, found 2 plugins.
Preloading 0 native plugins for Editor in 0.00 ms.
Unloading 1390 Unused Serialized files (Serialized files now loaded: 0)
System memory in use before: 69.6 MB.
System memory in use after: 69.7 MB.

Unloading 14 unused Assets to reduce memory usage. Loaded Objects now: 1846.
Total: 1.732500 ms (FindLiveObjects: 0.127900 ms CreateObjectMapping: 0.038400 ms MarkObjects: 1.518700 ms  DeleteObjects: 0.046100 ms)

========================================================================
Received Import Request.
  Time since last request: 3038.258108 seconds.
  path: Assets/01. Scenes/Stage.unity
  artifactKey: Guid(9fc0d4010bbf28b4594072e72b8655ab) Importer(815301076,1909f56bfc062723c751e8b465ee728b)
Start importing Assets/01. Scenes/Stage.unity using Guid(9fc0d4010bbf28b4594072e72b8655ab) Importer(815301076,1909f56bfc062723c751e8b465ee728b)  -> (artifact id: '76451ad52e3dc522be88c66a3632c7d3') in 0.027674 seconds
  Import took 0.032278 seconds .

========================================================================
Received Import Request.
  Time since last request: 28.840357 seconds.
  path: Assets/01. Scenes/Menu.unity
  artifactKey: Guid(f3baa06965c79b74ca5238ffe38da629) Importer(815301076,1909f56bfc062723c751e8b465ee728b)
Start importing Assets/01. Scenes/Menu.unity using Guid(f3baa06965c79b74ca5238ffe38da629) Importer(815301076,1909f56bfc062723c751e8b465ee728b)  -> (artifact id: '705f22601effccd8a0f4c5ed3895c985') in 0.015704 seconds
  Import took 0.020609 seconds .

========================================================================
Received Prepare
Registering precompiled user dll's ...
Registered in 0.010183 seconds.
Begin MonoManager ReloadAssembly
Native extension for WindowsStandalone target not found
Refreshing native plugins compatible for Editor in 0.31 ms, found 2 plugins.
Preloading 0 native plugins for Editor in 0.00 ms.
Mono: successfully reloaded assembly
- Completed reload, in  1.084 seconds
Platform modules already initialized, skipping
Refreshing native plugins compatible for Editor in 0.32 ms, found 2 plugins.
Preloading 0 native plugins for Editor in 0.00 ms.
Unloading 1390 Unused Serialized files (Serialized files now loaded: 0)
System memory in use before: 69.6 MB.
System memory in use after: 69.7 MB.

Unloading 14 unused Assets to reduce memory usage. Loaded Objects now: 1849.
Total: 1.954900 ms (FindLiveObjects: 0.118800 ms CreateObjectMapping: 0.036600 ms MarkObjects: 1.732500 ms  DeleteObjects: 0.066200 ms)

========================================================================
Received Prepare
Registering precompiled user dll's ...
Registered in 0.011296 seconds.
Begin MonoManager ReloadAssembly
Native extension for WindowsStandalone target not found
Refreshing native plugins compatible for Editor in 0.36 ms, found 2 plugins.
Preloading 0 native plugins for Editor in 0.00 ms.
Mono: successfully reloaded assembly
- Completed reload, in  1.072 seconds
Platform modules already initialized, skipping
Refreshing native plugins compatible for Editor in 0.32 ms, found 2 plugins.
Preloading 0 native plugins for Editor in 0.00 ms.
Unloading 1390 Unused Serialized files (Serialized files now loaded: 0)
System memory in use before: 69.6 MB.
System memory in use after: 69.7 MB.

Unloading 14 unused Assets to reduce memory usage. Loaded Objects now: 1852.
Total: 1.754700 ms (FindLiveObjects: 0.128100 ms CreateObjectMapping: 0.042800 ms MarkObjects: 1.531000 ms  DeleteObjects: 0.051900 ms)

========================================================================
Received Prepare
Registering precompiled user dll's ...
Registered in 0.016050 seconds.
Begin MonoManager ReloadAssembly
Native extension for WindowsStandalone target not found
Refreshing native plugins compatible for Editor in 0.34 ms, found 2 plugins.
Preloading 0 native plugins for Editor in 0.00 ms.
Mono: successfully reloaded assembly
- Completed reload, in  1.100 seconds
Platform modules already initialized, skipping
Refreshing native plugins compatible for Editor in 0.35 ms, found 2 plugins.
Preloading 0 native plugins for Editor in 0.00 ms.
Unloading 1390 Unused Serialized files (Serialized files now loaded: 0)
System memory in use before: 69.6 MB.
System memory in use after: 69.7 MB.

Unloading 14 unused Assets to reduce memory usage. Loaded Objects now: 1855.
Total: 1.918100 ms (FindLiveObjects: 0.127400 ms CreateObjectMapping: 0.038700 ms MarkObjects: 1.699900 ms  DeleteObjects: 0.051200 ms)

========================================================================
Received Import Request.
  Time since last request: 15072.615184 seconds.
  path: Assets/01. Scenes/Stage.unity
  artifactKey: Guid(9fc0d4010bbf28b4594072e72b8655ab) Importer(815301076,1909f56bfc062723c751e8b465ee728b)
Start importing Assets/01. Scenes/Stage.unity using Guid(9fc0d4010bbf28b4594072e72b8655ab) Importer(815301076,1909f56bfc062723c751e8b465ee728b)  -> (artifact id: '80dfd1c110be2ae700f0953520bd6722') in 0.175425 seconds
  Import took 0.239868 seconds .

========================================================================
Received Import Request.
  Time since last request: 6.061025 seconds.
  path: Assets/02. Scripts/MonsterCtrl.cs
  artifactKey: Guid(d74bf30f124486848aa9e4a5ac28dfe3) Importer(815301076,1909f56bfc062723c751e8b465ee728b)
Start importing Assets/02. Scripts/MonsterCtrl.cs using Guid(d74bf30f124486848aa9e4a5ac28dfe3) Importer(815301076,1909f56bfc062723c751e8b465ee728b)  -> (artifact id: 'ca649279917557a2329b945a1bd9cfce') in 0.016955 seconds
  Import took 0.022416 seconds .

========================================================================
Received Import Request.
  Time since last request: 0.001345 seconds.
  path: Assets/02. Scripts/MonsterCtrl.cs
  artifactKey: Guid(d74bf30f124486848aa9e4a5ac28dfe3) Importer(815301076,1909f56bfc062723c751e8b465ee728b)
Start importing Assets/02. Scripts/MonsterCtrl.cs using Guid(d74bf30f124486848aa9e4a5ac28dfe3) Importer(815301076,1909f56bfc062723c751e8b465ee728b)  -> (artifact id: 'ca649279917557a2329b945a1bd9cfce') in 0.006658 seconds
  Import took 0.009576 seconds .

========================================================================
Received Import Request.
  Time since last request: 0.649505 seconds.
  path: Assets/02. Scripts/PlayerCtrl.cs
  artifactKey: Guid(b5bda398437af6c4a893bcefbe9b8c17) Importer(815301076,1909f56bfc062723c751e8b465ee728b)
Start importing Assets/02. Scripts/PlayerCtrl.cs using Guid(b5bda398437af6c4a893bcefbe9b8c17) Importer(815301076,1909f56bfc062723c751e8b465ee728b)  -> (artifact id: '96f35d931c81d059c7cc8c3739b5be9f') in 0.016695 seconds
  Import took 0.021676 seconds .

========================================================================
Received Import Request.
  Time since last request: 0.001744 seconds.
  path: Assets/02. Scripts/PlayerCtrl.cs
  artifactKey: Guid(b5bda398437af6c4a893bcefbe9b8c17) Importer(815301076,1909f56bfc062723c751e8b465ee728b)
Start importing Assets/02. Scripts/PlayerCtrl.cs using Guid(b5bda398437af6c4a893bcefbe9b8c17) Importer(815301076,1909f56bfc062723c751e8b465ee728b)  -> (artifact id: '96f35d931c81d059c7cc8c3739b5be9f') in 0.010713 seconds
  Import took 0.014943 seconds .

========================================================================
Received Import Request.
  Time since last request: 43.495534 seconds.
  path: ProjectSettings/TagManager.asset
  artifactKey: Guid(00000000000000003000000000000000) Importer(815301076,1909f56bfc062723c751e8b465ee728b)
Start importing ProjectSettings/TagManager.asset using Guid(00000000000000003000000000000000) Importer(815301076,1909f56bfc062723c751e8b465ee728b)  -> (artifact id: '188307efa6ebea739bc01525e79b23e0') in 0.046349 seconds
  Import took 0.049859 seconds .

